running egg_info
writing ../../build/inverse_kinematics/inverse_kinematics.egg-info/PKG-INFO
writing dependency_links to ../../build/inverse_kinematics/inverse_kinematics.egg-info/dependency_links.txt
writing entry points to ../../build/inverse_kinematics/inverse_kinematics.egg-info/entry_points.txt
writing requirements to ../../build/inverse_kinematics/inverse_kinematics.egg-info/requires.txt
writing top-level names to ../../build/inverse_kinematics/inverse_kinematics.egg-info/top_level.txt
reading manifest file '../../build/inverse_kinematics/inverse_kinematics.egg-info/SOURCES.txt'
adding license file 'LICENSE'
writing manifest file '../../build/inverse_kinematics/inverse_kinematics.egg-info/SOURCES.txt'
running build
running build_py
running install
running install_lib
running install_egg_info
removing '/home/parsa/ros2_urdf_ws/install/inverse_kinematics/lib/python3.10/site-packages/inverse_kinematics-0.0.1-py3.10.egg-info' (and everything under it)
Copying ../../build/inverse_kinematics/inverse_kinematics.egg-info to /home/parsa/ros2_urdf_ws/install/inverse_kinematics/lib/python3.10/site-packages/inverse_kinematics-0.0.1-py3.10.egg-info
running install_scripts
Installing command_publisher script to /home/parsa/ros2_urdf_ws/install/inverse_kinematics/lib/inverse_kinematics
Installing inverse_kinematics_node script to /home/parsa/ros2_urdf_ws/install/inverse_kinematics/lib/inverse_kinematics
Installing movement_node script to /home/parsa/ros2_urdf_ws/install/inverse_kinematics/lib/inverse_kinematics
writing list of installed files to '/home/parsa/ros2_urdf_ws/build/inverse_kinematics/install.log'
