[0.383s] Invoking command in '/home/parsa/ros2_urdf_ws/build/my_robot_description': CMAKE_PREFIX_PATH=${CMAKE_PREFIX_PATH}:/opt/ros/humble /usr/bin/cmake --build /home/parsa/ros2_urdf_ws/build/my_robot_description -- -j3 -l3
[1.530s] Invoked command in '/home/parsa/ros2_urdf_ws/build/my_robot_description' returned '0': CMAKE_PREFIX_PATH=${CMAKE_PREFIX_PATH}:/opt/ros/humble /usr/bin/cmake --build /home/parsa/ros2_urdf_ws/build/my_robot_description -- -j3 -l3
[1.646s] Invoking command in '/home/parsa/ros2_urdf_ws/build/my_robot_description': CMAKE_PREFIX_PATH=${CMAKE_PREFIX_PATH}:/opt/ros/humble /usr/bin/cmake --install /home/parsa/ros2_urdf_ws/build/my_robot_description
[1.692s] -- Install configuration: ""
[1.753s] -- Up-to-date: /home/parsa/ros2_urdf_ws/install/my_robot_description/share/my_robot_description//urdf
[1.756s] -- Installing: /home/parsa/ros2_urdf_ws/install/my_robot_description/share/my_robot_description//urdf/my_robot.urdf.xacro
[1.756s] -- Up-to-date: /home/parsa/ros2_urdf_ws/install/my_robot_description/share/my_robot_description//launch
[1.780s] -- Installing: /home/parsa/ros2_urdf_ws/install/my_robot_description/share/my_robot_description//launch/display.launch.xml
[1.783s] -- Installing: /home/parsa/ros2_urdf_ws/install/my_robot_description/share/my_robot_description//launch/display.launch.py
[1.783s] -- Up-to-date: /home/parsa/ros2_urdf_ws/install/my_robot_description/share/my_robot_description//rviz
[1.803s] -- Up-to-date: /home/parsa/ros2_urdf_ws/install/my_robot_description/share/my_robot_description//rviz/urdf.rviz
[1.803s] -- Up-to-date: /home/parsa/ros2_urdf_ws/install/my_robot_description/share/ament_index/resource_index/package_run_dependencies/my_robot_description
[1.860s] -- Up-to-date: /home/parsa/ros2_urdf_ws/install/my_robot_description/share/ament_index/resource_index/parent_prefix_path/my_robot_description
[1.862s] -- Up-to-date: /home/parsa/ros2_urdf_ws/install/my_robot_description/share/my_robot_description/environment/ament_prefix_path.sh
[1.862s] -- Up-to-date: /home/parsa/ros2_urdf_ws/install/my_robot_description/share/my_robot_description/environment/ament_prefix_path.dsv
[1.862s] -- Up-to-date: /home/parsa/ros2_urdf_ws/install/my_robot_description/share/my_robot_description/environment/path.sh
[1.863s] -- Up-to-date: /home/parsa/ros2_urdf_ws/install/my_robot_description/share/my_robot_description/environment/path.dsv
[1.863s] -- Up-to-date: /home/parsa/ros2_urdf_ws/install/my_robot_description/share/my_robot_description/local_setup.bash
[1.863s] -- Up-to-date: /home/parsa/ros2_urdf_ws/install/my_robot_description/share/my_robot_description/local_setup.sh
[1.863s] -- Up-to-date: /home/parsa/ros2_urdf_ws/install/my_robot_description/share/my_robot_description/local_setup.zsh
[1.863s] -- Up-to-date: /home/parsa/ros2_urdf_ws/install/my_robot_description/share/my_robot_description/local_setup.dsv
[1.863s] -- Installing: /home/parsa/ros2_urdf_ws/install/my_robot_description/share/my_robot_description/package.dsv
[1.892s] -- Up-to-date: /home/parsa/ros2_urdf_ws/install/my_robot_description/share/ament_index/resource_index/packages/my_robot_description
[1.893s] -- Up-to-date: /home/parsa/ros2_urdf_ws/install/my_robot_description/share/my_robot_description/cmake/my_robot_descriptionConfig.cmake
[1.893s] -- Up-to-date: /home/parsa/ros2_urdf_ws/install/my_robot_description/share/my_robot_description/cmake/my_robot_descriptionConfig-version.cmake
[1.893s] -- Up-to-date: /home/parsa/ros2_urdf_ws/install/my_robot_description/share/my_robot_description/package.xml
[1.920s] Invoked command in '/home/parsa/ros2_urdf_ws/build/my_robot_description' returned '0': CMAKE_PREFIX_PATH=${CMAKE_PREFIX_PATH}:/opt/ros/humble /usr/bin/cmake --install /home/parsa/ros2_urdf_ws/build/my_robot_description
