[10.714s] DEBUG:colcon:Command line arguments: ['/usr/bin/colcon', 'build']
[10.714s] DEBUG:colcon:Parsed command line arguments: Namespace(log_base=None, log_level=None, verb_name='build', build_base='build', install_base='install', merge_install=False, symlink_install=False, test_result_base=None, continue_on_error=False, executor='parallel', parallel_workers=3, event_handlers=None, ignore_user_meta=False, metas=['./colcon.meta'], base_paths=['.'], packages_ignore=None, packages_ignore_regex=None, paths=None, packages_up_to=None, packages_up_to_regex=None, packages_above=None, packages_above_and_dependencies=None, packages_above_depth=None, packages_select_by_dep=None, packages_skip_by_dep=None, packages_skip_up_to=None, packages_select_build_failed=False, packages_skip_build_finished=False, packages_select_test_failures=False, packages_skip_test_passed=False, packages_select=None, packages_skip=None, packages_select_regex=None, packages_skip_regex=None, packages_start=None, packages_end=None, allow_overriding=[], cmake_args=None, cmake_target=None, cmake_target_skip_unavailable=False, cmake_clean_cache=False, cmake_clean_first=False, cmake_force_configure=False, ament_cmake_args=None, catkin_cmake_args=None, catkin_skip_building_tests=False, mixin_files=None, mixin=None, verb_parser=<colcon_mixin.mixin.mixin_argument.MixinArgumentDecorator object at 0x7ebc833433d0>, verb_extension=<colcon_core.verb.build.BuildVerb object at 0x7ebc83342d40>, main=<bound method BuildVerb.main of <colcon_core.verb.build.BuildVerb object at 0x7ebc83342d40>>, mixin_verb=('build',))
[16.353s] Level 1:colcon.colcon_core.package_discovery:discover_packages(colcon_meta) check parameters
[16.353s] Level 1:colcon.colcon_core.package_discovery:discover_packages(recursive) check parameters
[16.353s] Level 1:colcon.colcon_core.package_discovery:discover_packages(ignore) check parameters
[16.353s] Level 1:colcon.colcon_core.package_discovery:discover_packages(path) check parameters
[16.353s] Level 1:colcon.colcon_core.package_discovery:discover_packages(colcon_meta) discover
[16.353s] Level 1:colcon.colcon_core.package_discovery:discover_packages(recursive) discover
[16.353s] INFO:colcon.colcon_core.package_discovery:Crawling recursively for packages in '/home/parsa/ros2_urdf_ws'
[16.354s] Level 1:colcon.colcon_core.package_identification:_identify(.) by extensions ['ignore', 'ignore_ament_install']
[16.354s] Level 1:colcon.colcon_core.package_identification:_identify(.) by extension 'ignore'
[16.354s] Level 1:colcon.colcon_core.package_identification:_identify(.) by extension 'ignore_ament_install'
[16.354s] Level 1:colcon.colcon_core.package_identification:_identify(.) by extensions ['colcon_pkg']
[16.354s] Level 1:colcon.colcon_core.package_identification:_identify(.) by extension 'colcon_pkg'
[16.354s] Level 1:colcon.colcon_core.package_identification:_identify(.) by extensions ['colcon_meta']
[16.354s] Level 1:colcon.colcon_core.package_identification:_identify(.) by extension 'colcon_meta'
[16.354s] Level 1:colcon.colcon_core.package_identification:_identify(.) by extensions ['ros']
[16.354s] Level 1:colcon.colcon_core.package_identification:_identify(.) by extension 'ros'
[16.447s] Level 1:colcon.colcon_core.package_identification:_identify(.) by extensions ['cmake', 'python']
[16.447s] Level 1:colcon.colcon_core.package_identification:_identify(.) by extension 'cmake'
[16.447s] Level 1:colcon.colcon_core.package_identification:_identify(.) by extension 'python'
[16.447s] Level 1:colcon.colcon_core.package_identification:_identify(.) by extensions ['python_setup_py']
[16.447s] Level 1:colcon.colcon_core.package_identification:_identify(.) by extension 'python_setup_py'
[16.447s] Level 1:colcon.colcon_core.package_identification:_identify(build) by extensions ['ignore', 'ignore_ament_install']
[16.447s] Level 1:colcon.colcon_core.package_identification:_identify(build) by extension 'ignore'
[16.447s] Level 1:colcon.colcon_core.package_identification:_identify(build) ignored
[16.448s] Level 1:colcon.colcon_core.package_identification:_identify(install) by extensions ['ignore', 'ignore_ament_install']
[16.448s] Level 1:colcon.colcon_core.package_identification:_identify(install) by extension 'ignore'
[16.448s] Level 1:colcon.colcon_core.package_identification:_identify(install) ignored
[16.448s] Level 1:colcon.colcon_core.package_identification:_identify(log) by extensions ['ignore', 'ignore_ament_install']
[16.448s] Level 1:colcon.colcon_core.package_identification:_identify(log) by extension 'ignore'
[16.448s] Level 1:colcon.colcon_core.package_identification:_identify(log) ignored
[16.448s] Level 1:colcon.colcon_core.package_identification:_identify(src) by extensions ['ignore', 'ignore_ament_install']
[16.448s] Level 1:colcon.colcon_core.package_identification:_identify(src) by extension 'ignore'
[16.449s] Level 1:colcon.colcon_core.package_identification:_identify(src) by extension 'ignore_ament_install'
[16.449s] Level 1:colcon.colcon_core.package_identification:_identify(src) by extensions ['colcon_pkg']
[16.449s] Level 1:colcon.colcon_core.package_identification:_identify(src) by extension 'colcon_pkg'
[16.449s] Level 1:colcon.colcon_core.package_identification:_identify(src) by extensions ['colcon_meta']
[16.449s] Level 1:colcon.colcon_core.package_identification:_identify(src) by extension 'colcon_meta'
[16.449s] Level 1:colcon.colcon_core.package_identification:_identify(src) by extensions ['ros']
[16.449s] Level 1:colcon.colcon_core.package_identification:_identify(src) by extension 'ros'
[16.449s] Level 1:colcon.colcon_core.package_identification:_identify(src) by extensions ['cmake', 'python']
[16.449s] Level 1:colcon.colcon_core.package_identification:_identify(src) by extension 'cmake'
[16.449s] Level 1:colcon.colcon_core.package_identification:_identify(src) by extension 'python'
[16.449s] Level 1:colcon.colcon_core.package_identification:_identify(src) by extensions ['python_setup_py']
[16.449s] Level 1:colcon.colcon_core.package_identification:_identify(src) by extension 'python_setup_py'
[16.449s] Level 1:colcon.colcon_core.package_identification:_identify(src/inverse_kinematics) by extensions ['ignore', 'ignore_ament_install']
[16.449s] Level 1:colcon.colcon_core.package_identification:_identify(src/inverse_kinematics) by extension 'ignore'
[16.450s] Level 1:colcon.colcon_core.package_identification:_identify(src/inverse_kinematics) by extension 'ignore_ament_install'
[16.450s] Level 1:colcon.colcon_core.package_identification:_identify(src/inverse_kinematics) by extensions ['colcon_pkg']
[16.450s] Level 1:colcon.colcon_core.package_identification:_identify(src/inverse_kinematics) by extension 'colcon_pkg'
[16.450s] Level 1:colcon.colcon_core.package_identification:_identify(src/inverse_kinematics) by extensions ['colcon_meta']
[16.450s] Level 1:colcon.colcon_core.package_identification:_identify(src/inverse_kinematics) by extension 'colcon_meta'
[16.450s] Level 1:colcon.colcon_core.package_identification:_identify(src/inverse_kinematics) by extensions ['ros']
[16.450s] Level 1:colcon.colcon_core.package_identification:_identify(src/inverse_kinematics) by extension 'ros'
[16.557s] DEBUG:colcon.colcon_core.package_identification:Package 'src/inverse_kinematics' with type 'ros.ament_python' and name 'inverse_kinematics'
[16.579s] Level 1:colcon.colcon_core.package_identification:_identify(src/my_robot_bringup) by extensions ['ignore', 'ignore_ament_install']
[16.579s] Level 1:colcon.colcon_core.package_identification:_identify(src/my_robot_bringup) by extension 'ignore'
[16.579s] Level 1:colcon.colcon_core.package_identification:_identify(src/my_robot_bringup) by extension 'ignore_ament_install'
[16.579s] Level 1:colcon.colcon_core.package_identification:_identify(src/my_robot_bringup) by extensions ['colcon_pkg']
[16.579s] Level 1:colcon.colcon_core.package_identification:_identify(src/my_robot_bringup) by extension 'colcon_pkg'
[16.580s] Level 1:colcon.colcon_core.package_identification:_identify(src/my_robot_bringup) by extensions ['colcon_meta']
[16.580s] Level 1:colcon.colcon_core.package_identification:_identify(src/my_robot_bringup) by extension 'colcon_meta'
[16.580s] Level 1:colcon.colcon_core.package_identification:_identify(src/my_robot_bringup) by extensions ['ros']
[16.580s] Level 1:colcon.colcon_core.package_identification:_identify(src/my_robot_bringup) by extension 'ros'
[16.597s] DEBUG:colcon.colcon_core.package_identification:Package 'src/my_robot_bringup' with type 'ros.ament_cmake' and name 'my_robot_bringup'
[16.597s] Level 1:colcon.colcon_core.package_identification:_identify(src/my_robot_description) by extensions ['ignore', 'ignore_ament_install']
[16.597s] Level 1:colcon.colcon_core.package_identification:_identify(src/my_robot_description) by extension 'ignore'
[16.597s] Level 1:colcon.colcon_core.package_identification:_identify(src/my_robot_description) by extension 'ignore_ament_install'
[16.598s] Level 1:colcon.colcon_core.package_identification:_identify(src/my_robot_description) by extensions ['colcon_pkg']
[16.598s] Level 1:colcon.colcon_core.package_identification:_identify(src/my_robot_description) by extension 'colcon_pkg'
[16.598s] Level 1:colcon.colcon_core.package_identification:_identify(src/my_robot_description) by extensions ['colcon_meta']
[16.598s] Level 1:colcon.colcon_core.package_identification:_identify(src/my_robot_description) by extension 'colcon_meta'
[16.598s] Level 1:colcon.colcon_core.package_identification:_identify(src/my_robot_description) by extensions ['ros']
[16.598s] Level 1:colcon.colcon_core.package_identification:_identify(src/my_robot_description) by extension 'ros'
[16.612s] DEBUG:colcon.colcon_core.package_identification:Package 'src/my_robot_description' with type 'ros.ament_cmake' and name 'my_robot_description'
[16.613s] Level 1:colcon.colcon_core.package_discovery:discover_packages(recursive) using defaults
[16.613s] Level 1:colcon.colcon_core.package_discovery:discover_packages(ignore) discover
[16.613s] Level 1:colcon.colcon_core.package_discovery:discover_packages(ignore) using defaults
[16.613s] Level 1:colcon.colcon_core.package_discovery:discover_packages(path) discover
[16.613s] Level 1:colcon.colcon_core.package_discovery:discover_packages(path) using defaults
[16.982s] Level 1:colcon.colcon_core.package_discovery:discover_packages(prefix_path) check parameters
[16.983s] Level 1:colcon.colcon_core.package_discovery:discover_packages(prefix_path) discover
[17.003s] DEBUG:colcon.colcon_installed_package_information.package_discovery:Found 3 installed packages in /home/parsa/ros2_urdf_ws/install
[17.005s] DEBUG:colcon.colcon_installed_package_information.package_discovery:Found 3 installed packages in //home/parsa/ros2_urdf_ws/install
[17.008s] DEBUG:colcon.colcon_installed_package_information.package_discovery:Found 343 installed packages in /opt/ros/humble
[17.032s] Level 1:colcon.colcon_core.package_discovery:discover_packages(prefix_path) using defaults
[17.349s] Level 5:colcon.colcon_core.verb:set package 'inverse_kinematics' build argument 'cmake_args' from command line to 'None'
[17.349s] Level 5:colcon.colcon_core.verb:set package 'inverse_kinematics' build argument 'cmake_target' from command line to 'None'
[17.349s] Level 5:colcon.colcon_core.verb:set package 'inverse_kinematics' build argument 'cmake_target_skip_unavailable' from command line to 'False'
[17.349s] Level 5:colcon.colcon_core.verb:set package 'inverse_kinematics' build argument 'cmake_clean_cache' from command line to 'False'
[17.349s] Level 5:colcon.colcon_core.verb:set package 'inverse_kinematics' build argument 'cmake_clean_first' from command line to 'False'
[17.349s] Level 5:colcon.colcon_core.verb:set package 'inverse_kinematics' build argument 'cmake_force_configure' from command line to 'False'
[17.350s] Level 5:colcon.colcon_core.verb:set package 'inverse_kinematics' build argument 'ament_cmake_args' from command line to 'None'
[17.350s] Level 5:colcon.colcon_core.verb:set package 'inverse_kinematics' build argument 'catkin_cmake_args' from command line to 'None'
[17.350s] Level 5:colcon.colcon_core.verb:set package 'inverse_kinematics' build argument 'catkin_skip_building_tests' from command line to 'False'
[17.350s] DEBUG:colcon.colcon_core.verb:Building package 'inverse_kinematics' with the following arguments: {'ament_cmake_args': None, 'build_base': '/home/parsa/ros2_urdf_ws/build/inverse_kinematics', 'catkin_cmake_args': None, 'catkin_skip_building_tests': False, 'cmake_args': None, 'cmake_clean_cache': False, 'cmake_clean_first': False, 'cmake_force_configure': False, 'cmake_target': None, 'cmake_target_skip_unavailable': False, 'install_base': '/home/parsa/ros2_urdf_ws/install/inverse_kinematics', 'merge_install': False, 'path': '/home/parsa/ros2_urdf_ws/src/inverse_kinematics', 'symlink_install': False, 'test_result_base': None}
[17.351s] Level 5:colcon.colcon_core.verb:set package 'my_robot_description' build argument 'cmake_args' from command line to 'None'
[17.351s] Level 5:colcon.colcon_core.verb:set package 'my_robot_description' build argument 'cmake_target' from command line to 'None'
[17.351s] Level 5:colcon.colcon_core.verb:set package 'my_robot_description' build argument 'cmake_target_skip_unavailable' from command line to 'False'
[17.351s] Level 5:colcon.colcon_core.verb:set package 'my_robot_description' build argument 'cmake_clean_cache' from command line to 'False'
[17.352s] Level 5:colcon.colcon_core.verb:set package 'my_robot_description' build argument 'cmake_clean_first' from command line to 'False'
[17.352s] Level 5:colcon.colcon_core.verb:set package 'my_robot_description' build argument 'cmake_force_configure' from command line to 'False'
[17.352s] Level 5:colcon.colcon_core.verb:set package 'my_robot_description' build argument 'ament_cmake_args' from command line to 'None'
[17.352s] Level 5:colcon.colcon_core.verb:set package 'my_robot_description' build argument 'catkin_cmake_args' from command line to 'None'
[17.352s] Level 5:colcon.colcon_core.verb:set package 'my_robot_description' build argument 'catkin_skip_building_tests' from command line to 'False'
[17.352s] DEBUG:colcon.colcon_core.verb:Building package 'my_robot_description' with the following arguments: {'ament_cmake_args': None, 'build_base': '/home/parsa/ros2_urdf_ws/build/my_robot_description', 'catkin_cmake_args': None, 'catkin_skip_building_tests': False, 'cmake_args': None, 'cmake_clean_cache': False, 'cmake_clean_first': False, 'cmake_force_configure': False, 'cmake_target': None, 'cmake_target_skip_unavailable': False, 'install_base': '/home/parsa/ros2_urdf_ws/install/my_robot_description', 'merge_install': False, 'path': '/home/parsa/ros2_urdf_ws/src/my_robot_description', 'symlink_install': False, 'test_result_base': None}
[17.353s] Level 5:colcon.colcon_core.verb:set package 'my_robot_bringup' build argument 'cmake_args' from command line to 'None'
[17.353s] Level 5:colcon.colcon_core.verb:set package 'my_robot_bringup' build argument 'cmake_target' from command line to 'None'
[17.353s] Level 5:colcon.colcon_core.verb:set package 'my_robot_bringup' build argument 'cmake_target_skip_unavailable' from command line to 'False'
[17.353s] Level 5:colcon.colcon_core.verb:set package 'my_robot_bringup' build argument 'cmake_clean_cache' from command line to 'False'
[17.353s] Level 5:colcon.colcon_core.verb:set package 'my_robot_bringup' build argument 'cmake_clean_first' from command line to 'False'
[17.353s] Level 5:colcon.colcon_core.verb:set package 'my_robot_bringup' build argument 'cmake_force_configure' from command line to 'False'
[17.353s] Level 5:colcon.colcon_core.verb:set package 'my_robot_bringup' build argument 'ament_cmake_args' from command line to 'None'
[17.353s] Level 5:colcon.colcon_core.verb:set package 'my_robot_bringup' build argument 'catkin_cmake_args' from command line to 'None'
[17.353s] Level 5:colcon.colcon_core.verb:set package 'my_robot_bringup' build argument 'catkin_skip_building_tests' from command line to 'False'
[17.353s] DEBUG:colcon.colcon_core.verb:Building package 'my_robot_bringup' with the following arguments: {'ament_cmake_args': None, 'build_base': '/home/parsa/ros2_urdf_ws/build/my_robot_bringup', 'catkin_cmake_args': None, 'catkin_skip_building_tests': False, 'cmake_args': None, 'cmake_clean_cache': False, 'cmake_clean_first': False, 'cmake_force_configure': False, 'cmake_target': None, 'cmake_target_skip_unavailable': False, 'install_base': '/home/parsa/ros2_urdf_ws/install/my_robot_bringup', 'merge_install': False, 'path': '/home/parsa/ros2_urdf_ws/src/my_robot_bringup', 'symlink_install': False, 'test_result_base': None}
[17.353s] INFO:colcon.colcon_core.executor:Executing jobs using 'parallel' executor
[17.355s] DEBUG:colcon.colcon_parallel_executor.executor.parallel:run_until_complete
[17.355s] INFO:colcon.colcon_ros.task.ament_cmake.build:Building ROS package in '/home/parsa/ros2_urdf_ws/src/my_robot_description' with build type 'ament_cmake'
[17.355s] INFO:colcon.colcon_cmake.task.cmake.build:Building CMake package in '/home/parsa/ros2_urdf_ws/src/my_robot_description'
[17.402s] INFO:colcon.colcon_core.plugin_system:Skipping extension 'colcon_core.shell.bat': Not used on non-Windows systems
[17.403s] INFO:colcon.colcon_core.shell:Skip shell extension 'powershell' for command environment: Not usable outside of PowerShell
[17.403s] DEBUG:colcon.colcon_core.shell:Skip shell extension 'dsv' for command environment
[17.425s] INFO:colcon.colcon_ros.task.ament_python.build:Building ROS package in '/home/parsa/ros2_urdf_ws/src/inverse_kinematics' with build type 'ament_python'
[17.426s] Level 1:colcon.colcon_core.shell:create_environment_hook('inverse_kinematics', 'ament_prefix_path')
[17.426s] INFO:colcon.colcon_core.shell:Creating environment hook '/home/parsa/ros2_urdf_ws/install/inverse_kinematics/share/inverse_kinematics/hook/ament_prefix_path.ps1'
[17.428s] INFO:colcon.colcon_core.shell:Creating environment descriptor '/home/parsa/ros2_urdf_ws/install/inverse_kinematics/share/inverse_kinematics/hook/ament_prefix_path.dsv'
[17.429s] INFO:colcon.colcon_core.shell:Creating environment hook '/home/parsa/ros2_urdf_ws/install/inverse_kinematics/share/inverse_kinematics/hook/ament_prefix_path.sh'
[17.431s] INFO:colcon.colcon_core.shell:Skip shell extension 'powershell' for command environment: Not usable outside of PowerShell
[17.431s] DEBUG:colcon.colcon_core.shell:Skip shell extension 'dsv' for command environment
[17.490s] DEBUG:colcon.colcon_core.event_handler.log_command:Invoking command in '/home/parsa/ros2_urdf_ws/build/my_robot_description': CMAKE_PREFIX_PATH=${CMAKE_PREFIX_PATH}:/home/parsa/ros2_urdf_ws/install/inverse_kinematics://home/parsa/ros2_urdf_ws/install/inverse_kinematics:/opt/ros/humble /usr/bin/cmake --build /home/parsa/ros2_urdf_ws/build/my_robot_description -- -j3 -l3
[18.103s] WARNING:colcon.colcon_ros.task.ament_python.build:Package 'inverse_kinematics' doesn't explicitly install a marker in the package index (colcon-ros currently does it implicitly but that fallback will be removed in the future)
[18.105s] WARNING:colcon.colcon_ros.task.ament_python.build:Package 'inverse_kinematics' doesn't explicitly install the 'package.xml' file (colcon-ros currently does it implicitly but that fallback will be removed in the future)
[18.105s] INFO:colcon.colcon_core.task.python.build:Building Python package in '/home/parsa/ros2_urdf_ws/src/inverse_kinematics'
[18.106s] INFO:colcon.colcon_core.shell:Skip shell extension 'powershell' for command environment: Not usable outside of PowerShell
[18.106s] DEBUG:colcon.colcon_core.shell:Skip shell extension 'dsv' for command environment
[18.155s] DEBUG:colcon.colcon_core.event_handler.log_command:Invoked command in '/home/parsa/ros2_urdf_ws/build/my_robot_description' returned '0': CMAKE_PREFIX_PATH=${CMAKE_PREFIX_PATH}:/home/parsa/ros2_urdf_ws/install/inverse_kinematics://home/parsa/ros2_urdf_ws/install/inverse_kinematics:/opt/ros/humble /usr/bin/cmake --build /home/parsa/ros2_urdf_ws/build/my_robot_description -- -j3 -l3
[18.217s] DEBUG:colcon.colcon_core.event_handler.log_command:Invoking command in '/home/parsa/ros2_urdf_ws/build/my_robot_description': CMAKE_PREFIX_PATH=${CMAKE_PREFIX_PATH}:/home/parsa/ros2_urdf_ws/install/inverse_kinematics://home/parsa/ros2_urdf_ws/install/inverse_kinematics:/opt/ros/humble /usr/bin/cmake --install /home/parsa/ros2_urdf_ws/build/my_robot_description
[18.460s] Level 1:colcon.colcon_core.environment:create_environment_scripts_only(my_robot_description)
[18.461s] DEBUG:colcon.colcon_core.event_handler.log_command:Invoked command in '/home/parsa/ros2_urdf_ws/build/my_robot_description' returned '0': CMAKE_PREFIX_PATH=${CMAKE_PREFIX_PATH}:/home/parsa/ros2_urdf_ws/install/inverse_kinematics://home/parsa/ros2_urdf_ws/install/inverse_kinematics:/opt/ros/humble /usr/bin/cmake --install /home/parsa/ros2_urdf_ws/build/my_robot_description
[18.522s] Level 1:colcon.colcon_core.environment:checking '/home/parsa/ros2_urdf_ws/install/my_robot_description' for CMake module files
[18.524s] Level 1:colcon.colcon_core.environment:checking '/home/parsa/ros2_urdf_ws/install/my_robot_description' for CMake config files
[18.525s] Level 1:colcon.colcon_core.shell:create_environment_hook('my_robot_description', 'cmake_prefix_path')
[18.526s] INFO:colcon.colcon_core.shell:Creating environment hook '/home/parsa/ros2_urdf_ws/install/my_robot_description/share/my_robot_description/hook/cmake_prefix_path.ps1'
[18.527s] INFO:colcon.colcon_core.shell:Creating environment descriptor '/home/parsa/ros2_urdf_ws/install/my_robot_description/share/my_robot_description/hook/cmake_prefix_path.dsv'
[18.528s] INFO:colcon.colcon_core.shell:Creating environment hook '/home/parsa/ros2_urdf_ws/install/my_robot_description/share/my_robot_description/hook/cmake_prefix_path.sh'
[18.530s] Level 1:colcon.colcon_core.environment:checking '/home/parsa/ros2_urdf_ws/install/my_robot_description/bin'
[18.530s] Level 1:colcon.colcon_core.environment:checking '/home/parsa/ros2_urdf_ws/install/my_robot_description/lib/pkgconfig/my_robot_description.pc'
[18.531s] Level 1:colcon.colcon_core.environment:checking '/home/parsa/ros2_urdf_ws/install/my_robot_description/lib/python3.10/site-packages'
[18.532s] Level 1:colcon.colcon_core.environment:checking '/home/parsa/ros2_urdf_ws/install/my_robot_description/bin'
[18.533s] INFO:colcon.colcon_core.shell:Creating package script '/home/parsa/ros2_urdf_ws/install/my_robot_description/share/my_robot_description/package.ps1'
[18.537s] INFO:colcon.colcon_core.shell:Creating package descriptor '/home/parsa/ros2_urdf_ws/install/my_robot_description/share/my_robot_description/package.dsv'
[18.539s] INFO:colcon.colcon_core.shell:Creating package script '/home/parsa/ros2_urdf_ws/install/my_robot_description/share/my_robot_description/package.sh'
[18.541s] INFO:colcon.colcon_core.shell:Creating package script '/home/parsa/ros2_urdf_ws/install/my_robot_description/share/my_robot_description/package.bash'
[18.544s] INFO:colcon.colcon_core.shell:Creating package script '/home/parsa/ros2_urdf_ws/install/my_robot_description/share/my_robot_description/package.zsh'
[18.564s] Level 1:colcon.colcon_core.environment:create_file_with_runtime_dependencies(/home/parsa/ros2_urdf_ws/install/my_robot_description/share/colcon-core/packages/my_robot_description)
[18.603s] Level 1:colcon.colcon_core.environment:create_environment_scripts_only(my_robot_description)
[18.603s] Level 1:colcon.colcon_core.environment:checking '/home/parsa/ros2_urdf_ws/install/my_robot_description' for CMake module files
[18.604s] Level 1:colcon.colcon_core.environment:checking '/home/parsa/ros2_urdf_ws/install/my_robot_description' for CMake config files
[18.605s] Level 1:colcon.colcon_core.shell:create_environment_hook('my_robot_description', 'cmake_prefix_path')
[18.605s] INFO:colcon.colcon_core.shell:Creating environment hook '/home/parsa/ros2_urdf_ws/install/my_robot_description/share/my_robot_description/hook/cmake_prefix_path.ps1'
[18.606s] INFO:colcon.colcon_core.shell:Creating environment descriptor '/home/parsa/ros2_urdf_ws/install/my_robot_description/share/my_robot_description/hook/cmake_prefix_path.dsv'
[18.607s] INFO:colcon.colcon_core.shell:Creating environment hook '/home/parsa/ros2_urdf_ws/install/my_robot_description/share/my_robot_description/hook/cmake_prefix_path.sh'
[18.608s] Level 1:colcon.colcon_core.environment:checking '/home/parsa/ros2_urdf_ws/install/my_robot_description/bin'
[18.608s] Level 1:colcon.colcon_core.environment:checking '/home/parsa/ros2_urdf_ws/install/my_robot_description/lib/pkgconfig/my_robot_description.pc'
[18.609s] Level 1:colcon.colcon_core.environment:checking '/home/parsa/ros2_urdf_ws/install/my_robot_description/lib/python3.10/site-packages'
[18.609s] Level 1:colcon.colcon_core.environment:checking '/home/parsa/ros2_urdf_ws/install/my_robot_description/bin'
[18.610s] INFO:colcon.colcon_core.shell:Creating package script '/home/parsa/ros2_urdf_ws/install/my_robot_description/share/my_robot_description/package.ps1'
[18.612s] INFO:colcon.colcon_core.shell:Creating package descriptor '/home/parsa/ros2_urdf_ws/install/my_robot_description/share/my_robot_description/package.dsv'
[18.613s] INFO:colcon.colcon_core.shell:Creating package script '/home/parsa/ros2_urdf_ws/install/my_robot_description/share/my_robot_description/package.sh'
[18.613s] INFO:colcon.colcon_core.shell:Creating package script '/home/parsa/ros2_urdf_ws/install/my_robot_description/share/my_robot_description/package.bash'
[18.614s] INFO:colcon.colcon_core.shell:Creating package script '/home/parsa/ros2_urdf_ws/install/my_robot_description/share/my_robot_description/package.zsh'
[18.616s] Level 1:colcon.colcon_core.environment:create_file_with_runtime_dependencies(/home/parsa/ros2_urdf_ws/install/my_robot_description/share/colcon-core/packages/my_robot_description)
[18.616s] INFO:colcon.colcon_ros.task.ament_cmake.build:Building ROS package in '/home/parsa/ros2_urdf_ws/src/my_robot_bringup' with build type 'ament_cmake'
[18.617s] INFO:colcon.colcon_cmake.task.cmake.build:Building CMake package in '/home/parsa/ros2_urdf_ws/src/my_robot_bringup'
[18.617s] INFO:colcon.colcon_core.shell:Skip shell extension 'powershell' for command environment: Not usable outside of PowerShell
[18.617s] DEBUG:colcon.colcon_core.shell:Skip shell extension 'dsv' for command environment
[18.670s] DEBUG:colcon.colcon_core.event_handler.log_command:Invoking command in '/home/parsa/ros2_urdf_ws/build/my_robot_bringup': CMAKE_PREFIX_PATH=/home/parsa/ros2_urdf_ws/install/my_robot_description:/home/parsa/ros2_urdf_ws/install/my_robot_bringup://home/parsa/ros2_urdf_ws/install/my_robot_bringup://home/parsa/ros2_urdf_ws/install/my_robot_description:/home/parsa/ros2_urdf_ws/install/inverse_kinematics://home/parsa/ros2_urdf_ws/install/inverse_kinematics:/opt/ros/humble /usr/bin/cmake --build /home/parsa/ros2_urdf_ws/build/my_robot_bringup -- -j3 -l3
[19.410s] DEBUG:colcon.colcon_core.event_handler.log_command:Invoked command in '/home/parsa/ros2_urdf_ws/build/my_robot_bringup' returned '0': CMAKE_PREFIX_PATH=/home/parsa/ros2_urdf_ws/install/my_robot_description:/home/parsa/ros2_urdf_ws/install/my_robot_bringup://home/parsa/ros2_urdf_ws/install/my_robot_bringup://home/parsa/ros2_urdf_ws/install/my_robot_description:/home/parsa/ros2_urdf_ws/install/inverse_kinematics://home/parsa/ros2_urdf_ws/install/inverse_kinematics:/opt/ros/humble /usr/bin/cmake --build /home/parsa/ros2_urdf_ws/build/my_robot_bringup -- -j3 -l3
[19.442s] DEBUG:colcon.colcon_core.event_handler.log_command:Invoking command in '/home/parsa/ros2_urdf_ws/build/my_robot_bringup': CMAKE_PREFIX_PATH=/home/parsa/ros2_urdf_ws/install/my_robot_description:/home/parsa/ros2_urdf_ws/install/my_robot_bringup://home/parsa/ros2_urdf_ws/install/my_robot_bringup://home/parsa/ros2_urdf_ws/install/my_robot_description:/home/parsa/ros2_urdf_ws/install/inverse_kinematics://home/parsa/ros2_urdf_ws/install/inverse_kinematics:/opt/ros/humble /usr/bin/cmake --install /home/parsa/ros2_urdf_ws/build/my_robot_bringup
[19.614s] Level 1:colcon.colcon_core.environment:create_environment_scripts_only(my_robot_bringup)
[19.614s] Level 1:colcon.colcon_core.environment:checking '/home/parsa/ros2_urdf_ws/install/my_robot_bringup' for CMake module files
[19.617s] DEBUG:colcon.colcon_core.event_handler.log_command:Invoked command in '/home/parsa/ros2_urdf_ws/build/my_robot_bringup' returned '0': CMAKE_PREFIX_PATH=/home/parsa/ros2_urdf_ws/install/my_robot_description:/home/parsa/ros2_urdf_ws/install/my_robot_bringup://home/parsa/ros2_urdf_ws/install/my_robot_bringup://home/parsa/ros2_urdf_ws/install/my_robot_description:/home/parsa/ros2_urdf_ws/install/inverse_kinematics://home/parsa/ros2_urdf_ws/install/inverse_kinematics:/opt/ros/humble /usr/bin/cmake --install /home/parsa/ros2_urdf_ws/build/my_robot_bringup
[19.618s] Level 1:colcon.colcon_core.environment:checking '/home/parsa/ros2_urdf_ws/install/my_robot_bringup' for CMake config files
[19.619s] Level 1:colcon.colcon_core.shell:create_environment_hook('my_robot_bringup', 'cmake_prefix_path')
[19.619s] INFO:colcon.colcon_core.shell:Creating environment hook '/home/parsa/ros2_urdf_ws/install/my_robot_bringup/share/my_robot_bringup/hook/cmake_prefix_path.ps1'
[19.620s] INFO:colcon.colcon_core.shell:Creating environment descriptor '/home/parsa/ros2_urdf_ws/install/my_robot_bringup/share/my_robot_bringup/hook/cmake_prefix_path.dsv'
[19.621s] INFO:colcon.colcon_core.shell:Creating environment hook '/home/parsa/ros2_urdf_ws/install/my_robot_bringup/share/my_robot_bringup/hook/cmake_prefix_path.sh'
[19.621s] Level 1:colcon.colcon_core.environment:checking '/home/parsa/ros2_urdf_ws/install/my_robot_bringup/bin'
[19.622s] Level 1:colcon.colcon_core.environment:checking '/home/parsa/ros2_urdf_ws/install/my_robot_bringup/lib/pkgconfig/my_robot_bringup.pc'
[19.622s] Level 1:colcon.colcon_core.environment:checking '/home/parsa/ros2_urdf_ws/install/my_robot_bringup/lib/python3.10/site-packages'
[19.623s] Level 1:colcon.colcon_core.environment:checking '/home/parsa/ros2_urdf_ws/install/my_robot_bringup/bin'
[19.623s] INFO:colcon.colcon_core.shell:Creating package script '/home/parsa/ros2_urdf_ws/install/my_robot_bringup/share/my_robot_bringup/package.ps1'
[19.624s] INFO:colcon.colcon_core.shell:Creating package descriptor '/home/parsa/ros2_urdf_ws/install/my_robot_bringup/share/my_robot_bringup/package.dsv'
[19.625s] INFO:colcon.colcon_core.shell:Creating package script '/home/parsa/ros2_urdf_ws/install/my_robot_bringup/share/my_robot_bringup/package.sh'
[19.625s] INFO:colcon.colcon_core.shell:Creating package script '/home/parsa/ros2_urdf_ws/install/my_robot_bringup/share/my_robot_bringup/package.bash'
[19.626s] INFO:colcon.colcon_core.shell:Creating package script '/home/parsa/ros2_urdf_ws/install/my_robot_bringup/share/my_robot_bringup/package.zsh'
[19.626s] Level 1:colcon.colcon_core.environment:create_file_with_runtime_dependencies(/home/parsa/ros2_urdf_ws/install/my_robot_bringup/share/colcon-core/packages/my_robot_bringup)
[19.661s] Level 1:colcon.colcon_core.environment:create_environment_scripts_only(my_robot_bringup)
[19.661s] Level 1:colcon.colcon_core.environment:checking '/home/parsa/ros2_urdf_ws/install/my_robot_bringup' for CMake module files
[19.663s] Level 1:colcon.colcon_core.environment:checking '/home/parsa/ros2_urdf_ws/install/my_robot_bringup' for CMake config files
[19.663s] Level 1:colcon.colcon_core.shell:create_environment_hook('my_robot_bringup', 'cmake_prefix_path')
[19.664s] INFO:colcon.colcon_core.shell:Creating environment hook '/home/parsa/ros2_urdf_ws/install/my_robot_bringup/share/my_robot_bringup/hook/cmake_prefix_path.ps1'
[19.665s] INFO:colcon.colcon_core.shell:Creating environment descriptor '/home/parsa/ros2_urdf_ws/install/my_robot_bringup/share/my_robot_bringup/hook/cmake_prefix_path.dsv'
[19.665s] INFO:colcon.colcon_core.shell:Creating environment hook '/home/parsa/ros2_urdf_ws/install/my_robot_bringup/share/my_robot_bringup/hook/cmake_prefix_path.sh'
[19.666s] Level 1:colcon.colcon_core.environment:checking '/home/parsa/ros2_urdf_ws/install/my_robot_bringup/bin'
[19.666s] Level 1:colcon.colcon_core.environment:checking '/home/parsa/ros2_urdf_ws/install/my_robot_bringup/lib/pkgconfig/my_robot_bringup.pc'
[19.667s] Level 1:colcon.colcon_core.environment:checking '/home/parsa/ros2_urdf_ws/install/my_robot_bringup/lib/python3.10/site-packages'
[19.667s] Level 1:colcon.colcon_core.environment:checking '/home/parsa/ros2_urdf_ws/install/my_robot_bringup/bin'
[19.668s] INFO:colcon.colcon_core.shell:Creating package script '/home/parsa/ros2_urdf_ws/install/my_robot_bringup/share/my_robot_bringup/package.ps1'
[19.669s] INFO:colcon.colcon_core.shell:Creating package descriptor '/home/parsa/ros2_urdf_ws/install/my_robot_bringup/share/my_robot_bringup/package.dsv'
[19.670s] INFO:colcon.colcon_core.shell:Creating package script '/home/parsa/ros2_urdf_ws/install/my_robot_bringup/share/my_robot_bringup/package.sh'
[19.671s] INFO:colcon.colcon_core.shell:Creating package script '/home/parsa/ros2_urdf_ws/install/my_robot_bringup/share/my_robot_bringup/package.bash'
[19.672s] INFO:colcon.colcon_core.shell:Creating package script '/home/parsa/ros2_urdf_ws/install/my_robot_bringup/share/my_robot_bringup/package.zsh'
[19.672s] Level 1:colcon.colcon_core.environment:create_file_with_runtime_dependencies(/home/parsa/ros2_urdf_ws/install/my_robot_bringup/share/colcon-core/packages/my_robot_bringup)
[21.069s] DEBUG:colcon.colcon_core.event_handler.log_command:Invoking command in '/home/parsa/ros2_urdf_ws/src/inverse_kinematics': PYTHONPATH=/home/parsa/ros2_urdf_ws/build/inverse_kinematics/prefix_override:/usr/lib/python3/dist-packages/colcon_core/task/python/colcon_distutils_commands:/home/parsa/ros2_urdf_ws/install/inverse_kinematics/lib/python3.10/site-packages:${PYTHONPATH} /usr/bin/python3 -W ignore:setup.py install is deprecated setup.py egg_info --egg-base ../../build/inverse_kinematics build --build-base /home/parsa/ros2_urdf_ws/build/inverse_kinematics/build install --record /home/parsa/ros2_urdf_ws/build/inverse_kinematics/install.log --single-version-externally-managed
[21.711s] Level 1:colcon.colcon_core.environment:checking '/home/parsa/ros2_urdf_ws/install/inverse_kinematics' for CMake module files
[21.712s] Level 1:colcon.colcon_core.environment:checking '/home/parsa/ros2_urdf_ws/install/inverse_kinematics' for CMake config files
[21.713s] DEBUG:colcon.colcon_core.event_handler.log_command:Invoked command in '/home/parsa/ros2_urdf_ws/src/inverse_kinematics' returned '0': PYTHONPATH=/home/parsa/ros2_urdf_ws/build/inverse_kinematics/prefix_override:/usr/lib/python3/dist-packages/colcon_core/task/python/colcon_distutils_commands:/home/parsa/ros2_urdf_ws/install/inverse_kinematics/lib/python3.10/site-packages:${PYTHONPATH} /usr/bin/python3 -W ignore:setup.py install is deprecated setup.py egg_info --egg-base ../../build/inverse_kinematics build --build-base /home/parsa/ros2_urdf_ws/build/inverse_kinematics/build install --record /home/parsa/ros2_urdf_ws/build/inverse_kinematics/install.log --single-version-externally-managed
[21.713s] Level 1:colcon.colcon_core.environment:checking '/home/parsa/ros2_urdf_ws/install/inverse_kinematics/lib'
[21.714s] Level 1:colcon.colcon_core.environment:checking '/home/parsa/ros2_urdf_ws/install/inverse_kinematics/bin'
[21.714s] Level 1:colcon.colcon_core.environment:checking '/home/parsa/ros2_urdf_ws/install/inverse_kinematics/lib/pkgconfig/inverse_kinematics.pc'
[21.715s] Level 1:colcon.colcon_core.environment:checking '/home/parsa/ros2_urdf_ws/install/inverse_kinematics/lib/python3.10/site-packages'
[21.715s] Level 1:colcon.colcon_core.shell:create_environment_hook('inverse_kinematics', 'pythonpath')
[21.715s] INFO:colcon.colcon_core.shell:Creating environment hook '/home/parsa/ros2_urdf_ws/install/inverse_kinematics/share/inverse_kinematics/hook/pythonpath.ps1'
[21.717s] INFO:colcon.colcon_core.shell:Creating environment descriptor '/home/parsa/ros2_urdf_ws/install/inverse_kinematics/share/inverse_kinematics/hook/pythonpath.dsv'
[21.717s] INFO:colcon.colcon_core.shell:Creating environment hook '/home/parsa/ros2_urdf_ws/install/inverse_kinematics/share/inverse_kinematics/hook/pythonpath.sh'
[21.718s] Level 1:colcon.colcon_core.environment:checking '/home/parsa/ros2_urdf_ws/install/inverse_kinematics/bin'
[21.718s] Level 1:colcon.colcon_core.environment:create_environment_scripts_only(inverse_kinematics)
[21.719s] INFO:colcon.colcon_core.shell:Creating package script '/home/parsa/ros2_urdf_ws/install/inverse_kinematics/share/inverse_kinematics/package.ps1'
[21.720s] INFO:colcon.colcon_core.shell:Creating package descriptor '/home/parsa/ros2_urdf_ws/install/inverse_kinematics/share/inverse_kinematics/package.dsv'
[21.720s] INFO:colcon.colcon_core.shell:Creating package script '/home/parsa/ros2_urdf_ws/install/inverse_kinematics/share/inverse_kinematics/package.sh'
[21.721s] INFO:colcon.colcon_core.shell:Creating package script '/home/parsa/ros2_urdf_ws/install/inverse_kinematics/share/inverse_kinematics/package.bash'
[21.721s] INFO:colcon.colcon_core.shell:Creating package script '/home/parsa/ros2_urdf_ws/install/inverse_kinematics/share/inverse_kinematics/package.zsh'
[21.722s] Level 1:colcon.colcon_core.environment:create_file_with_runtime_dependencies(/home/parsa/ros2_urdf_ws/install/inverse_kinematics/share/colcon-core/packages/inverse_kinematics)
[21.723s] DEBUG:colcon.colcon_parallel_executor.executor.parallel:closing loop
[21.723s] DEBUG:colcon.colcon_parallel_executor.executor.parallel:loop closed
[21.723s] DEBUG:colcon.colcon_parallel_executor.executor.parallel:run_until_complete finished with '0'
[21.723s] DEBUG:colcon.colcon_core.event_reactor:joining thread
[21.735s] INFO:colcon.colcon_core.plugin_system:Skipping extension 'colcon_notification.desktop_notification.terminal_notifier': Not used on non-Darwin systems
[21.735s] INFO:colcon.colcon_core.plugin_system:Skipping extension 'colcon_notification.desktop_notification.win32': Not used on non-Windows systems
[21.735s] INFO:colcon.colcon_notification.desktop_notification:Sending desktop notification using 'notify2'
[21.754s] DEBUG:colcon.colcon_core.event_reactor:joined thread
[21.754s] INFO:colcon.colcon_core.shell:Creating prefix script '/home/parsa/ros2_urdf_ws/install/local_setup.ps1'
[21.757s] INFO:colcon.colcon_core.shell:Creating prefix util module '/home/parsa/ros2_urdf_ws/install/_local_setup_util_ps1.py'
[21.760s] INFO:colcon.colcon_core.shell:Creating prefix chain script '/home/parsa/ros2_urdf_ws/install/setup.ps1'
[21.763s] INFO:colcon.colcon_core.shell:Creating prefix script '/home/parsa/ros2_urdf_ws/install/local_setup.sh'
[21.766s] INFO:colcon.colcon_core.shell:Creating prefix util module '/home/parsa/ros2_urdf_ws/install/_local_setup_util_sh.py'
[21.767s] INFO:colcon.colcon_core.shell:Creating prefix chain script '/home/parsa/ros2_urdf_ws/install/setup.sh'
[21.770s] INFO:colcon.colcon_core.shell:Creating prefix script '/home/parsa/ros2_urdf_ws/install/local_setup.bash'
[21.771s] INFO:colcon.colcon_core.shell:Creating prefix chain script '/home/parsa/ros2_urdf_ws/install/setup.bash'
[21.774s] INFO:colcon.colcon_core.shell:Creating prefix script '/home/parsa/ros2_urdf_ws/install/local_setup.zsh'
[21.775s] INFO:colcon.colcon_core.shell:Creating prefix chain script '/home/parsa/ros2_urdf_ws/install/setup.zsh'
