[1.706s] Invoking command in '/home/parsa/ros2_urdf_ws/src/inverse_kinematics': PYTHONPATH=/home/parsa/ros2_urdf_ws/build/inverse_kinematics/prefix_override:/usr/lib/python3/dist-packages/colcon_core/task/python/colcon_distutils_commands:/home/parsa/ros2_urdf_ws/install/inverse_kinematics/lib/python3.10/site-packages:${PYTHONPATH} /usr/bin/python3 -W ignore:setup.py install is deprecated setup.py egg_info --egg-base ../../build/inverse_kinematics build --build-base /home/parsa/ros2_urdf_ws/build/inverse_kinematics/build install --record /home/parsa/ros2_urdf_ws/build/inverse_kinematics/install.log --single-version-externally-managed
[2.215s] running egg_info
[2.216s] writing ../../build/inverse_kinematics/inverse_kinematics.egg-info/PKG-INFO
[2.217s] writing dependency_links to ../../build/inverse_kinematics/inverse_kinematics.egg-info/dependency_links.txt
[2.217s] writing entry points to ../../build/inverse_kinematics/inverse_kinematics.egg-info/entry_points.txt
[2.218s] writing requirements to ../../build/inverse_kinematics/inverse_kinematics.egg-info/requires.txt
[2.218s] writing top-level names to ../../build/inverse_kinematics/inverse_kinematics.egg-info/top_level.txt
[2.221s] reading manifest file '../../build/inverse_kinematics/inverse_kinematics.egg-info/SOURCES.txt'
[2.221s] adding license file 'LICENSE'
[2.223s] writing manifest file '../../build/inverse_kinematics/inverse_kinematics.egg-info/SOURCES.txt'
[2.223s] running build
[2.223s] running build_py
[2.223s] creating /home/parsa/ros2_urdf_ws/build/inverse_kinematics/build
[2.224s] creating /home/parsa/ros2_urdf_ws/build/inverse_kinematics/build/lib
[2.224s] creating /home/parsa/ros2_urdf_ws/build/inverse_kinematics/build/lib/inverse_kinematics
[2.224s] copying inverse_kinematics/inverse_kinematics.py -> /home/parsa/ros2_urdf_ws/build/inverse_kinematics/build/lib/inverse_kinematics
[2.224s] copying inverse_kinematics/__init__.py -> /home/parsa/ros2_urdf_ws/build/inverse_kinematics/build/lib/inverse_kinematics
[2.224s] copying inverse_kinematics/inverse_kinematics_node .py -> /home/parsa/ros2_urdf_ws/build/inverse_kinematics/build/lib/inverse_kinematics
[2.224s] running install
[2.225s] running install_lib
[2.226s] creating /home/parsa/ros2_urdf_ws/install/inverse_kinematics/lib/python3.10/site-packages/inverse_kinematics
[2.226s] copying /home/parsa/ros2_urdf_ws/build/inverse_kinematics/build/lib/inverse_kinematics/inverse_kinematics.py -> /home/parsa/ros2_urdf_ws/install/inverse_kinematics/lib/python3.10/site-packages/inverse_kinematics
[2.226s] copying /home/parsa/ros2_urdf_ws/build/inverse_kinematics/build/lib/inverse_kinematics/__init__.py -> /home/parsa/ros2_urdf_ws/install/inverse_kinematics/lib/python3.10/site-packages/inverse_kinematics
[2.227s] copying /home/parsa/ros2_urdf_ws/build/inverse_kinematics/build/lib/inverse_kinematics/inverse_kinematics_node .py -> /home/parsa/ros2_urdf_ws/install/inverse_kinematics/lib/python3.10/site-packages/inverse_kinematics
[2.227s] byte-compiling /home/parsa/ros2_urdf_ws/install/inverse_kinematics/lib/python3.10/site-packages/inverse_kinematics/inverse_kinematics.py to inverse_kinematics.cpython-310.pyc
[2.229s] byte-compiling /home/parsa/ros2_urdf_ws/install/inverse_kinematics/lib/python3.10/site-packages/inverse_kinematics/__init__.py to __init__.cpython-310.pyc
[2.229s] byte-compiling /home/parsa/ros2_urdf_ws/install/inverse_kinematics/lib/python3.10/site-packages/inverse_kinematics/inverse_kinematics_node .py to inverse_kinematics_node .cpython-310.pyc
[2.230s] running install_egg_info
[2.233s] Copying ../../build/inverse_kinematics/inverse_kinematics.egg-info to /home/parsa/ros2_urdf_ws/install/inverse_kinematics/lib/python3.10/site-packages/inverse_kinematics-0.0.1-py3.10.egg-info
[2.240s] running install_scripts
[2.273s] Installing inverse_kinematics_node script to /home/parsa/ros2_urdf_ws/install/inverse_kinematics/lib/Inverse_kinematics
[2.274s] writing list of installed files to '/home/parsa/ros2_urdf_ws/build/inverse_kinematics/install.log'
[2.310s] Invoked command in '/home/parsa/ros2_urdf_ws/src/inverse_kinematics' returned '0': PYTHONPATH=/home/parsa/ros2_urdf_ws/build/inverse_kinematics/prefix_override:/usr/lib/python3/dist-packages/colcon_core/task/python/colcon_distutils_commands:/home/parsa/ros2_urdf_ws/install/inverse_kinematics/lib/python3.10/site-packages:${PYTHONPATH} /usr/bin/python3 -W ignore:setup.py install is deprecated setup.py egg_info --egg-base ../../build/inverse_kinematics build --build-base /home/parsa/ros2_urdf_ws/build/inverse_kinematics/build install --record /home/parsa/ros2_urdf_ws/build/inverse_kinematics/install.log --single-version-externally-managed
