[0.242s] Invoking command in '/home/parsa/ros2_urdf_ws/build/my_robot_description': CMAKE_PREFIX_PATH=${CMAKE_PREFIX_PATH}:/home/parsa/ros2_urdf_ws/install/inverse_kinematics://home/parsa/ros2_urdf_ws/install/inverse_kinematics:/opt/ros/humble /usr/bin/cmake --build /home/parsa/ros2_urdf_ws/build/my_robot_description -- -j3 -l3
[1.177s] Invoked command in '/home/parsa/ros2_urdf_ws/build/my_robot_description' returned '0': CMAKE_PREFIX_PATH=${CMAKE_PREFIX_PATH}:/home/parsa/ros2_urdf_ws/install/inverse_kinematics://home/parsa/ros2_urdf_ws/install/inverse_kinematics:/opt/ros/humble /usr/bin/cmake --build /home/parsa/ros2_urdf_ws/build/my_robot_description -- -j3 -l3
[1.226s] Invoking command in '/home/parsa/ros2_urdf_ws/build/my_robot_description': CMAKE_PREFIX_PATH=${CMAKE_PREFIX_PATH}:/home/parsa/ros2_urdf_ws/install/inverse_kinematics://home/parsa/ros2_urdf_ws/install/inverse_kinematics:/opt/ros/humble /usr/bin/cmake --install /home/parsa/ros2_urdf_ws/build/my_robot_description
[1.243s] -- Install configuration: ""
[1.249s] -- Execute custom install script
[1.342s] -- Up-to-date symlink: /home/parsa/ros2_urdf_ws/install/my_robot_description/share/my_robot_description//urdf/.vscode/c_cpp_properties.json
[1.343s] -- Up-to-date symlink: /home/parsa/ros2_urdf_ws/install/my_robot_description/share/my_robot_description//urdf/.vscode/settings.json
[1.360s] -- Up-to-date symlink: /home/parsa/ros2_urdf_ws/install/my_robot_description/share/my_robot_description//urdf/generate_chain.py
[1.361s] -- Up-to-date symlink: /home/parsa/ros2_urdf_ws/install/my_robot_description/share/my_robot_description//urdf/generate_spider_legs.py
[1.361s] -- Up-to-date symlink: /home/parsa/ros2_urdf_ws/install/my_robot_description/share/my_robot_description//urdf/ikpy_spider.py
[1.362s] -- Up-to-date symlink: /home/parsa/ros2_urdf_ws/install/my_robot_description/share/my_robot_description//urdf/my_robot.urdf.xacro
[1.363s] -- Up-to-date symlink: /home/parsa/ros2_urdf_ws/install/my_robot_description/share/my_robot_description//urdf/spider
[1.364s] -- Up-to-date symlink: /home/parsa/ros2_urdf_ws/install/my_robot_description/share/my_robot_description//urdf/spider.pdf
[1.364s] -- Up-to-date symlink: /home/parsa/ros2_urdf_ws/install/my_robot_description/share/my_robot_description//urdf/spider_b1.json
[1.365s] -- Up-to-date symlink: /home/parsa/ros2_urdf_ws/install/my_robot_description/share/my_robot_description//urdf/spider_b2.json
[1.366s] -- Up-to-date symlink: /home/parsa/ros2_urdf_ws/install/my_robot_description/share/my_robot_description//urdf/spider_f1.json
[1.366s] -- Up-to-date symlink: /home/parsa/ros2_urdf_ws/install/my_robot_description/share/my_robot_description//urdf/spider_f2.json
[1.367s] -- Up-to-date symlink: /home/parsa/ros2_urdf_ws/install/my_robot_description/share/my_robot_description//urdf/spider_json.json
[1.388s] -- Up-to-date symlink: /home/parsa/ros2_urdf_ws/install/my_robot_description/share/my_robot_description//launch/display.launch.py
[1.389s] -- Up-to-date symlink: /home/parsa/ros2_urdf_ws/install/my_robot_description/share/my_robot_description//launch/display.launch.xml
[1.391s] -- Up-to-date symlink: /home/parsa/ros2_urdf_ws/install/my_robot_description/share/my_robot_description//rviz/urdf.rviz
[1.553s] -- Up-to-date symlink: /home/parsa/ros2_urdf_ws/install/my_robot_description/share/my_robot_description//meshes/BODY PROPERTIES.txt
[1.554s] -- Up-to-date symlink: /home/parsa/ros2_urdf_ws/install/my_robot_description/share/my_robot_description//meshes/Body.dae
[1.555s] -- Up-to-date symlink: /home/parsa/ros2_urdf_ws/install/my_robot_description/share/my_robot_description//meshes/FOOT-F-1 PROPERTIES.txt
[1.557s] -- Up-to-date symlink: /home/parsa/ros2_urdf_ws/install/my_robot_description/share/my_robot_description//meshes/Torso-joint -f properties.txt
[1.557s] -- Up-to-date symlink: /home/parsa/ros2_urdf_ws/install/my_robot_description/share/my_robot_description//meshes/Torso-joint-b properties.txt
[1.576s] -- Up-to-date symlink: /home/parsa/ros2_urdf_ws/install/my_robot_description/share/my_robot_description//meshes/femur PROPERTIES.txt
[1.577s] -- Up-to-date symlink: /home/parsa/ros2_urdf_ws/install/my_robot_description/share/my_robot_description//meshes/femur.dae
[1.577s] -- Up-to-date symlink: /home/parsa/ros2_urdf_ws/install/my_robot_description/share/my_robot_description//meshes/foot-b-1 PROPERTIES.txt
[1.590s] -- Up-to-date symlink: /home/parsa/ros2_urdf_ws/install/my_robot_description/share/my_robot_description//meshes/foot-b-1.dae
[1.590s] -- Up-to-date symlink: /home/parsa/ros2_urdf_ws/install/my_robot_description/share/my_robot_description//meshes/foot-f-1.dae
[1.592s] -- Up-to-date symlink: /home/parsa/ros2_urdf_ws/install/my_robot_description/share/my_robot_description//meshes/torso_joint_b.dae
[1.592s] -- Up-to-date symlink: /home/parsa/ros2_urdf_ws/install/my_robot_description/share/my_robot_description//meshes/torso_joint_f.dae
[1.593s] -- Up-to-date symlink: /home/parsa/ros2_urdf_ws/install/my_robot_description/share/ament_index/resource_index/package_run_dependencies/my_robot_description
[1.595s] -- Up-to-date symlink: /home/parsa/ros2_urdf_ws/install/my_robot_description/share/ament_index/resource_index/parent_prefix_path/my_robot_description
[1.595s] -- Up-to-date symlink: /home/parsa/ros2_urdf_ws/install/my_robot_description/share/my_robot_description/environment/ament_prefix_path.sh
[1.596s] -- Up-to-date symlink: /home/parsa/ros2_urdf_ws/install/my_robot_description/share/my_robot_description/environment/ament_prefix_path.dsv
[1.597s] -- Up-to-date symlink: /home/parsa/ros2_urdf_ws/install/my_robot_description/share/my_robot_description/environment/path.sh
[1.598s] -- Up-to-date symlink: /home/parsa/ros2_urdf_ws/install/my_robot_description/share/my_robot_description/environment/path.dsv
[1.598s] -- Up-to-date symlink: /home/parsa/ros2_urdf_ws/install/my_robot_description/share/my_robot_description/local_setup.bash
[1.600s] -- Up-to-date symlink: /home/parsa/ros2_urdf_ws/install/my_robot_description/share/my_robot_description/local_setup.sh
[1.601s] -- Up-to-date symlink: /home/parsa/ros2_urdf_ws/install/my_robot_description/share/my_robot_description/local_setup.zsh
[1.616s] -- Up-to-date symlink: /home/parsa/ros2_urdf_ws/install/my_robot_description/share/my_robot_description/local_setup.dsv
[1.616s] -- Symlinking: /home/parsa/ros2_urdf_ws/install/my_robot_description/share/my_robot_description/package.dsv
[1.645s] -- Up-to-date symlink: /home/parsa/ros2_urdf_ws/install/my_robot_description/share/ament_index/resource_index/packages/my_robot_description
[1.646s] -- Up-to-date symlink: /home/parsa/ros2_urdf_ws/install/my_robot_description/share/my_robot_description/cmake/my_robot_descriptionConfig.cmake
[1.647s] -- Up-to-date symlink: /home/parsa/ros2_urdf_ws/install/my_robot_description/share/my_robot_description/cmake/my_robot_descriptionConfig-version.cmake
[1.662s] -- Up-to-date symlink: /home/parsa/ros2_urdf_ws/install/my_robot_description/share/my_robot_description/package.xml
[1.666s] Invoked command in '/home/parsa/ros2_urdf_ws/build/my_robot_description' returned '0': CMAKE_PREFIX_PATH=${CMAKE_PREFIX_PATH}:/home/parsa/ros2_urdf_ws/install/inverse_kinematics://home/parsa/ros2_urdf_ws/install/inverse_kinematics:/opt/ros/humble /usr/bin/cmake --install /home/parsa/ros2_urdf_ws/build/my_robot_description
