[1.422s] DEBUG:colcon:Command line arguments: ['/usr/bin/colcon', 'build', '--symlink-install']
[1.422s] DEBUG:colcon:Parsed command line arguments: Namespace(log_base=None, log_level=None, verb_name='build', build_base='build', install_base='install', merge_install=False, symlink_install=True, test_result_base=None, continue_on_error=False, executor='parallel', parallel_workers=3, event_handlers=None, ignore_user_meta=False, metas=['./colcon.meta'], base_paths=['.'], packages_ignore=None, packages_ignore_regex=None, paths=None, packages_up_to=None, packages_up_to_regex=None, packages_above=None, packages_above_and_dependencies=None, packages_above_depth=None, packages_select_by_dep=None, packages_skip_by_dep=None, packages_skip_up_to=None, packages_select_build_failed=False, packages_skip_build_finished=False, packages_select_test_failures=False, packages_skip_test_passed=False, packages_select=None, packages_skip=None, packages_select_regex=None, packages_skip_regex=None, packages_start=None, packages_end=None, allow_overriding=[], cmake_args=None, cmake_target=None, cmake_target_skip_unavailable=False, cmake_clean_cache=False, cmake_clean_first=False, cmake_force_configure=False, ament_cmake_args=None, catkin_cmake_args=None, catkin_skip_building_tests=False, mixin_files=None, mixin=None, verb_parser=<colcon_mixin.mixin.mixin_argument.MixinArgumentDecorator object at 0x733c82e1e9e0>, verb_extension=<colcon_core.verb.build.BuildVerb object at 0x733c82e1e350>, main=<bound method BuildVerb.main of <colcon_core.verb.build.BuildVerb object at 0x733c82e1e350>>, mixin_verb=('build',))
[2.088s] Level 1:colcon.colcon_core.package_discovery:discover_packages(colcon_meta) check parameters
[2.089s] Level 1:colcon.colcon_core.package_discovery:discover_packages(recursive) check parameters
[2.089s] Level 1:colcon.colcon_core.package_discovery:discover_packages(ignore) check parameters
[2.089s] Level 1:colcon.colcon_core.package_discovery:discover_packages(path) check parameters
[2.089s] Level 1:colcon.colcon_core.package_discovery:discover_packages(colcon_meta) discover
[2.090s] Level 1:colcon.colcon_core.package_discovery:discover_packages(recursive) discover
[2.090s] INFO:colcon.colcon_core.package_discovery:Crawling recursively for packages in '/home/parsa/ros2_urdf_ws'
[2.090s] Level 1:colcon.colcon_core.package_identification:_identify(.) by extensions ['ignore', 'ignore_ament_install']
[2.091s] Level 1:colcon.colcon_core.package_identification:_identify(.) by extension 'ignore'
[2.091s] Level 1:colcon.colcon_core.package_identification:_identify(.) by extension 'ignore_ament_install'
[2.091s] Level 1:colcon.colcon_core.package_identification:_identify(.) by extensions ['colcon_pkg']
[2.091s] Level 1:colcon.colcon_core.package_identification:_identify(.) by extension 'colcon_pkg'
[2.091s] Level 1:colcon.colcon_core.package_identification:_identify(.) by extensions ['colcon_meta']
[2.091s] Level 1:colcon.colcon_core.package_identification:_identify(.) by extension 'colcon_meta'
[2.091s] Level 1:colcon.colcon_core.package_identification:_identify(.) by extensions ['ros']
[2.092s] Level 1:colcon.colcon_core.package_identification:_identify(.) by extension 'ros'
[2.178s] Level 1:colcon.colcon_core.package_identification:_identify(.) by extensions ['cmake', 'python']
[2.178s] Level 1:colcon.colcon_core.package_identification:_identify(.) by extension 'cmake'
[2.178s] Level 1:colcon.colcon_core.package_identification:_identify(.) by extension 'python'
[2.178s] Level 1:colcon.colcon_core.package_identification:_identify(.) by extensions ['python_setup_py']
[2.178s] Level 1:colcon.colcon_core.package_identification:_identify(.) by extension 'python_setup_py'
[2.178s] Level 1:colcon.colcon_core.package_identification:_identify(build) by extensions ['ignore', 'ignore_ament_install']
[2.178s] Level 1:colcon.colcon_core.package_identification:_identify(build) by extension 'ignore'
[2.178s] Level 1:colcon.colcon_core.package_identification:_identify(build) ignored
[2.179s] Level 1:colcon.colcon_core.package_identification:_identify(install) by extensions ['ignore', 'ignore_ament_install']
[2.179s] Level 1:colcon.colcon_core.package_identification:_identify(install) by extension 'ignore'
[2.179s] Level 1:colcon.colcon_core.package_identification:_identify(install) ignored
[2.179s] Level 1:colcon.colcon_core.package_identification:_identify(log) by extensions ['ignore', 'ignore_ament_install']
[2.179s] Level 1:colcon.colcon_core.package_identification:_identify(log) by extension 'ignore'
[2.179s] Level 1:colcon.colcon_core.package_identification:_identify(log) ignored
[2.179s] Level 1:colcon.colcon_core.package_identification:_identify(src) by extensions ['ignore', 'ignore_ament_install']
[2.180s] Level 1:colcon.colcon_core.package_identification:_identify(src) by extension 'ignore'
[2.180s] Level 1:colcon.colcon_core.package_identification:_identify(src) by extension 'ignore_ament_install'
[2.180s] Level 1:colcon.colcon_core.package_identification:_identify(src) by extensions ['colcon_pkg']
[2.180s] Level 1:colcon.colcon_core.package_identification:_identify(src) by extension 'colcon_pkg'
[2.180s] Level 1:colcon.colcon_core.package_identification:_identify(src) by extensions ['colcon_meta']
[2.180s] Level 1:colcon.colcon_core.package_identification:_identify(src) by extension 'colcon_meta'
[2.180s] Level 1:colcon.colcon_core.package_identification:_identify(src) by extensions ['ros']
[2.180s] Level 1:colcon.colcon_core.package_identification:_identify(src) by extension 'ros'
[2.180s] Level 1:colcon.colcon_core.package_identification:_identify(src) by extensions ['cmake', 'python']
[2.180s] Level 1:colcon.colcon_core.package_identification:_identify(src) by extension 'cmake'
[2.180s] Level 1:colcon.colcon_core.package_identification:_identify(src) by extension 'python'
[2.180s] Level 1:colcon.colcon_core.package_identification:_identify(src) by extensions ['python_setup_py']
[2.180s] Level 1:colcon.colcon_core.package_identification:_identify(src) by extension 'python_setup_py'
[2.181s] Level 1:colcon.colcon_core.package_identification:_identify(src/my_robot_bringup) by extensions ['ignore', 'ignore_ament_install']
[2.181s] Level 1:colcon.colcon_core.package_identification:_identify(src/my_robot_bringup) by extension 'ignore'
[2.181s] Level 1:colcon.colcon_core.package_identification:_identify(src/my_robot_bringup) by extension 'ignore_ament_install'
[2.181s] Level 1:colcon.colcon_core.package_identification:_identify(src/my_robot_bringup) by extensions ['colcon_pkg']
[2.181s] Level 1:colcon.colcon_core.package_identification:_identify(src/my_robot_bringup) by extension 'colcon_pkg'
[2.181s] Level 1:colcon.colcon_core.package_identification:_identify(src/my_robot_bringup) by extensions ['colcon_meta']
[2.181s] Level 1:colcon.colcon_core.package_identification:_identify(src/my_robot_bringup) by extension 'colcon_meta'
[2.181s] Level 1:colcon.colcon_core.package_identification:_identify(src/my_robot_bringup) by extensions ['ros']
[2.181s] Level 1:colcon.colcon_core.package_identification:_identify(src/my_robot_bringup) by extension 'ros'
[2.187s] DEBUG:colcon.colcon_core.package_identification:Package 'src/my_robot_bringup' with type 'ros.ament_cmake' and name 'my_robot_bringup'
[2.187s] Level 1:colcon.colcon_core.package_identification:_identify(src/my_robot_description) by extensions ['ignore', 'ignore_ament_install']
[2.187s] Level 1:colcon.colcon_core.package_identification:_identify(src/my_robot_description) by extension 'ignore'
[2.187s] Level 1:colcon.colcon_core.package_identification:_identify(src/my_robot_description) by extension 'ignore_ament_install'
[2.187s] Level 1:colcon.colcon_core.package_identification:_identify(src/my_robot_description) by extensions ['colcon_pkg']
[2.187s] Level 1:colcon.colcon_core.package_identification:_identify(src/my_robot_description) by extension 'colcon_pkg'
[2.187s] Level 1:colcon.colcon_core.package_identification:_identify(src/my_robot_description) by extensions ['colcon_meta']
[2.188s] Level 1:colcon.colcon_core.package_identification:_identify(src/my_robot_description) by extension 'colcon_meta'
[2.188s] Level 1:colcon.colcon_core.package_identification:_identify(src/my_robot_description) by extensions ['ros']
[2.188s] Level 1:colcon.colcon_core.package_identification:_identify(src/my_robot_description) by extension 'ros'
[2.189s] DEBUG:colcon.colcon_core.package_identification:Package 'src/my_robot_description' with type 'ros.ament_cmake' and name 'my_robot_description'
[2.189s] Level 1:colcon.colcon_core.package_discovery:discover_packages(recursive) using defaults
[2.189s] Level 1:colcon.colcon_core.package_discovery:discover_packages(ignore) discover
[2.189s] Level 1:colcon.colcon_core.package_discovery:discover_packages(ignore) using defaults
[2.189s] Level 1:colcon.colcon_core.package_discovery:discover_packages(path) discover
[2.189s] Level 1:colcon.colcon_core.package_discovery:discover_packages(path) using defaults
[2.241s] Level 1:colcon.colcon_core.package_discovery:discover_packages(prefix_path) check parameters
[2.241s] Level 1:colcon.colcon_core.package_discovery:discover_packages(prefix_path) discover
[2.244s] DEBUG:colcon.colcon_installed_package_information.package_discovery:Found 2 installed packages in /home/parsa/ros2_urdf_ws/install
[2.245s] DEBUG:colcon.colcon_installed_package_information.package_discovery:Found 2 installed packages in //home/parsa/ros2_urdf_ws/install
[2.247s] DEBUG:colcon.colcon_installed_package_information.package_discovery:Found 304 installed packages in /opt/ros/humble
[2.290s] Level 1:colcon.colcon_core.package_discovery:discover_packages(prefix_path) using defaults
[3.785s] Level 5:colcon.colcon_core.verb:set package 'my_robot_description' build argument 'cmake_args' from command line to 'None'
[3.786s] Level 5:colcon.colcon_core.verb:set package 'my_robot_description' build argument 'cmake_target' from command line to 'None'
[3.786s] Level 5:colcon.colcon_core.verb:set package 'my_robot_description' build argument 'cmake_target_skip_unavailable' from command line to 'False'
[3.786s] Level 5:colcon.colcon_core.verb:set package 'my_robot_description' build argument 'cmake_clean_cache' from command line to 'False'
[3.786s] Level 5:colcon.colcon_core.verb:set package 'my_robot_description' build argument 'cmake_clean_first' from command line to 'False'
[3.786s] Level 5:colcon.colcon_core.verb:set package 'my_robot_description' build argument 'cmake_force_configure' from command line to 'False'
[3.786s] Level 5:colcon.colcon_core.verb:set package 'my_robot_description' build argument 'ament_cmake_args' from command line to 'None'
[3.786s] Level 5:colcon.colcon_core.verb:set package 'my_robot_description' build argument 'catkin_cmake_args' from command line to 'None'
[3.786s] Level 5:colcon.colcon_core.verb:set package 'my_robot_description' build argument 'catkin_skip_building_tests' from command line to 'False'
[3.786s] DEBUG:colcon.colcon_core.verb:Building package 'my_robot_description' with the following arguments: {'ament_cmake_args': None, 'build_base': '/home/parsa/ros2_urdf_ws/build/my_robot_description', 'catkin_cmake_args': None, 'catkin_skip_building_tests': False, 'cmake_args': None, 'cmake_clean_cache': False, 'cmake_clean_first': False, 'cmake_force_configure': False, 'cmake_target': None, 'cmake_target_skip_unavailable': False, 'install_base': '/home/parsa/ros2_urdf_ws/install/my_robot_description', 'merge_install': False, 'path': '/home/parsa/ros2_urdf_ws/src/my_robot_description', 'symlink_install': True, 'test_result_base': None}
[3.787s] Level 5:colcon.colcon_core.verb:set package 'my_robot_bringup' build argument 'cmake_args' from command line to 'None'
[3.787s] Level 5:colcon.colcon_core.verb:set package 'my_robot_bringup' build argument 'cmake_target' from command line to 'None'
[3.787s] Level 5:colcon.colcon_core.verb:set package 'my_robot_bringup' build argument 'cmake_target_skip_unavailable' from command line to 'False'
[3.787s] Level 5:colcon.colcon_core.verb:set package 'my_robot_bringup' build argument 'cmake_clean_cache' from command line to 'False'
[3.787s] Level 5:colcon.colcon_core.verb:set package 'my_robot_bringup' build argument 'cmake_clean_first' from command line to 'False'
[3.787s] Level 5:colcon.colcon_core.verb:set package 'my_robot_bringup' build argument 'cmake_force_configure' from command line to 'False'
[3.787s] Level 5:colcon.colcon_core.verb:set package 'my_robot_bringup' build argument 'ament_cmake_args' from command line to 'None'
[3.787s] Level 5:colcon.colcon_core.verb:set package 'my_robot_bringup' build argument 'catkin_cmake_args' from command line to 'None'
[3.787s] Level 5:colcon.colcon_core.verb:set package 'my_robot_bringup' build argument 'catkin_skip_building_tests' from command line to 'False'
[3.787s] DEBUG:colcon.colcon_core.verb:Building package 'my_robot_bringup' with the following arguments: {'ament_cmake_args': None, 'build_base': '/home/parsa/ros2_urdf_ws/build/my_robot_bringup', 'catkin_cmake_args': None, 'catkin_skip_building_tests': False, 'cmake_args': None, 'cmake_clean_cache': False, 'cmake_clean_first': False, 'cmake_force_configure': False, 'cmake_target': None, 'cmake_target_skip_unavailable': False, 'install_base': '/home/parsa/ros2_urdf_ws/install/my_robot_bringup', 'merge_install': False, 'path': '/home/parsa/ros2_urdf_ws/src/my_robot_bringup', 'symlink_install': True, 'test_result_base': None}
[3.787s] INFO:colcon.colcon_core.executor:Executing jobs using 'parallel' executor
[3.789s] DEBUG:colcon.colcon_parallel_executor.executor.parallel:run_until_complete
[3.789s] INFO:colcon.colcon_ros.task.ament_cmake.build:Building ROS package in '/home/parsa/ros2_urdf_ws/src/my_robot_description' with build type 'ament_cmake'
[3.789s] INFO:colcon.colcon_cmake.task.cmake.build:Building CMake package in '/home/parsa/ros2_urdf_ws/src/my_robot_description'
[3.793s] INFO:colcon.colcon_core.plugin_system:Skipping extension 'colcon_core.shell.bat': Not used on non-Windows systems
[3.793s] INFO:colcon.colcon_core.shell:Skip shell extension 'powershell' for command environment: Not usable outside of PowerShell
[3.793s] DEBUG:colcon.colcon_core.shell:Skip shell extension 'dsv' for command environment
[3.820s] DEBUG:colcon.colcon_core.event_handler.log_command:Invoking command in '/home/parsa/ros2_urdf_ws/build/my_robot_description': CMAKE_PREFIX_PATH=${CMAKE_PREFIX_PATH}:/opt/ros/humble /usr/bin/cmake --build /home/parsa/ros2_urdf_ws/build/my_robot_description -- -j3 -l3
[3.922s] DEBUG:colcon.colcon_core.event_handler.log_command:Invoked command in '/home/parsa/ros2_urdf_ws/build/my_robot_description' returned '0': CMAKE_PREFIX_PATH=${CMAKE_PREFIX_PATH}:/opt/ros/humble /usr/bin/cmake --build /home/parsa/ros2_urdf_ws/build/my_robot_description -- -j3 -l3
[3.980s] DEBUG:colcon.colcon_core.event_handler.log_command:Invoking command in '/home/parsa/ros2_urdf_ws/build/my_robot_description': CMAKE_PREFIX_PATH=${CMAKE_PREFIX_PATH}:/opt/ros/humble /usr/bin/cmake --install /home/parsa/ros2_urdf_ws/build/my_robot_description
[4.102s] Level 1:colcon.colcon_core.environment:create_environment_scripts_only(my_robot_description)
[4.105s] DEBUG:colcon.colcon_core.event_handler.log_command:Invoked command in '/home/parsa/ros2_urdf_ws/build/my_robot_description' returned '0': CMAKE_PREFIX_PATH=${CMAKE_PREFIX_PATH}:/opt/ros/humble /usr/bin/cmake --install /home/parsa/ros2_urdf_ws/build/my_robot_description
[4.109s] Level 1:colcon.colcon_core.environment:checking '/home/parsa/ros2_urdf_ws/install/my_robot_description' for CMake module files
[4.110s] Level 1:colcon.colcon_core.environment:checking '/home/parsa/ros2_urdf_ws/install/my_robot_description' for CMake config files
[4.111s] Level 1:colcon.colcon_core.shell:create_environment_hook('my_robot_description', 'cmake_prefix_path')
[4.111s] INFO:colcon.colcon_core.shell:Creating environment hook '/home/parsa/ros2_urdf_ws/install/my_robot_description/share/my_robot_description/hook/cmake_prefix_path.ps1'
[4.113s] INFO:colcon.colcon_core.shell:Creating environment descriptor '/home/parsa/ros2_urdf_ws/install/my_robot_description/share/my_robot_description/hook/cmake_prefix_path.dsv'
[4.114s] INFO:colcon.colcon_core.shell:Creating environment hook '/home/parsa/ros2_urdf_ws/install/my_robot_description/share/my_robot_description/hook/cmake_prefix_path.sh'
[4.119s] Level 1:colcon.colcon_core.environment:checking '/home/parsa/ros2_urdf_ws/install/my_robot_description/bin'
[4.119s] Level 1:colcon.colcon_core.environment:checking '/home/parsa/ros2_urdf_ws/install/my_robot_description/lib/pkgconfig/my_robot_description.pc'
[4.120s] Level 1:colcon.colcon_core.environment:checking '/home/parsa/ros2_urdf_ws/install/my_robot_description/lib/python3.10/site-packages'
[4.121s] Level 1:colcon.colcon_core.environment:checking '/home/parsa/ros2_urdf_ws/install/my_robot_description/bin'
[4.122s] INFO:colcon.colcon_core.shell:Creating package script '/home/parsa/ros2_urdf_ws/install/my_robot_description/share/my_robot_description/package.ps1'
[4.125s] INFO:colcon.colcon_core.shell:Creating package descriptor '/home/parsa/ros2_urdf_ws/install/my_robot_description/share/my_robot_description/package.dsv'
[4.125s] INFO:colcon.colcon_core.shell:Creating package script '/home/parsa/ros2_urdf_ws/install/my_robot_description/share/my_robot_description/package.sh'
[4.127s] INFO:colcon.colcon_core.shell:Creating package script '/home/parsa/ros2_urdf_ws/install/my_robot_description/share/my_robot_description/package.bash'
[4.128s] INFO:colcon.colcon_core.shell:Creating package script '/home/parsa/ros2_urdf_ws/install/my_robot_description/share/my_robot_description/package.zsh'
[4.129s] Level 1:colcon.colcon_core.environment:create_file_with_runtime_dependencies(/home/parsa/ros2_urdf_ws/install/my_robot_description/share/colcon-core/packages/my_robot_description)
[4.175s] Level 1:colcon.colcon_core.environment:create_environment_scripts_only(my_robot_description)
[4.176s] Level 1:colcon.colcon_core.environment:checking '/home/parsa/ros2_urdf_ws/install/my_robot_description' for CMake module files
[4.177s] Level 1:colcon.colcon_core.environment:checking '/home/parsa/ros2_urdf_ws/install/my_robot_description' for CMake config files
[4.178s] Level 1:colcon.colcon_core.shell:create_environment_hook('my_robot_description', 'cmake_prefix_path')
[4.179s] INFO:colcon.colcon_core.shell:Creating environment hook '/home/parsa/ros2_urdf_ws/install/my_robot_description/share/my_robot_description/hook/cmake_prefix_path.ps1'
[4.180s] INFO:colcon.colcon_core.shell:Creating environment descriptor '/home/parsa/ros2_urdf_ws/install/my_robot_description/share/my_robot_description/hook/cmake_prefix_path.dsv'
[4.181s] INFO:colcon.colcon_core.shell:Creating environment hook '/home/parsa/ros2_urdf_ws/install/my_robot_description/share/my_robot_description/hook/cmake_prefix_path.sh'
[4.182s] Level 1:colcon.colcon_core.environment:checking '/home/parsa/ros2_urdf_ws/install/my_robot_description/bin'
[4.182s] Level 1:colcon.colcon_core.environment:checking '/home/parsa/ros2_urdf_ws/install/my_robot_description/lib/pkgconfig/my_robot_description.pc'
[4.183s] Level 1:colcon.colcon_core.environment:checking '/home/parsa/ros2_urdf_ws/install/my_robot_description/lib/python3.10/site-packages'
[4.184s] Level 1:colcon.colcon_core.environment:checking '/home/parsa/ros2_urdf_ws/install/my_robot_description/bin'
[4.184s] INFO:colcon.colcon_core.shell:Creating package script '/home/parsa/ros2_urdf_ws/install/my_robot_description/share/my_robot_description/package.ps1'
[4.185s] INFO:colcon.colcon_core.shell:Creating package descriptor '/home/parsa/ros2_urdf_ws/install/my_robot_description/share/my_robot_description/package.dsv'
[4.186s] INFO:colcon.colcon_core.shell:Creating package script '/home/parsa/ros2_urdf_ws/install/my_robot_description/share/my_robot_description/package.sh'
[4.187s] INFO:colcon.colcon_core.shell:Creating package script '/home/parsa/ros2_urdf_ws/install/my_robot_description/share/my_robot_description/package.bash'
[4.188s] INFO:colcon.colcon_core.shell:Creating package script '/home/parsa/ros2_urdf_ws/install/my_robot_description/share/my_robot_description/package.zsh'
[4.189s] Level 1:colcon.colcon_core.environment:create_file_with_runtime_dependencies(/home/parsa/ros2_urdf_ws/install/my_robot_description/share/colcon-core/packages/my_robot_description)
[4.189s] INFO:colcon.colcon_ros.task.ament_cmake.build:Building ROS package in '/home/parsa/ros2_urdf_ws/src/my_robot_bringup' with build type 'ament_cmake'
[4.189s] INFO:colcon.colcon_cmake.task.cmake.build:Building CMake package in '/home/parsa/ros2_urdf_ws/src/my_robot_bringup'
[4.190s] INFO:colcon.colcon_core.shell:Skip shell extension 'powershell' for command environment: Not usable outside of PowerShell
[4.190s] DEBUG:colcon.colcon_core.shell:Skip shell extension 'dsv' for command environment
[4.275s] DEBUG:colcon.colcon_core.event_handler.log_command:Invoking command in '/home/parsa/ros2_urdf_ws/build/my_robot_bringup': CMAKE_PREFIX_PATH=/home/parsa/ros2_urdf_ws/install/my_robot_description:/home/parsa/ros2_urdf_ws/install/my_robot_bringup://home/parsa/ros2_urdf_ws/install/my_robot_bringup://home/parsa/ros2_urdf_ws/install/my_robot_description:/opt/ros/humble /usr/bin/cmake --build /home/parsa/ros2_urdf_ws/build/my_robot_bringup -- -j3 -l3
[5.051s] DEBUG:colcon.colcon_core.event_handler.log_command:Invoked command in '/home/parsa/ros2_urdf_ws/build/my_robot_bringup' returned '0': CMAKE_PREFIX_PATH=/home/parsa/ros2_urdf_ws/install/my_robot_description:/home/parsa/ros2_urdf_ws/install/my_robot_bringup://home/parsa/ros2_urdf_ws/install/my_robot_bringup://home/parsa/ros2_urdf_ws/install/my_robot_description:/opt/ros/humble /usr/bin/cmake --build /home/parsa/ros2_urdf_ws/build/my_robot_bringup -- -j3 -l3
[5.120s] DEBUG:colcon.colcon_core.event_handler.log_command:Invoking command in '/home/parsa/ros2_urdf_ws/build/my_robot_bringup': CMAKE_PREFIX_PATH=/home/parsa/ros2_urdf_ws/install/my_robot_description:/home/parsa/ros2_urdf_ws/install/my_robot_bringup://home/parsa/ros2_urdf_ws/install/my_robot_bringup://home/parsa/ros2_urdf_ws/install/my_robot_description:/opt/ros/humble /usr/bin/cmake --install /home/parsa/ros2_urdf_ws/build/my_robot_bringup
[5.206s] Level 1:colcon.colcon_core.environment:create_environment_scripts_only(my_robot_bringup)
[5.207s] Level 1:colcon.colcon_core.environment:checking '/home/parsa/ros2_urdf_ws/install/my_robot_bringup' for CMake module files
[5.209s] DEBUG:colcon.colcon_core.event_handler.log_command:Invoked command in '/home/parsa/ros2_urdf_ws/build/my_robot_bringup' returned '0': CMAKE_PREFIX_PATH=/home/parsa/ros2_urdf_ws/install/my_robot_description:/home/parsa/ros2_urdf_ws/install/my_robot_bringup://home/parsa/ros2_urdf_ws/install/my_robot_bringup://home/parsa/ros2_urdf_ws/install/my_robot_description:/opt/ros/humble /usr/bin/cmake --install /home/parsa/ros2_urdf_ws/build/my_robot_bringup
[5.211s] Level 1:colcon.colcon_core.environment:checking '/home/parsa/ros2_urdf_ws/install/my_robot_bringup' for CMake config files
[5.212s] Level 1:colcon.colcon_core.shell:create_environment_hook('my_robot_bringup', 'cmake_prefix_path')
[5.213s] INFO:colcon.colcon_core.shell:Creating environment hook '/home/parsa/ros2_urdf_ws/install/my_robot_bringup/share/my_robot_bringup/hook/cmake_prefix_path.ps1'
[5.214s] INFO:colcon.colcon_core.shell:Creating environment descriptor '/home/parsa/ros2_urdf_ws/install/my_robot_bringup/share/my_robot_bringup/hook/cmake_prefix_path.dsv'
[5.215s] INFO:colcon.colcon_core.shell:Creating environment hook '/home/parsa/ros2_urdf_ws/install/my_robot_bringup/share/my_robot_bringup/hook/cmake_prefix_path.sh'
[5.217s] Level 1:colcon.colcon_core.environment:checking '/home/parsa/ros2_urdf_ws/install/my_robot_bringup/bin'
[5.217s] Level 1:colcon.colcon_core.environment:checking '/home/parsa/ros2_urdf_ws/install/my_robot_bringup/lib/pkgconfig/my_robot_bringup.pc'
[5.218s] Level 1:colcon.colcon_core.environment:checking '/home/parsa/ros2_urdf_ws/install/my_robot_bringup/lib/python3.10/site-packages'
[5.219s] Level 1:colcon.colcon_core.environment:checking '/home/parsa/ros2_urdf_ws/install/my_robot_bringup/bin'
[5.220s] INFO:colcon.colcon_core.shell:Creating package script '/home/parsa/ros2_urdf_ws/install/my_robot_bringup/share/my_robot_bringup/package.ps1'
[5.221s] INFO:colcon.colcon_core.shell:Creating package descriptor '/home/parsa/ros2_urdf_ws/install/my_robot_bringup/share/my_robot_bringup/package.dsv'
[5.223s] INFO:colcon.colcon_core.shell:Creating package script '/home/parsa/ros2_urdf_ws/install/my_robot_bringup/share/my_robot_bringup/package.sh'
[5.224s] INFO:colcon.colcon_core.shell:Creating package script '/home/parsa/ros2_urdf_ws/install/my_robot_bringup/share/my_robot_bringup/package.bash'
[5.225s] INFO:colcon.colcon_core.shell:Creating package script '/home/parsa/ros2_urdf_ws/install/my_robot_bringup/share/my_robot_bringup/package.zsh'
[5.227s] Level 1:colcon.colcon_core.environment:create_file_with_runtime_dependencies(/home/parsa/ros2_urdf_ws/install/my_robot_bringup/share/colcon-core/packages/my_robot_bringup)
[5.287s] Level 1:colcon.colcon_core.environment:create_environment_scripts_only(my_robot_bringup)
[5.289s] Level 1:colcon.colcon_core.environment:checking '/home/parsa/ros2_urdf_ws/install/my_robot_bringup' for CMake module files
[5.291s] Level 1:colcon.colcon_core.environment:checking '/home/parsa/ros2_urdf_ws/install/my_robot_bringup' for CMake config files
[5.291s] Level 1:colcon.colcon_core.shell:create_environment_hook('my_robot_bringup', 'cmake_prefix_path')
[5.292s] INFO:colcon.colcon_core.shell:Creating environment hook '/home/parsa/ros2_urdf_ws/install/my_robot_bringup/share/my_robot_bringup/hook/cmake_prefix_path.ps1'
[5.294s] INFO:colcon.colcon_core.shell:Creating environment descriptor '/home/parsa/ros2_urdf_ws/install/my_robot_bringup/share/my_robot_bringup/hook/cmake_prefix_path.dsv'
[5.295s] INFO:colcon.colcon_core.shell:Creating environment hook '/home/parsa/ros2_urdf_ws/install/my_robot_bringup/share/my_robot_bringup/hook/cmake_prefix_path.sh'
[5.296s] Level 1:colcon.colcon_core.environment:checking '/home/parsa/ros2_urdf_ws/install/my_robot_bringup/bin'
[5.296s] Level 1:colcon.colcon_core.environment:checking '/home/parsa/ros2_urdf_ws/install/my_robot_bringup/lib/pkgconfig/my_robot_bringup.pc'
[5.298s] Level 1:colcon.colcon_core.environment:checking '/home/parsa/ros2_urdf_ws/install/my_robot_bringup/lib/python3.10/site-packages'
[5.299s] Level 1:colcon.colcon_core.environment:checking '/home/parsa/ros2_urdf_ws/install/my_robot_bringup/bin'
[5.300s] INFO:colcon.colcon_core.shell:Creating package script '/home/parsa/ros2_urdf_ws/install/my_robot_bringup/share/my_robot_bringup/package.ps1'
[5.303s] INFO:colcon.colcon_core.shell:Creating package descriptor '/home/parsa/ros2_urdf_ws/install/my_robot_bringup/share/my_robot_bringup/package.dsv'
[5.305s] INFO:colcon.colcon_core.shell:Creating package script '/home/parsa/ros2_urdf_ws/install/my_robot_bringup/share/my_robot_bringup/package.sh'
[5.307s] INFO:colcon.colcon_core.shell:Creating package script '/home/parsa/ros2_urdf_ws/install/my_robot_bringup/share/my_robot_bringup/package.bash'
[5.308s] INFO:colcon.colcon_core.shell:Creating package script '/home/parsa/ros2_urdf_ws/install/my_robot_bringup/share/my_robot_bringup/package.zsh'
[5.310s] Level 1:colcon.colcon_core.environment:create_file_with_runtime_dependencies(/home/parsa/ros2_urdf_ws/install/my_robot_bringup/share/colcon-core/packages/my_robot_bringup)
[5.310s] DEBUG:colcon.colcon_parallel_executor.executor.parallel:closing loop
[5.311s] DEBUG:colcon.colcon_parallel_executor.executor.parallel:loop closed
[5.311s] DEBUG:colcon.colcon_parallel_executor.executor.parallel:run_until_complete finished with '0'
[5.311s] DEBUG:colcon.colcon_core.event_reactor:joining thread
[5.331s] INFO:colcon.colcon_core.plugin_system:Skipping extension 'colcon_notification.desktop_notification.terminal_notifier': Not used on non-Darwin systems
[5.331s] INFO:colcon.colcon_core.plugin_system:Skipping extension 'colcon_notification.desktop_notification.win32': Not used on non-Windows systems
[5.332s] INFO:colcon.colcon_notification.desktop_notification:Sending desktop notification using 'notify2'
[5.412s] DEBUG:colcon.colcon_core.event_reactor:joined thread
[5.413s] INFO:colcon.colcon_core.shell:Creating prefix script '/home/parsa/ros2_urdf_ws/install/local_setup.ps1'
[5.417s] INFO:colcon.colcon_core.shell:Creating prefix util module '/home/parsa/ros2_urdf_ws/install/_local_setup_util_ps1.py'
[5.434s] INFO:colcon.colcon_core.shell:Creating prefix chain script '/home/parsa/ros2_urdf_ws/install/setup.ps1'
[5.444s] INFO:colcon.colcon_core.shell:Creating prefix script '/home/parsa/ros2_urdf_ws/install/local_setup.sh'
[5.449s] INFO:colcon.colcon_core.shell:Creating prefix util module '/home/parsa/ros2_urdf_ws/install/_local_setup_util_sh.py'
[5.452s] INFO:colcon.colcon_core.shell:Creating prefix chain script '/home/parsa/ros2_urdf_ws/install/setup.sh'
[5.461s] INFO:colcon.colcon_core.shell:Creating prefix script '/home/parsa/ros2_urdf_ws/install/local_setup.bash'
[5.463s] INFO:colcon.colcon_core.shell:Creating prefix chain script '/home/parsa/ros2_urdf_ws/install/setup.bash'
[5.468s] INFO:colcon.colcon_core.shell:Creating prefix script '/home/parsa/ros2_urdf_ws/install/local_setup.zsh'
[5.472s] INFO:colcon.colcon_core.shell:Creating prefix chain script '/home/parsa/ros2_urdf_ws/install/setup.zsh'
