[0.027s] Invoking command in '/home/parsa/ros2_urdf_ws/build/my_robot_description': CMAKE_PREFIX_PATH=${CMAKE_PREFIX_PATH}:/opt/ros/humble /usr/bin/cmake --build /home/parsa/ros2_urdf_ws/build/my_robot_description -- -j3 -l3
[0.095s] Invoked command in '/home/parsa/ros2_urdf_ws/build/my_robot_description' returned '0': CMAKE_PREFIX_PATH=${CMAKE_PREFIX_PATH}:/opt/ros/humble /usr/bin/cmake --build /home/parsa/ros2_urdf_ws/build/my_robot_description -- -j3 -l3
[0.171s] Invoking command in '/home/parsa/ros2_urdf_ws/build/my_robot_description': CMAKE_PREFIX_PATH=${CMAKE_PREFIX_PATH}:/opt/ros/humble /usr/bin/cmake --install /home/parsa/ros2_urdf_ws/build/my_robot_description
[0.180s] -- Install configuration: ""
[0.181s] -- Execute custom install script
[0.182s] -- Up-to-date symlink: /home/parsa/ros2_urdf_ws/install/my_robot_description/share/my_robot_description//urdf/my_robot.urdf.xacro
[0.183s] -- Up-to-date symlink: /home/parsa/ros2_urdf_ws/install/my_robot_description/share/my_robot_description//launch/display.launch.py
[0.183s] -- Up-to-date symlink: /home/parsa/ros2_urdf_ws/install/my_robot_description/share/my_robot_description//launch/display.launch.xml
[0.184s] -- Up-to-date symlink: /home/parsa/ros2_urdf_ws/install/my_robot_description/share/my_robot_description//rviz/urdf.rviz
[0.184s] -- Up-to-date symlink: /home/parsa/ros2_urdf_ws/install/my_robot_description/share/my_robot_description//meshes/Body.dae
[0.184s] -- Up-to-date symlink: /home/parsa/ros2_urdf_ws/install/my_robot_description/share/my_robot_description//meshes/femur.dae
[0.184s] -- Up-to-date symlink: /home/parsa/ros2_urdf_ws/install/my_robot_description/share/my_robot_description//meshes/foot-b-1.dae
[0.184s] -- Up-to-date symlink: /home/parsa/ros2_urdf_ws/install/my_robot_description/share/my_robot_description//meshes/foot-f-1.dae
[0.185s] -- Up-to-date symlink: /home/parsa/ros2_urdf_ws/install/my_robot_description/share/my_robot_description//meshes/torso_joint_b.dae
[0.186s] -- Up-to-date symlink: /home/parsa/ros2_urdf_ws/install/my_robot_description/share/my_robot_description//meshes/torso_joint_f.dae
[0.186s] -- Up-to-date symlink: /home/parsa/ros2_urdf_ws/install/my_robot_description/share/ament_index/resource_index/package_run_dependencies/my_robot_description
[0.186s] -- Up-to-date symlink: /home/parsa/ros2_urdf_ws/install/my_robot_description/share/ament_index/resource_index/parent_prefix_path/my_robot_description
[0.187s] -- Up-to-date symlink: /home/parsa/ros2_urdf_ws/install/my_robot_description/share/my_robot_description/environment/ament_prefix_path.sh
[0.187s] -- Up-to-date symlink: /home/parsa/ros2_urdf_ws/install/my_robot_description/share/my_robot_description/environment/ament_prefix_path.dsv
[0.187s] -- Up-to-date symlink: /home/parsa/ros2_urdf_ws/install/my_robot_description/share/my_robot_description/environment/path.sh
[0.188s] -- Up-to-date symlink: /home/parsa/ros2_urdf_ws/install/my_robot_description/share/my_robot_description/environment/path.dsv
[0.188s] -- Up-to-date symlink: /home/parsa/ros2_urdf_ws/install/my_robot_description/share/my_robot_description/local_setup.bash
[0.188s] -- Up-to-date symlink: /home/parsa/ros2_urdf_ws/install/my_robot_description/share/my_robot_description/local_setup.sh
[0.189s] -- Up-to-date symlink: /home/parsa/ros2_urdf_ws/install/my_robot_description/share/my_robot_description/local_setup.zsh
[0.189s] -- Up-to-date symlink: /home/parsa/ros2_urdf_ws/install/my_robot_description/share/my_robot_description/local_setup.dsv
[0.189s] -- Symlinking: /home/parsa/ros2_urdf_ws/install/my_robot_description/share/my_robot_description/package.dsv
[0.201s] -- Up-to-date symlink: /home/parsa/ros2_urdf_ws/install/my_robot_description/share/ament_index/resource_index/packages/my_robot_description
[0.202s] -- Up-to-date symlink: /home/parsa/ros2_urdf_ws/install/my_robot_description/share/my_robot_description/cmake/my_robot_descriptionConfig.cmake
[0.202s] -- Up-to-date symlink: /home/parsa/ros2_urdf_ws/install/my_robot_description/share/my_robot_description/cmake/my_robot_descriptionConfig-version.cmake
[0.202s] -- Up-to-date symlink: /home/parsa/ros2_urdf_ws/install/my_robot_description/share/my_robot_description/package.xml
[0.205s] Invoked command in '/home/parsa/ros2_urdf_ws/build/my_robot_description' returned '0': CMAKE_PREFIX_PATH=${CMAKE_PREFIX_PATH}:/opt/ros/humble /usr/bin/cmake --install /home/parsa/ros2_urdf_ws/build/my_robot_description
