[1.895s] DEBUG:colcon:Command line arguments: ['/usr/bin/colcon', 'build']
[1.901s] DEBUG:colcon:Parsed command line arguments: Namespace(log_base=None, log_level=None, verb_name='build', build_base='build', install_base='install', merge_install=False, symlink_install=False, test_result_base=None, continue_on_error=False, executor='parallel', parallel_workers=3, event_handlers=None, ignore_user_meta=False, metas=['./colcon.meta'], base_paths=['.'], packages_ignore=None, packages_ignore_regex=None, paths=None, packages_up_to=None, packages_up_to_regex=None, packages_above=None, packages_above_and_dependencies=None, packages_above_depth=None, packages_select_by_dep=None, packages_skip_by_dep=None, packages_skip_up_to=None, packages_select_build_failed=False, packages_skip_build_finished=False, packages_select_test_failures=False, packages_skip_test_passed=False, packages_select=None, packages_skip=None, packages_select_regex=None, packages_skip_regex=None, packages_start=None, packages_end=None, allow_overriding=[], cmake_args=None, cmake_target=None, cmake_target_skip_unavailable=False, cmake_clean_cache=False, cmake_clean_first=False, cmake_force_configure=False, ament_cmake_args=None, catkin_cmake_args=None, catkin_skip_building_tests=False, mixin_files=None, mixin=None, verb_parser=<colcon_mixin.mixin.mixin_argument.MixinArgumentDecorator object at 0x7dfd40c4aa10>, verb_extension=<colcon_core.verb.build.BuildVerb object at 0x7dfd40c4a380>, main=<bound method BuildVerb.main of <colcon_core.verb.build.BuildVerb object at 0x7dfd40c4a380>>, mixin_verb=('build',))
[9.033s] Level 1:colcon.colcon_core.package_discovery:discover_packages(colcon_meta) check parameters
[9.034s] Level 1:colcon.colcon_core.package_discovery:discover_packages(recursive) check parameters
[9.034s] Level 1:colcon.colcon_core.package_discovery:discover_packages(ignore) check parameters
[9.034s] Level 1:colcon.colcon_core.package_discovery:discover_packages(path) check parameters
[9.034s] Level 1:colcon.colcon_core.package_discovery:discover_packages(colcon_meta) discover
[9.034s] Level 1:colcon.colcon_core.package_discovery:discover_packages(recursive) discover
[9.035s] INFO:colcon.colcon_core.package_discovery:Crawling recursively for packages in '/home/parsa/ros2_urdf_ws'
[9.035s] Level 1:colcon.colcon_core.package_identification:_identify(.) by extensions ['ignore', 'ignore_ament_install']
[9.035s] Level 1:colcon.colcon_core.package_identification:_identify(.) by extension 'ignore'
[9.035s] Level 1:colcon.colcon_core.package_identification:_identify(.) by extension 'ignore_ament_install'
[9.036s] Level 1:colcon.colcon_core.package_identification:_identify(.) by extensions ['colcon_pkg']
[9.036s] Level 1:colcon.colcon_core.package_identification:_identify(.) by extension 'colcon_pkg'
[9.036s] Level 1:colcon.colcon_core.package_identification:_identify(.) by extensions ['colcon_meta']
[9.036s] Level 1:colcon.colcon_core.package_identification:_identify(.) by extension 'colcon_meta'
[9.036s] Level 1:colcon.colcon_core.package_identification:_identify(.) by extensions ['ros']
[9.036s] Level 1:colcon.colcon_core.package_identification:_identify(.) by extension 'ros'
[9.081s] Level 1:colcon.colcon_core.package_identification:_identify(.) by extensions ['cmake', 'python']
[9.082s] Level 1:colcon.colcon_core.package_identification:_identify(.) by extension 'cmake'
[9.082s] Level 1:colcon.colcon_core.package_identification:_identify(.) by extension 'python'
[9.082s] Level 1:colcon.colcon_core.package_identification:_identify(.) by extensions ['python_setup_py']
[9.082s] Level 1:colcon.colcon_core.package_identification:_identify(.) by extension 'python_setup_py'
[9.082s] Level 1:colcon.colcon_core.package_identification:_identify(build) by extensions ['ignore', 'ignore_ament_install']
[9.082s] Level 1:colcon.colcon_core.package_identification:_identify(build) by extension 'ignore'
[9.082s] Level 1:colcon.colcon_core.package_identification:_identify(build) ignored
[9.083s] Level 1:colcon.colcon_core.package_identification:_identify(install) by extensions ['ignore', 'ignore_ament_install']
[9.083s] Level 1:colcon.colcon_core.package_identification:_identify(install) by extension 'ignore'
[9.083s] Level 1:colcon.colcon_core.package_identification:_identify(install) ignored
[9.083s] Level 1:colcon.colcon_core.package_identification:_identify(log) by extensions ['ignore', 'ignore_ament_install']
[9.083s] Level 1:colcon.colcon_core.package_identification:_identify(log) by extension 'ignore'
[9.083s] Level 1:colcon.colcon_core.package_identification:_identify(log) ignored
[9.083s] Level 1:colcon.colcon_core.package_identification:_identify(src) by extensions ['ignore', 'ignore_ament_install']
[9.083s] Level 1:colcon.colcon_core.package_identification:_identify(src) by extension 'ignore'
[9.083s] Level 1:colcon.colcon_core.package_identification:_identify(src) by extension 'ignore_ament_install'
[9.084s] Level 1:colcon.colcon_core.package_identification:_identify(src) by extensions ['colcon_pkg']
[9.084s] Level 1:colcon.colcon_core.package_identification:_identify(src) by extension 'colcon_pkg'
[9.084s] Level 1:colcon.colcon_core.package_identification:_identify(src) by extensions ['colcon_meta']
[9.084s] Level 1:colcon.colcon_core.package_identification:_identify(src) by extension 'colcon_meta'
[9.084s] Level 1:colcon.colcon_core.package_identification:_identify(src) by extensions ['ros']
[9.084s] Level 1:colcon.colcon_core.package_identification:_identify(src) by extension 'ros'
[9.084s] Level 1:colcon.colcon_core.package_identification:_identify(src) by extensions ['cmake', 'python']
[9.084s] Level 1:colcon.colcon_core.package_identification:_identify(src) by extension 'cmake'
[9.084s] Level 1:colcon.colcon_core.package_identification:_identify(src) by extension 'python'
[9.084s] Level 1:colcon.colcon_core.package_identification:_identify(src) by extensions ['python_setup_py']
[9.084s] Level 1:colcon.colcon_core.package_identification:_identify(src) by extension 'python_setup_py'
[9.084s] Level 1:colcon.colcon_core.package_discovery:discover_packages(recursive) using defaults
[9.084s] Level 1:colcon.colcon_core.package_discovery:discover_packages(ignore) discover
[9.084s] Level 1:colcon.colcon_core.package_discovery:discover_packages(ignore) using defaults
[9.084s] Level 1:colcon.colcon_core.package_discovery:discover_packages(path) discover
[9.085s] Level 1:colcon.colcon_core.package_discovery:discover_packages(path) using defaults
[9.344s] Level 1:colcon.colcon_core.package_discovery:discover_packages(prefix_path) check parameters
[9.344s] Level 1:colcon.colcon_core.package_discovery:discover_packages(prefix_path) discover
[9.372s] DEBUG:colcon.colcon_installed_package_information.package_discovery:Found 297 installed packages in /opt/ros/humble
[9.379s] Level 1:colcon.colcon_core.package_discovery:discover_packages(prefix_path) using defaults
[9.502s] INFO:colcon.colcon_core.executor:Executing jobs using 'parallel' executor
[9.504s] DEBUG:colcon.colcon_parallel_executor.executor.parallel:run_until_complete
[9.504s] DEBUG:colcon.colcon_parallel_executor.executor.parallel:closing loop
[9.504s] DEBUG:colcon.colcon_parallel_executor.executor.parallel:loop closed
[9.504s] DEBUG:colcon.colcon_parallel_executor.executor.parallel:run_until_complete finished with '0'
[9.504s] DEBUG:colcon.colcon_core.event_reactor:joining thread
[9.612s] INFO:colcon.colcon_core.plugin_system:Skipping extension 'colcon_notification.desktop_notification.terminal_notifier': Not used on non-Darwin systems
[9.612s] INFO:colcon.colcon_core.plugin_system:Skipping extension 'colcon_notification.desktop_notification.win32': Not used on non-Windows systems
[9.612s] INFO:colcon.colcon_notification.desktop_notification:Sending desktop notification using 'notify2'
[10.335s] DEBUG:colcon.colcon_core.event_reactor:joined thread
[10.372s] INFO:colcon.colcon_core.plugin_system:Skipping extension 'colcon_core.shell.bat': Not used on non-Windows systems
[10.372s] INFO:colcon.colcon_core.shell:Creating prefix script '/home/parsa/ros2_urdf_ws/install/local_setup.ps1'
[10.375s] INFO:colcon.colcon_core.shell:Creating prefix util module '/home/parsa/ros2_urdf_ws/install/_local_setup_util_ps1.py'
[10.397s] INFO:colcon.colcon_core.shell:Creating prefix chain script '/home/parsa/ros2_urdf_ws/install/setup.ps1'
[10.399s] INFO:colcon.colcon_core.shell:Creating prefix script '/home/parsa/ros2_urdf_ws/install/local_setup.sh'
[10.401s] INFO:colcon.colcon_core.shell:Creating prefix util module '/home/parsa/ros2_urdf_ws/install/_local_setup_util_sh.py'
[10.401s] INFO:colcon.colcon_core.shell:Creating prefix chain script '/home/parsa/ros2_urdf_ws/install/setup.sh'
[10.404s] INFO:colcon.colcon_core.shell:Creating prefix script '/home/parsa/ros2_urdf_ws/install/local_setup.bash'
[10.406s] INFO:colcon.colcon_core.shell:Creating prefix chain script '/home/parsa/ros2_urdf_ws/install/setup.bash'
[10.409s] INFO:colcon.colcon_core.shell:Creating prefix script '/home/parsa/ros2_urdf_ws/install/local_setup.zsh'
[10.428s] INFO:colcon.colcon_core.shell:Creating prefix chain script '/home/parsa/ros2_urdf_ws/install/setup.zsh'
