[0.017s] Invoking command in '/home/parsa/ros2_urdf_ws/build/my_robot_bringup': CMAKE_PREFIX_PATH=/home/parsa/ros2_urdf_ws/install/my_robot_description:/home/parsa/ros2_urdf_ws/install/my_robot_bringup://home/parsa/ros2_urdf_ws/install/my_robot_bringup://home/parsa/ros2_urdf_ws/install/my_robot_description:/opt/ros/humble /usr/bin/cmake --build /home/parsa/ros2_urdf_ws/build/my_robot_bringup -- -j3 -l3
[0.086s] Invoked command in '/home/parsa/ros2_urdf_ws/build/my_robot_bringup' returned '0': CMAKE_PREFIX_PATH=/home/parsa/ros2_urdf_ws/install/my_robot_description:/home/parsa/ros2_urdf_ws/install/my_robot_bringup://home/parsa/ros2_urdf_ws/install/my_robot_bringup://home/parsa/ros2_urdf_ws/install/my_robot_description:/opt/ros/humble /usr/bin/cmake --build /home/parsa/ros2_urdf_ws/build/my_robot_bringup -- -j3 -l3
[0.123s] Invoking command in '/home/parsa/ros2_urdf_ws/build/my_robot_bringup': CMAKE_PREFIX_PATH=/home/parsa/ros2_urdf_ws/install/my_robot_description:/home/parsa/ros2_urdf_ws/install/my_robot_bringup://home/parsa/ros2_urdf_ws/install/my_robot_bringup://home/parsa/ros2_urdf_ws/install/my_robot_description:/opt/ros/humble /usr/bin/cmake --install /home/parsa/ros2_urdf_ws/build/my_robot_bringup
[0.138s] -- Install configuration: ""
[0.139s] -- Execute custom install script
[0.140s] -- Up-to-date symlink: /home/parsa/ros2_urdf_ws/install/my_robot_bringup/share/my_robot_bringup//launch/my_robot_gazebo.launch.xml
[0.140s] -- Up-to-date symlink: /home/parsa/ros2_urdf_ws/install/my_robot_bringup/share/my_robot_bringup//rviz/urdf.rviz
[0.141s] -- Up-to-date symlink: /home/parsa/ros2_urdf_ws/install/my_robot_bringup/share/my_robot_bringup//config/joint_controller.yaml
[0.142s] -- Up-to-date symlink: /home/parsa/ros2_urdf_ws/install/my_robot_bringup/share/ament_index/resource_index/package_run_dependencies/my_robot_bringup
[0.146s] -- Up-to-date symlink: /home/parsa/ros2_urdf_ws/install/my_robot_bringup/share/ament_index/resource_index/parent_prefix_path/my_robot_bringup
[0.149s] -- Up-to-date symlink: /home/parsa/ros2_urdf_ws/install/my_robot_bringup/share/my_robot_bringup/environment/ament_prefix_path.sh
[0.149s] -- Up-to-date symlink: /home/parsa/ros2_urdf_ws/install/my_robot_bringup/share/my_robot_bringup/environment/ament_prefix_path.dsv
[0.149s] -- Up-to-date symlink: /home/parsa/ros2_urdf_ws/install/my_robot_bringup/share/my_robot_bringup/environment/path.sh
[0.149s] -- Up-to-date symlink: /home/parsa/ros2_urdf_ws/install/my_robot_bringup/share/my_robot_bringup/environment/path.dsv
[0.150s] -- Up-to-date symlink: /home/parsa/ros2_urdf_ws/install/my_robot_bringup/share/my_robot_bringup/local_setup.bash
[0.152s] -- Up-to-date symlink: /home/parsa/ros2_urdf_ws/install/my_robot_bringup/share/my_robot_bringup/local_setup.sh
[0.154s] -- Up-to-date symlink: /home/parsa/ros2_urdf_ws/install/my_robot_bringup/share/my_robot_bringup/local_setup.zsh
[0.155s] -- Up-to-date symlink: /home/parsa/ros2_urdf_ws/install/my_robot_bringup/share/my_robot_bringup/local_setup.dsv
[0.155s] -- Symlinking: /home/parsa/ros2_urdf_ws/install/my_robot_bringup/share/my_robot_bringup/package.dsv
[0.195s] -- Up-to-date symlink: /home/parsa/ros2_urdf_ws/install/my_robot_bringup/share/ament_index/resource_index/packages/my_robot_bringup
[0.195s] -- Up-to-date symlink: /home/parsa/ros2_urdf_ws/install/my_robot_bringup/share/my_robot_bringup/cmake/my_robot_bringupConfig.cmake
[0.196s] -- Up-to-date symlink: /home/parsa/ros2_urdf_ws/install/my_robot_bringup/share/my_robot_bringup/cmake/my_robot_bringupConfig-version.cmake
[0.197s] -- Up-to-date symlink: /home/parsa/ros2_urdf_ws/install/my_robot_bringup/share/my_robot_bringup/package.xml
[0.204s] Invoked command in '/home/parsa/ros2_urdf_ws/build/my_robot_bringup' returned '0': CMAKE_PREFIX_PATH=/home/parsa/ros2_urdf_ws/install/my_robot_description:/home/parsa/ros2_urdf_ws/install/my_robot_bringup://home/parsa/ros2_urdf_ws/install/my_robot_bringup://home/parsa/ros2_urdf_ws/install/my_robot_description:/opt/ros/humble /usr/bin/cmake --install /home/parsa/ros2_urdf_ws/build/my_robot_bringup
