[0.121s] Invoking command in '/home/parsa/ros2_urdf_ws/build/my_robot_description': CMAKE_PREFIX_PATH=${CMAKE_PREFIX_PATH}:/opt/ros/humble /usr/bin/cmake --build /home/parsa/ros2_urdf_ws/build/my_robot_description -- -j3 -l3
[0.656s] -- Found ament_cmake: 1.3.10 (/opt/ros/humble/share/ament_cmake/cmake)
[2.840s] -- Configuring done
[2.992s] -- Generating done
[3.001s] -- Build files have been written to: /home/parsa/ros2_urdf_ws/build/my_robot_description
[3.109s] Invoked command in '/home/parsa/ros2_urdf_ws/build/my_robot_description' returned '0': CMAKE_PREFIX_PATH=${CMAKE_PREFIX_PATH}:/opt/ros/humble /usr/bin/cmake --build /home/parsa/ros2_urdf_ws/build/my_robot_description -- -j3 -l3
[3.196s] Invoking command in '/home/parsa/ros2_urdf_ws/build/my_robot_description': CMAKE_PREFIX_PATH=${CMAKE_PREFIX_PATH}:/opt/ros/humble /usr/bin/cmake --install /home/parsa/ros2_urdf_ws/build/my_robot_description
[3.221s] -- Install configuration: ""
[3.222s] -- Up-to-date: /home/parsa/ros2_urdf_ws/install/my_robot_description/share/my_robot_description//urdf
[3.222s] -- Up-to-date: /home/parsa/ros2_urdf_ws/install/my_robot_description/share/my_robot_description//urdf/my_robot.urdf
[3.222s] -- Up-to-date: /home/parsa/ros2_urdf_ws/install/my_robot_description/share/my_robot_description//launch
[3.222s] -- Installing: /home/parsa/ros2_urdf_ws/install/my_robot_description/share/my_robot_description//launch/display.launch.xml
[3.222s] -- Up-to-date: /home/parsa/ros2_urdf_ws/install/my_robot_description/share/my_robot_description//launch/display.launch.py
[3.223s] -- Installing: /home/parsa/ros2_urdf_ws/install/my_robot_description/share/my_robot_description//rviz
[3.223s] -- Installing: /home/parsa/ros2_urdf_ws/install/my_robot_description/share/my_robot_description//rviz/urdf.rviz
[3.223s] -- Up-to-date: /home/parsa/ros2_urdf_ws/install/my_robot_description/share/ament_index/resource_index/package_run_dependencies/my_robot_description
[3.223s] -- Installing: /home/parsa/ros2_urdf_ws/install/my_robot_description/share/ament_index/resource_index/parent_prefix_path/my_robot_description
[3.254s] -- Up-to-date: /home/parsa/ros2_urdf_ws/install/my_robot_description/share/my_robot_description/environment/ament_prefix_path.sh
[3.256s] -- Installing: /home/parsa/ros2_urdf_ws/install/my_robot_description/share/my_robot_description/environment/ament_prefix_path.dsv
[3.256s] -- Up-to-date: /home/parsa/ros2_urdf_ws/install/my_robot_description/share/my_robot_description/environment/path.sh
[3.257s] -- Installing: /home/parsa/ros2_urdf_ws/install/my_robot_description/share/my_robot_description/environment/path.dsv
[3.258s] -- Up-to-date: /home/parsa/ros2_urdf_ws/install/my_robot_description/share/my_robot_description/local_setup.bash
[3.258s] -- Up-to-date: /home/parsa/ros2_urdf_ws/install/my_robot_description/share/my_robot_description/local_setup.sh
[3.258s] -- Up-to-date: /home/parsa/ros2_urdf_ws/install/my_robot_description/share/my_robot_description/local_setup.zsh
[3.258s] -- Installing: /home/parsa/ros2_urdf_ws/install/my_robot_description/share/my_robot_description/local_setup.dsv
[3.258s] -- Installing: /home/parsa/ros2_urdf_ws/install/my_robot_description/share/my_robot_description/package.dsv
[3.259s] -- Up-to-date: /home/parsa/ros2_urdf_ws/install/my_robot_description/share/ament_index/resource_index/packages/my_robot_description
[3.259s] -- Up-to-date: /home/parsa/ros2_urdf_ws/install/my_robot_description/share/my_robot_description/cmake/my_robot_descriptionConfig.cmake
[3.259s] -- Up-to-date: /home/parsa/ros2_urdf_ws/install/my_robot_description/share/my_robot_description/cmake/my_robot_descriptionConfig-version.cmake
[3.259s] -- Up-to-date: /home/parsa/ros2_urdf_ws/install/my_robot_description/share/my_robot_description/package.xml
[3.268s] Invoked command in '/home/parsa/ros2_urdf_ws/build/my_robot_description' returned '0': CMAKE_PREFIX_PATH=${CMAKE_PREFIX_PATH}:/opt/ros/humble /usr/bin/cmake --install /home/parsa/ros2_urdf_ws/build/my_robot_description
