[0.111s] Invoking command in '/home/parsa/ros2_urdf_ws/build/my_robot_description': CMAKE_PREFIX_PATH=/opt/ros/humble /usr/bin/cmake --build /home/parsa/ros2_urdf_ws/build/my_robot_description -- -j3 -l3
[0.539s] -- Found ament_cmake: 1.3.10 (/opt/ros/humble/share/ament_cmake/cmake)
[1.179s] -- Configuring done
[1.192s] -- Generating done
[1.192s] -- Build files have been written to: /home/parsa/ros2_urdf_ws/build/my_robot_description
[1.298s] Invoked command in '/home/parsa/ros2_urdf_ws/build/my_robot_description' returned '0': CMAKE_PREFIX_PATH=/opt/ros/humble /usr/bin/cmake --build /home/parsa/ros2_urdf_ws/build/my_robot_description -- -j3 -l3
[1.376s] Invoking command in '/home/parsa/ros2_urdf_ws/build/my_robot_description': CMAKE_PREFIX_PATH=/opt/ros/humble /usr/bin/cmake --install /home/parsa/ros2_urdf_ws/build/my_robot_description
[1.397s] -- Install configuration: ""
[1.397s] -- Up-to-date: /home/parsa/ros2_urdf_ws/install/my_robot_description/share/my_robot_description//urdf
[1.397s] -- Up-to-date: /home/parsa/ros2_urdf_ws/install/my_robot_description/share/my_robot_description//urdf/my_robot.urdf
[1.397s] -- Installing: /home/parsa/ros2_urdf_ws/install/my_robot_description/share/my_robot_description//launch
[1.398s] -- Installing: /home/parsa/ros2_urdf_ws/install/my_robot_description/share/my_robot_description//launch/display.launch.xml
[1.398s] -- Up-to-date: /home/parsa/ros2_urdf_ws/install/my_robot_description/share/ament_index/resource_index/package_run_dependencies/my_robot_description
[1.398s] -- Up-to-date: /home/parsa/ros2_urdf_ws/install/my_robot_description/share/ament_index/resource_index/parent_prefix_path/my_robot_description
[1.398s] -- Up-to-date: /home/parsa/ros2_urdf_ws/install/my_robot_description/share/my_robot_description/environment/ament_prefix_path.sh
[1.399s] -- Installing: /home/parsa/ros2_urdf_ws/install/my_robot_description/share/my_robot_description/environment/ament_prefix_path.dsv
[1.399s] -- Up-to-date: /home/parsa/ros2_urdf_ws/install/my_robot_description/share/my_robot_description/environment/path.sh
[1.399s] -- Installing: /home/parsa/ros2_urdf_ws/install/my_robot_description/share/my_robot_description/environment/path.dsv
[1.399s] -- Up-to-date: /home/parsa/ros2_urdf_ws/install/my_robot_description/share/my_robot_description/local_setup.bash
[1.399s] -- Up-to-date: /home/parsa/ros2_urdf_ws/install/my_robot_description/share/my_robot_description/local_setup.sh
[1.400s] -- Up-to-date: /home/parsa/ros2_urdf_ws/install/my_robot_description/share/my_robot_description/local_setup.zsh
[1.400s] -- Installing: /home/parsa/ros2_urdf_ws/install/my_robot_description/share/my_robot_description/local_setup.dsv
[1.400s] -- Installing: /home/parsa/ros2_urdf_ws/install/my_robot_description/share/my_robot_description/package.dsv
[1.400s] -- Up-to-date: /home/parsa/ros2_urdf_ws/install/my_robot_description/share/ament_index/resource_index/packages/my_robot_description
[1.400s] -- Up-to-date: /home/parsa/ros2_urdf_ws/install/my_robot_description/share/my_robot_description/cmake/my_robot_descriptionConfig.cmake
[1.400s] -- Up-to-date: /home/parsa/ros2_urdf_ws/install/my_robot_description/share/my_robot_description/cmake/my_robot_descriptionConfig-version.cmake
[1.400s] -- Up-to-date: /home/parsa/ros2_urdf_ws/install/my_robot_description/share/my_robot_description/package.xml
[1.403s] Invoked command in '/home/parsa/ros2_urdf_ws/build/my_robot_description' returned '0': CMAKE_PREFIX_PATH=/opt/ros/humble /usr/bin/cmake --install /home/parsa/ros2_urdf_ws/build/my_robot_description
