[12.243s] DEBUG:colcon:Command line arguments: ['/usr/bin/colcon', 'build']
[12.243s] DEBUG:colcon:Parsed command line arguments: Namespace(log_base=None, log_level=None, verb_name='build', build_base='build', install_base='install', merge_install=False, symlink_install=False, test_result_base=None, continue_on_error=False, executor='parallel', parallel_workers=3, event_handlers=None, ignore_user_meta=False, metas=['./colcon.meta'], base_paths=['.'], packages_ignore=None, packages_ignore_regex=None, paths=None, packages_up_to=None, packages_up_to_regex=None, packages_above=None, packages_above_and_dependencies=None, packages_above_depth=None, packages_select_by_dep=None, packages_skip_by_dep=None, packages_skip_up_to=None, packages_select_build_failed=False, packages_skip_build_finished=False, packages_select_test_failures=False, packages_skip_test_passed=False, packages_select=None, packages_skip=None, packages_select_regex=None, packages_skip_regex=None, packages_start=None, packages_end=None, allow_overriding=[], cmake_args=None, cmake_target=None, cmake_target_skip_unavailable=False, cmake_clean_cache=False, cmake_clean_first=False, cmake_force_configure=False, ament_cmake_args=None, catkin_cmake_args=None, catkin_skip_building_tests=False, mixin_files=None, mixin=None, verb_parser=<colcon_mixin.mixin.mixin_argument.MixinArgumentDecorator object at 0x7167b96b73d0>, verb_extension=<colcon_core.verb.build.BuildVerb object at 0x7167b96b6d40>, main=<bound method BuildVerb.main of <colcon_core.verb.build.BuildVerb object at 0x7167b96b6d40>>, mixin_verb=('build',))
[21.770s] Level 1:colcon.colcon_core.package_discovery:discover_packages(colcon_meta) check parameters
[21.770s] Level 1:colcon.colcon_core.package_discovery:discover_packages(recursive) check parameters
[21.770s] Level 1:colcon.colcon_core.package_discovery:discover_packages(ignore) check parameters
[21.770s] Level 1:colcon.colcon_core.package_discovery:discover_packages(path) check parameters
[21.770s] Level 1:colcon.colcon_core.package_discovery:discover_packages(colcon_meta) discover
[21.770s] Level 1:colcon.colcon_core.package_discovery:discover_packages(recursive) discover
[21.770s] INFO:colcon.colcon_core.package_discovery:Crawling recursively for packages in '/home/parsa/ros2_urdf_ws'
[21.770s] Level 1:colcon.colcon_core.package_identification:_identify(.) by extensions ['ignore', 'ignore_ament_install']
[21.771s] Level 1:colcon.colcon_core.package_identification:_identify(.) by extension 'ignore'
[21.771s] Level 1:colcon.colcon_core.package_identification:_identify(.) by extension 'ignore_ament_install'
[21.771s] Level 1:colcon.colcon_core.package_identification:_identify(.) by extensions ['colcon_pkg']
[21.771s] Level 1:colcon.colcon_core.package_identification:_identify(.) by extension 'colcon_pkg'
[21.771s] Level 1:colcon.colcon_core.package_identification:_identify(.) by extensions ['colcon_meta']
[21.771s] Level 1:colcon.colcon_core.package_identification:_identify(.) by extension 'colcon_meta'
[21.771s] Level 1:colcon.colcon_core.package_identification:_identify(.) by extensions ['ros']
[21.771s] Level 1:colcon.colcon_core.package_identification:_identify(.) by extension 'ros'
[21.893s] Level 1:colcon.colcon_core.package_identification:_identify(.) by extensions ['cmake', 'python']
[21.893s] Level 1:colcon.colcon_core.package_identification:_identify(.) by extension 'cmake'
[21.893s] Level 1:colcon.colcon_core.package_identification:_identify(.) by extension 'python'
[21.893s] Level 1:colcon.colcon_core.package_identification:_identify(.) by extensions ['python_setup_py']
[21.893s] Level 1:colcon.colcon_core.package_identification:_identify(.) by extension 'python_setup_py'
[21.893s] Level 1:colcon.colcon_core.package_identification:_identify(build) by extensions ['ignore', 'ignore_ament_install']
[21.893s] Level 1:colcon.colcon_core.package_identification:_identify(build) by extension 'ignore'
[21.894s] Level 1:colcon.colcon_core.package_identification:_identify(build) ignored
[21.894s] Level 1:colcon.colcon_core.package_identification:_identify(install) by extensions ['ignore', 'ignore_ament_install']
[21.894s] Level 1:colcon.colcon_core.package_identification:_identify(install) by extension 'ignore'
[21.894s] Level 1:colcon.colcon_core.package_identification:_identify(install) ignored
[21.894s] Level 1:colcon.colcon_core.package_identification:_identify(log) by extensions ['ignore', 'ignore_ament_install']
[21.894s] Level 1:colcon.colcon_core.package_identification:_identify(log) by extension 'ignore'
[21.894s] Level 1:colcon.colcon_core.package_identification:_identify(log) ignored
[21.917s] Level 1:colcon.colcon_core.package_identification:_identify(src) by extensions ['ignore', 'ignore_ament_install']
[21.917s] Level 1:colcon.colcon_core.package_identification:_identify(src) by extension 'ignore'
[21.917s] Level 1:colcon.colcon_core.package_identification:_identify(src) by extension 'ignore_ament_install'
[21.918s] Level 1:colcon.colcon_core.package_identification:_identify(src) by extensions ['colcon_pkg']
[21.918s] Level 1:colcon.colcon_core.package_identification:_identify(src) by extension 'colcon_pkg'
[21.918s] Level 1:colcon.colcon_core.package_identification:_identify(src) by extensions ['colcon_meta']
[21.918s] Level 1:colcon.colcon_core.package_identification:_identify(src) by extension 'colcon_meta'
[21.918s] Level 1:colcon.colcon_core.package_identification:_identify(src) by extensions ['ros']
[21.918s] Level 1:colcon.colcon_core.package_identification:_identify(src) by extension 'ros'
[21.918s] Level 1:colcon.colcon_core.package_identification:_identify(src) by extensions ['cmake', 'python']
[21.918s] Level 1:colcon.colcon_core.package_identification:_identify(src) by extension 'cmake'
[21.918s] Level 1:colcon.colcon_core.package_identification:_identify(src) by extension 'python'
[21.918s] Level 1:colcon.colcon_core.package_identification:_identify(src) by extensions ['python_setup_py']
[21.918s] Level 1:colcon.colcon_core.package_identification:_identify(src) by extension 'python_setup_py'
[22.003s] Level 1:colcon.colcon_core.package_identification:_identify(src/inverse_kinematics) by extensions ['ignore', 'ignore_ament_install']
[22.003s] Level 1:colcon.colcon_core.package_identification:_identify(src/inverse_kinematics) by extension 'ignore'
[22.003s] Level 1:colcon.colcon_core.package_identification:_identify(src/inverse_kinematics) by extension 'ignore_ament_install'
[22.003s] Level 1:colcon.colcon_core.package_identification:_identify(src/inverse_kinematics) by extensions ['colcon_pkg']
[22.003s] Level 1:colcon.colcon_core.package_identification:_identify(src/inverse_kinematics) by extension 'colcon_pkg'
[22.003s] Level 1:colcon.colcon_core.package_identification:_identify(src/inverse_kinematics) by extensions ['colcon_meta']
[22.004s] Level 1:colcon.colcon_core.package_identification:_identify(src/inverse_kinematics) by extension 'colcon_meta'
[22.004s] Level 1:colcon.colcon_core.package_identification:_identify(src/inverse_kinematics) by extensions ['ros']
[22.004s] Level 1:colcon.colcon_core.package_identification:_identify(src/inverse_kinematics) by extension 'ros'
[22.041s] DEBUG:colcon.colcon_core.package_identification:Package 'src/inverse_kinematics' with type 'ros.ament_python' and name 'inverse_kinematics'
[22.051s] Level 1:colcon.colcon_core.package_identification:_identify(src/my_robot_bringup) by extensions ['ignore', 'ignore_ament_install']
[22.051s] Level 1:colcon.colcon_core.package_identification:_identify(src/my_robot_bringup) by extension 'ignore'
[22.052s] Level 1:colcon.colcon_core.package_identification:_identify(src/my_robot_bringup) by extension 'ignore_ament_install'
[22.052s] Level 1:colcon.colcon_core.package_identification:_identify(src/my_robot_bringup) by extensions ['colcon_pkg']
[22.052s] Level 1:colcon.colcon_core.package_identification:_identify(src/my_robot_bringup) by extension 'colcon_pkg'
[22.052s] Level 1:colcon.colcon_core.package_identification:_identify(src/my_robot_bringup) by extensions ['colcon_meta']
[22.052s] Level 1:colcon.colcon_core.package_identification:_identify(src/my_robot_bringup) by extension 'colcon_meta'
[22.052s] Level 1:colcon.colcon_core.package_identification:_identify(src/my_robot_bringup) by extensions ['ros']
[22.052s] Level 1:colcon.colcon_core.package_identification:_identify(src/my_robot_bringup) by extension 'ros'
[22.075s] DEBUG:colcon.colcon_core.package_identification:Package 'src/my_robot_bringup' with type 'ros.ament_cmake' and name 'my_robot_bringup'
[22.084s] Level 1:colcon.colcon_core.package_identification:_identify(src/my_robot_description) by extensions ['ignore', 'ignore_ament_install']
[22.084s] Level 1:colcon.colcon_core.package_identification:_identify(src/my_robot_description) by extension 'ignore'
[22.084s] Level 1:colcon.colcon_core.package_identification:_identify(src/my_robot_description) by extension 'ignore_ament_install'
[22.084s] Level 1:colcon.colcon_core.package_identification:_identify(src/my_robot_description) by extensions ['colcon_pkg']
[22.084s] Level 1:colcon.colcon_core.package_identification:_identify(src/my_robot_description) by extension 'colcon_pkg'
[22.085s] Level 1:colcon.colcon_core.package_identification:_identify(src/my_robot_description) by extensions ['colcon_meta']
[22.085s] Level 1:colcon.colcon_core.package_identification:_identify(src/my_robot_description) by extension 'colcon_meta'
[22.085s] Level 1:colcon.colcon_core.package_identification:_identify(src/my_robot_description) by extensions ['ros']
[22.085s] Level 1:colcon.colcon_core.package_identification:_identify(src/my_robot_description) by extension 'ros'
[22.096s] DEBUG:colcon.colcon_core.package_identification:Package 'src/my_robot_description' with type 'ros.ament_cmake' and name 'my_robot_description'
[22.096s] Level 1:colcon.colcon_core.package_discovery:discover_packages(recursive) using defaults
[22.096s] Level 1:colcon.colcon_core.package_discovery:discover_packages(ignore) discover
[22.096s] Level 1:colcon.colcon_core.package_discovery:discover_packages(ignore) using defaults
[22.096s] Level 1:colcon.colcon_core.package_discovery:discover_packages(path) discover
[22.096s] Level 1:colcon.colcon_core.package_discovery:discover_packages(path) using defaults
[22.651s] Level 1:colcon.colcon_core.package_discovery:discover_packages(prefix_path) check parameters
[22.651s] Level 1:colcon.colcon_core.package_discovery:discover_packages(prefix_path) discover
[22.701s] DEBUG:colcon.colcon_installed_package_information.package_discovery:Found 3 installed packages in /home/parsa/ros2_urdf_ws/install
[22.703s] DEBUG:colcon.colcon_installed_package_information.package_discovery:Found 3 installed packages in //home/parsa/ros2_urdf_ws/install
[22.710s] DEBUG:colcon.colcon_installed_package_information.package_discovery:Found 343 installed packages in /opt/ros/humble
[22.750s] Level 1:colcon.colcon_core.package_discovery:discover_packages(prefix_path) using defaults
[23.212s] Level 5:colcon.colcon_core.verb:set package 'inverse_kinematics' build argument 'cmake_args' from command line to 'None'
[23.213s] Level 5:colcon.colcon_core.verb:set package 'inverse_kinematics' build argument 'cmake_target' from command line to 'None'
[23.213s] Level 5:colcon.colcon_core.verb:set package 'inverse_kinematics' build argument 'cmake_target_skip_unavailable' from command line to 'False'
[23.213s] Level 5:colcon.colcon_core.verb:set package 'inverse_kinematics' build argument 'cmake_clean_cache' from command line to 'False'
[23.213s] Level 5:colcon.colcon_core.verb:set package 'inverse_kinematics' build argument 'cmake_clean_first' from command line to 'False'
[23.214s] Level 5:colcon.colcon_core.verb:set package 'inverse_kinematics' build argument 'cmake_force_configure' from command line to 'False'
[23.214s] Level 5:colcon.colcon_core.verb:set package 'inverse_kinematics' build argument 'ament_cmake_args' from command line to 'None'
[23.214s] Level 5:colcon.colcon_core.verb:set package 'inverse_kinematics' build argument 'catkin_cmake_args' from command line to 'None'
[23.214s] Level 5:colcon.colcon_core.verb:set package 'inverse_kinematics' build argument 'catkin_skip_building_tests' from command line to 'False'
[23.214s] DEBUG:colcon.colcon_core.verb:Building package 'inverse_kinematics' with the following arguments: {'ament_cmake_args': None, 'build_base': '/home/parsa/ros2_urdf_ws/build/inverse_kinematics', 'catkin_cmake_args': None, 'catkin_skip_building_tests': False, 'cmake_args': None, 'cmake_clean_cache': False, 'cmake_clean_first': False, 'cmake_force_configure': False, 'cmake_target': None, 'cmake_target_skip_unavailable': False, 'install_base': '/home/parsa/ros2_urdf_ws/install/inverse_kinematics', 'merge_install': False, 'path': '/home/parsa/ros2_urdf_ws/src/inverse_kinematics', 'symlink_install': False, 'test_result_base': None}
[23.216s] Level 5:colcon.colcon_core.verb:set package 'my_robot_description' build argument 'cmake_args' from command line to 'None'
[23.216s] Level 5:colcon.colcon_core.verb:set package 'my_robot_description' build argument 'cmake_target' from command line to 'None'
[23.216s] Level 5:colcon.colcon_core.verb:set package 'my_robot_description' build argument 'cmake_target_skip_unavailable' from command line to 'False'
[23.216s] Level 5:colcon.colcon_core.verb:set package 'my_robot_description' build argument 'cmake_clean_cache' from command line to 'False'
[23.216s] Level 5:colcon.colcon_core.verb:set package 'my_robot_description' build argument 'cmake_clean_first' from command line to 'False'
[23.216s] Level 5:colcon.colcon_core.verb:set package 'my_robot_description' build argument 'cmake_force_configure' from command line to 'False'
[23.216s] Level 5:colcon.colcon_core.verb:set package 'my_robot_description' build argument 'ament_cmake_args' from command line to 'None'
[23.216s] Level 5:colcon.colcon_core.verb:set package 'my_robot_description' build argument 'catkin_cmake_args' from command line to 'None'
[23.216s] Level 5:colcon.colcon_core.verb:set package 'my_robot_description' build argument 'catkin_skip_building_tests' from command line to 'False'
[23.217s] DEBUG:colcon.colcon_core.verb:Building package 'my_robot_description' with the following arguments: {'ament_cmake_args': None, 'build_base': '/home/parsa/ros2_urdf_ws/build/my_robot_description', 'catkin_cmake_args': None, 'catkin_skip_building_tests': False, 'cmake_args': None, 'cmake_clean_cache': False, 'cmake_clean_first': False, 'cmake_force_configure': False, 'cmake_target': None, 'cmake_target_skip_unavailable': False, 'install_base': '/home/parsa/ros2_urdf_ws/install/my_robot_description', 'merge_install': False, 'path': '/home/parsa/ros2_urdf_ws/src/my_robot_description', 'symlink_install': False, 'test_result_base': None}
[23.218s] Level 5:colcon.colcon_core.verb:set package 'my_robot_bringup' build argument 'cmake_args' from command line to 'None'
[23.219s] Level 5:colcon.colcon_core.verb:set package 'my_robot_bringup' build argument 'cmake_target' from command line to 'None'
[23.219s] Level 5:colcon.colcon_core.verb:set package 'my_robot_bringup' build argument 'cmake_target_skip_unavailable' from command line to 'False'
[23.219s] Level 5:colcon.colcon_core.verb:set package 'my_robot_bringup' build argument 'cmake_clean_cache' from command line to 'False'
[23.219s] Level 5:colcon.colcon_core.verb:set package 'my_robot_bringup' build argument 'cmake_clean_first' from command line to 'False'
[23.219s] Level 5:colcon.colcon_core.verb:set package 'my_robot_bringup' build argument 'cmake_force_configure' from command line to 'False'
[23.219s] Level 5:colcon.colcon_core.verb:set package 'my_robot_bringup' build argument 'ament_cmake_args' from command line to 'None'
[23.219s] Level 5:colcon.colcon_core.verb:set package 'my_robot_bringup' build argument 'catkin_cmake_args' from command line to 'None'
[23.219s] Level 5:colcon.colcon_core.verb:set package 'my_robot_bringup' build argument 'catkin_skip_building_tests' from command line to 'False'
[23.219s] DEBUG:colcon.colcon_core.verb:Building package 'my_robot_bringup' with the following arguments: {'ament_cmake_args': None, 'build_base': '/home/parsa/ros2_urdf_ws/build/my_robot_bringup', 'catkin_cmake_args': None, 'catkin_skip_building_tests': False, 'cmake_args': None, 'cmake_clean_cache': False, 'cmake_clean_first': False, 'cmake_force_configure': False, 'cmake_target': None, 'cmake_target_skip_unavailable': False, 'install_base': '/home/parsa/ros2_urdf_ws/install/my_robot_bringup', 'merge_install': False, 'path': '/home/parsa/ros2_urdf_ws/src/my_robot_bringup', 'symlink_install': False, 'test_result_base': None}
[23.220s] INFO:colcon.colcon_core.executor:Executing jobs using 'parallel' executor
[23.225s] DEBUG:colcon.colcon_parallel_executor.executor.parallel:run_until_complete
[23.226s] INFO:colcon.colcon_ros.task.ament_cmake.build:Building ROS package in '/home/parsa/ros2_urdf_ws/src/my_robot_description' with build type 'ament_cmake'
[23.226s] INFO:colcon.colcon_cmake.task.cmake.build:Building CMake package in '/home/parsa/ros2_urdf_ws/src/my_robot_description'
[23.420s] INFO:colcon.colcon_core.plugin_system:Skipping extension 'colcon_core.shell.bat': Not used on non-Windows systems
[23.422s] INFO:colcon.colcon_core.shell:Skip shell extension 'powershell' for command environment: Not usable outside of PowerShell
[23.423s] DEBUG:colcon.colcon_core.shell:Skip shell extension 'dsv' for command environment
[23.542s] INFO:colcon.colcon_ros.task.ament_python.build:Building ROS package in '/home/parsa/ros2_urdf_ws/src/inverse_kinematics' with build type 'ament_python'
[23.542s] Level 1:colcon.colcon_core.shell:create_environment_hook('inverse_kinematics', 'ament_prefix_path')
[23.543s] INFO:colcon.colcon_core.shell:Creating environment hook '/home/parsa/ros2_urdf_ws/install/inverse_kinematics/share/inverse_kinematics/hook/ament_prefix_path.ps1'
[23.676s] INFO:colcon.colcon_core.shell:Creating environment descriptor '/home/parsa/ros2_urdf_ws/install/inverse_kinematics/share/inverse_kinematics/hook/ament_prefix_path.dsv'
[23.708s] INFO:colcon.colcon_core.shell:Creating environment hook '/home/parsa/ros2_urdf_ws/install/inverse_kinematics/share/inverse_kinematics/hook/ament_prefix_path.sh'
[23.750s] INFO:colcon.colcon_core.shell:Skip shell extension 'powershell' for command environment: Not usable outside of PowerShell
[23.750s] DEBUG:colcon.colcon_core.shell:Skip shell extension 'dsv' for command environment
[23.901s] DEBUG:colcon.colcon_core.event_handler.log_command:Invoking command in '/home/parsa/ros2_urdf_ws/build/my_robot_description': CMAKE_PREFIX_PATH=${CMAKE_PREFIX_PATH}:/home/parsa/ros2_urdf_ws/install/inverse_kinematics://home/parsa/ros2_urdf_ws/install/inverse_kinematics:/opt/ros/humble /usr/bin/cmake --build /home/parsa/ros2_urdf_ws/build/my_robot_description -- -j3 -l3
[26.076s] WARNING:colcon.colcon_ros.task.ament_python.build:Package 'inverse_kinematics' doesn't explicitly install a marker in the package index (colcon-ros currently does it implicitly but that fallback will be removed in the future)
[26.111s] WARNING:colcon.colcon_ros.task.ament_python.build:Package 'inverse_kinematics' doesn't explicitly install the 'package.xml' file (colcon-ros currently does it implicitly but that fallback will be removed in the future)
[26.118s] INFO:colcon.colcon_core.task.python.build:Building Python package in '/home/parsa/ros2_urdf_ws/src/inverse_kinematics'
[26.119s] INFO:colcon.colcon_core.shell:Skip shell extension 'powershell' for command environment: Not usable outside of PowerShell
[26.119s] DEBUG:colcon.colcon_core.shell:Skip shell extension 'dsv' for command environment
[26.735s] DEBUG:colcon.colcon_core.event_handler.log_command:Invoked command in '/home/parsa/ros2_urdf_ws/build/my_robot_description' returned '0': CMAKE_PREFIX_PATH=${CMAKE_PREFIX_PATH}:/home/parsa/ros2_urdf_ws/install/inverse_kinematics://home/parsa/ros2_urdf_ws/install/inverse_kinematics:/opt/ros/humble /usr/bin/cmake --build /home/parsa/ros2_urdf_ws/build/my_robot_description -- -j3 -l3
[26.968s] DEBUG:colcon.colcon_core.event_handler.log_command:Invoking command in '/home/parsa/ros2_urdf_ws/build/my_robot_description': CMAKE_PREFIX_PATH=${CMAKE_PREFIX_PATH}:/home/parsa/ros2_urdf_ws/install/inverse_kinematics://home/parsa/ros2_urdf_ws/install/inverse_kinematics:/opt/ros/humble /usr/bin/cmake --install /home/parsa/ros2_urdf_ws/build/my_robot_description
[28.202s] Level 1:colcon.colcon_core.environment:create_environment_scripts_only(my_robot_description)
[28.204s] DEBUG:colcon.colcon_core.event_handler.log_command:Invoked command in '/home/parsa/ros2_urdf_ws/build/my_robot_description' returned '0': CMAKE_PREFIX_PATH=${CMAKE_PREFIX_PATH}:/home/parsa/ros2_urdf_ws/install/inverse_kinematics://home/parsa/ros2_urdf_ws/install/inverse_kinematics:/opt/ros/humble /usr/bin/cmake --install /home/parsa/ros2_urdf_ws/build/my_robot_description
[28.411s] Level 1:colcon.colcon_core.environment:checking '/home/parsa/ros2_urdf_ws/install/my_robot_description' for CMake module files
[28.415s] Level 1:colcon.colcon_core.environment:checking '/home/parsa/ros2_urdf_ws/install/my_robot_description' for CMake config files
[28.435s] Level 1:colcon.colcon_core.shell:create_environment_hook('my_robot_description', 'cmake_prefix_path')
[28.436s] INFO:colcon.colcon_core.shell:Creating environment hook '/home/parsa/ros2_urdf_ws/install/my_robot_description/share/my_robot_description/hook/cmake_prefix_path.ps1'
[28.443s] INFO:colcon.colcon_core.shell:Creating environment descriptor '/home/parsa/ros2_urdf_ws/install/my_robot_description/share/my_robot_description/hook/cmake_prefix_path.dsv'
[28.445s] INFO:colcon.colcon_core.shell:Creating environment hook '/home/parsa/ros2_urdf_ws/install/my_robot_description/share/my_robot_description/hook/cmake_prefix_path.sh'
[28.448s] Level 1:colcon.colcon_core.environment:checking '/home/parsa/ros2_urdf_ws/install/my_robot_description/bin'
[28.449s] Level 1:colcon.colcon_core.environment:checking '/home/parsa/ros2_urdf_ws/install/my_robot_description/lib/pkgconfig/my_robot_description.pc'
[28.450s] Level 1:colcon.colcon_core.environment:checking '/home/parsa/ros2_urdf_ws/install/my_robot_description/lib/python3.10/site-packages'
[28.451s] Level 1:colcon.colcon_core.environment:checking '/home/parsa/ros2_urdf_ws/install/my_robot_description/bin'
[28.454s] INFO:colcon.colcon_core.shell:Creating package script '/home/parsa/ros2_urdf_ws/install/my_robot_description/share/my_robot_description/package.ps1'
[28.497s] INFO:colcon.colcon_core.shell:Creating package descriptor '/home/parsa/ros2_urdf_ws/install/my_robot_description/share/my_robot_description/package.dsv'
[28.518s] INFO:colcon.colcon_core.shell:Creating package script '/home/parsa/ros2_urdf_ws/install/my_robot_description/share/my_robot_description/package.sh'
[28.601s] INFO:colcon.colcon_core.shell:Creating package script '/home/parsa/ros2_urdf_ws/install/my_robot_description/share/my_robot_description/package.bash'
[28.624s] INFO:colcon.colcon_core.shell:Creating package script '/home/parsa/ros2_urdf_ws/install/my_robot_description/share/my_robot_description/package.zsh'
[28.651s] Level 1:colcon.colcon_core.environment:create_file_with_runtime_dependencies(/home/parsa/ros2_urdf_ws/install/my_robot_description/share/colcon-core/packages/my_robot_description)
[28.764s] Level 1:colcon.colcon_core.environment:create_environment_scripts_only(my_robot_description)
[28.765s] Level 1:colcon.colcon_core.environment:checking '/home/parsa/ros2_urdf_ws/install/my_robot_description' for CMake module files
[28.770s] Level 1:colcon.colcon_core.environment:checking '/home/parsa/ros2_urdf_ws/install/my_robot_description' for CMake config files
[28.774s] Level 1:colcon.colcon_core.shell:create_environment_hook('my_robot_description', 'cmake_prefix_path')
[28.782s] INFO:colcon.colcon_core.shell:Creating environment hook '/home/parsa/ros2_urdf_ws/install/my_robot_description/share/my_robot_description/hook/cmake_prefix_path.ps1'
[28.789s] INFO:colcon.colcon_core.shell:Creating environment descriptor '/home/parsa/ros2_urdf_ws/install/my_robot_description/share/my_robot_description/hook/cmake_prefix_path.dsv'
[28.793s] INFO:colcon.colcon_core.shell:Creating environment hook '/home/parsa/ros2_urdf_ws/install/my_robot_description/share/my_robot_description/hook/cmake_prefix_path.sh'
[28.803s] Level 1:colcon.colcon_core.environment:checking '/home/parsa/ros2_urdf_ws/install/my_robot_description/bin'
[28.803s] Level 1:colcon.colcon_core.environment:checking '/home/parsa/ros2_urdf_ws/install/my_robot_description/lib/pkgconfig/my_robot_description.pc'
[28.804s] Level 1:colcon.colcon_core.environment:checking '/home/parsa/ros2_urdf_ws/install/my_robot_description/lib/python3.10/site-packages'
[28.805s] Level 1:colcon.colcon_core.environment:checking '/home/parsa/ros2_urdf_ws/install/my_robot_description/bin'
[28.806s] INFO:colcon.colcon_core.shell:Creating package script '/home/parsa/ros2_urdf_ws/install/my_robot_description/share/my_robot_description/package.ps1'
[28.807s] INFO:colcon.colcon_core.shell:Creating package descriptor '/home/parsa/ros2_urdf_ws/install/my_robot_description/share/my_robot_description/package.dsv'
[28.823s] INFO:colcon.colcon_core.shell:Creating package script '/home/parsa/ros2_urdf_ws/install/my_robot_description/share/my_robot_description/package.sh'
[28.825s] INFO:colcon.colcon_core.shell:Creating package script '/home/parsa/ros2_urdf_ws/install/my_robot_description/share/my_robot_description/package.bash'
[28.834s] INFO:colcon.colcon_core.shell:Creating package script '/home/parsa/ros2_urdf_ws/install/my_robot_description/share/my_robot_description/package.zsh'
[28.838s] Level 1:colcon.colcon_core.environment:create_file_with_runtime_dependencies(/home/parsa/ros2_urdf_ws/install/my_robot_description/share/colcon-core/packages/my_robot_description)
[28.839s] INFO:colcon.colcon_ros.task.ament_cmake.build:Building ROS package in '/home/parsa/ros2_urdf_ws/src/my_robot_bringup' with build type 'ament_cmake'
[28.843s] INFO:colcon.colcon_cmake.task.cmake.build:Building CMake package in '/home/parsa/ros2_urdf_ws/src/my_robot_bringup'
[28.844s] INFO:colcon.colcon_core.shell:Skip shell extension 'powershell' for command environment: Not usable outside of PowerShell
[28.844s] DEBUG:colcon.colcon_core.shell:Skip shell extension 'dsv' for command environment
[29.091s] DEBUG:colcon.colcon_core.event_handler.log_command:Invoking command in '/home/parsa/ros2_urdf_ws/build/my_robot_bringup': CMAKE_PREFIX_PATH=/home/parsa/ros2_urdf_ws/install/my_robot_description:/home/parsa/ros2_urdf_ws/install/my_robot_bringup://home/parsa/ros2_urdf_ws/install/my_robot_bringup://home/parsa/ros2_urdf_ws/install/my_robot_description:/home/parsa/ros2_urdf_ws/install/inverse_kinematics://home/parsa/ros2_urdf_ws/install/inverse_kinematics:/opt/ros/humble /usr/bin/cmake --build /home/parsa/ros2_urdf_ws/build/my_robot_bringup -- -j3 -l3
[30.461s] DEBUG:colcon.colcon_core.event_handler.log_command:Invoked command in '/home/parsa/ros2_urdf_ws/build/my_robot_bringup' returned '0': CMAKE_PREFIX_PATH=/home/parsa/ros2_urdf_ws/install/my_robot_description:/home/parsa/ros2_urdf_ws/install/my_robot_bringup://home/parsa/ros2_urdf_ws/install/my_robot_bringup://home/parsa/ros2_urdf_ws/install/my_robot_description:/home/parsa/ros2_urdf_ws/install/inverse_kinematics://home/parsa/ros2_urdf_ws/install/inverse_kinematics:/opt/ros/humble /usr/bin/cmake --build /home/parsa/ros2_urdf_ws/build/my_robot_bringup -- -j3 -l3
[30.603s] DEBUG:colcon.colcon_core.event_handler.log_command:Invoking command in '/home/parsa/ros2_urdf_ws/build/my_robot_bringup': CMAKE_PREFIX_PATH=/home/parsa/ros2_urdf_ws/install/my_robot_description:/home/parsa/ros2_urdf_ws/install/my_robot_bringup://home/parsa/ros2_urdf_ws/install/my_robot_bringup://home/parsa/ros2_urdf_ws/install/my_robot_description:/home/parsa/ros2_urdf_ws/install/inverse_kinematics://home/parsa/ros2_urdf_ws/install/inverse_kinematics:/opt/ros/humble /usr/bin/cmake --install /home/parsa/ros2_urdf_ws/build/my_robot_bringup
[31.090s] Level 1:colcon.colcon_core.environment:create_environment_scripts_only(my_robot_bringup)
[31.091s] Level 1:colcon.colcon_core.environment:checking '/home/parsa/ros2_urdf_ws/install/my_robot_bringup' for CMake module files
[31.093s] DEBUG:colcon.colcon_core.event_handler.log_command:Invoked command in '/home/parsa/ros2_urdf_ws/build/my_robot_bringup' returned '0': CMAKE_PREFIX_PATH=/home/parsa/ros2_urdf_ws/install/my_robot_description:/home/parsa/ros2_urdf_ws/install/my_robot_bringup://home/parsa/ros2_urdf_ws/install/my_robot_bringup://home/parsa/ros2_urdf_ws/install/my_robot_description:/home/parsa/ros2_urdf_ws/install/inverse_kinematics://home/parsa/ros2_urdf_ws/install/inverse_kinematics:/opt/ros/humble /usr/bin/cmake --install /home/parsa/ros2_urdf_ws/build/my_robot_bringup
[31.094s] Level 1:colcon.colcon_core.environment:checking '/home/parsa/ros2_urdf_ws/install/my_robot_bringup' for CMake config files
[31.095s] Level 1:colcon.colcon_core.shell:create_environment_hook('my_robot_bringup', 'cmake_prefix_path')
[31.096s] INFO:colcon.colcon_core.shell:Creating environment hook '/home/parsa/ros2_urdf_ws/install/my_robot_bringup/share/my_robot_bringup/hook/cmake_prefix_path.ps1'
[31.097s] INFO:colcon.colcon_core.shell:Creating environment descriptor '/home/parsa/ros2_urdf_ws/install/my_robot_bringup/share/my_robot_bringup/hook/cmake_prefix_path.dsv'
[31.099s] INFO:colcon.colcon_core.shell:Creating environment hook '/home/parsa/ros2_urdf_ws/install/my_robot_bringup/share/my_robot_bringup/hook/cmake_prefix_path.sh'
[31.100s] Level 1:colcon.colcon_core.environment:checking '/home/parsa/ros2_urdf_ws/install/my_robot_bringup/bin'
[31.100s] Level 1:colcon.colcon_core.environment:checking '/home/parsa/ros2_urdf_ws/install/my_robot_bringup/lib/pkgconfig/my_robot_bringup.pc'
[31.101s] Level 1:colcon.colcon_core.environment:checking '/home/parsa/ros2_urdf_ws/install/my_robot_bringup/lib/python3.10/site-packages'
[31.102s] Level 1:colcon.colcon_core.environment:checking '/home/parsa/ros2_urdf_ws/install/my_robot_bringup/bin'
[31.104s] INFO:colcon.colcon_core.shell:Creating package script '/home/parsa/ros2_urdf_ws/install/my_robot_bringup/share/my_robot_bringup/package.ps1'
[31.105s] INFO:colcon.colcon_core.shell:Creating package descriptor '/home/parsa/ros2_urdf_ws/install/my_robot_bringup/share/my_robot_bringup/package.dsv'
[31.108s] INFO:colcon.colcon_core.shell:Creating package script '/home/parsa/ros2_urdf_ws/install/my_robot_bringup/share/my_robot_bringup/package.sh'
[31.110s] INFO:colcon.colcon_core.shell:Creating package script '/home/parsa/ros2_urdf_ws/install/my_robot_bringup/share/my_robot_bringup/package.bash'
[31.111s] INFO:colcon.colcon_core.shell:Creating package script '/home/parsa/ros2_urdf_ws/install/my_robot_bringup/share/my_robot_bringup/package.zsh'
[31.112s] Level 1:colcon.colcon_core.environment:create_file_with_runtime_dependencies(/home/parsa/ros2_urdf_ws/install/my_robot_bringup/share/colcon-core/packages/my_robot_bringup)
[31.272s] Level 1:colcon.colcon_core.environment:create_environment_scripts_only(my_robot_bringup)
[31.276s] Level 1:colcon.colcon_core.environment:checking '/home/parsa/ros2_urdf_ws/install/my_robot_bringup' for CMake module files
[31.289s] Level 1:colcon.colcon_core.environment:checking '/home/parsa/ros2_urdf_ws/install/my_robot_bringup' for CMake config files
[31.290s] Level 1:colcon.colcon_core.shell:create_environment_hook('my_robot_bringup', 'cmake_prefix_path')
[31.298s] INFO:colcon.colcon_core.shell:Creating environment hook '/home/parsa/ros2_urdf_ws/install/my_robot_bringup/share/my_robot_bringup/hook/cmake_prefix_path.ps1'
[31.303s] INFO:colcon.colcon_core.shell:Creating environment descriptor '/home/parsa/ros2_urdf_ws/install/my_robot_bringup/share/my_robot_bringup/hook/cmake_prefix_path.dsv'
[31.304s] INFO:colcon.colcon_core.shell:Creating environment hook '/home/parsa/ros2_urdf_ws/install/my_robot_bringup/share/my_robot_bringup/hook/cmake_prefix_path.sh'
[31.307s] Level 1:colcon.colcon_core.environment:checking '/home/parsa/ros2_urdf_ws/install/my_robot_bringup/bin'
[31.307s] Level 1:colcon.colcon_core.environment:checking '/home/parsa/ros2_urdf_ws/install/my_robot_bringup/lib/pkgconfig/my_robot_bringup.pc'
[31.313s] Level 1:colcon.colcon_core.environment:checking '/home/parsa/ros2_urdf_ws/install/my_robot_bringup/lib/python3.10/site-packages'
[31.318s] Level 1:colcon.colcon_core.environment:checking '/home/parsa/ros2_urdf_ws/install/my_robot_bringup/bin'
[31.319s] INFO:colcon.colcon_core.shell:Creating package script '/home/parsa/ros2_urdf_ws/install/my_robot_bringup/share/my_robot_bringup/package.ps1'
[31.329s] INFO:colcon.colcon_core.shell:Creating package descriptor '/home/parsa/ros2_urdf_ws/install/my_robot_bringup/share/my_robot_bringup/package.dsv'
[31.335s] INFO:colcon.colcon_core.shell:Creating package script '/home/parsa/ros2_urdf_ws/install/my_robot_bringup/share/my_robot_bringup/package.sh'
[31.341s] INFO:colcon.colcon_core.shell:Creating package script '/home/parsa/ros2_urdf_ws/install/my_robot_bringup/share/my_robot_bringup/package.bash'
[31.346s] INFO:colcon.colcon_core.shell:Creating package script '/home/parsa/ros2_urdf_ws/install/my_robot_bringup/share/my_robot_bringup/package.zsh'
[31.353s] Level 1:colcon.colcon_core.environment:create_file_with_runtime_dependencies(/home/parsa/ros2_urdf_ws/install/my_robot_bringup/share/colcon-core/packages/my_robot_bringup)
[45.528s] DEBUG:colcon.colcon_core.event_handler.log_command:Invoking command in '/home/parsa/ros2_urdf_ws/src/inverse_kinematics': PYTHONPATH=/home/parsa/ros2_urdf_ws/build/inverse_kinematics/prefix_override:/usr/lib/python3/dist-packages/colcon_core/task/python/colcon_distutils_commands:/home/parsa/ros2_urdf_ws/install/inverse_kinematics/lib/python3.10/site-packages:${PYTHONPATH} /usr/bin/python3 -W ignore:setup.py install is deprecated setup.py egg_info --egg-base ../../build/inverse_kinematics build --build-base /home/parsa/ros2_urdf_ws/build/inverse_kinematics/build install --record /home/parsa/ros2_urdf_ws/build/inverse_kinematics/install.log --single-version-externally-managed
[46.376s] Level 1:colcon.colcon_core.environment:checking '/home/parsa/ros2_urdf_ws/install/inverse_kinematics' for CMake module files
[46.377s] DEBUG:colcon.colcon_core.event_handler.log_command:Invoked command in '/home/parsa/ros2_urdf_ws/src/inverse_kinematics' returned '0': PYTHONPATH=/home/parsa/ros2_urdf_ws/build/inverse_kinematics/prefix_override:/usr/lib/python3/dist-packages/colcon_core/task/python/colcon_distutils_commands:/home/parsa/ros2_urdf_ws/install/inverse_kinematics/lib/python3.10/site-packages:${PYTHONPATH} /usr/bin/python3 -W ignore:setup.py install is deprecated setup.py egg_info --egg-base ../../build/inverse_kinematics build --build-base /home/parsa/ros2_urdf_ws/build/inverse_kinematics/build install --record /home/parsa/ros2_urdf_ws/build/inverse_kinematics/install.log --single-version-externally-managed
[46.378s] Level 1:colcon.colcon_core.environment:checking '/home/parsa/ros2_urdf_ws/install/inverse_kinematics' for CMake config files
[46.521s] Level 1:colcon.colcon_core.environment:checking '/home/parsa/ros2_urdf_ws/install/inverse_kinematics/lib'
[46.522s] Level 1:colcon.colcon_core.environment:checking '/home/parsa/ros2_urdf_ws/install/inverse_kinematics/bin'
[46.522s] Level 1:colcon.colcon_core.environment:checking '/home/parsa/ros2_urdf_ws/install/inverse_kinematics/lib/pkgconfig/inverse_kinematics.pc'
[46.523s] Level 1:colcon.colcon_core.environment:checking '/home/parsa/ros2_urdf_ws/install/inverse_kinematics/lib/python3.10/site-packages'
[46.523s] Level 1:colcon.colcon_core.shell:create_environment_hook('inverse_kinematics', 'pythonpath')
[46.524s] INFO:colcon.colcon_core.shell:Creating environment hook '/home/parsa/ros2_urdf_ws/install/inverse_kinematics/share/inverse_kinematics/hook/pythonpath.ps1'
[46.558s] INFO:colcon.colcon_core.shell:Creating environment descriptor '/home/parsa/ros2_urdf_ws/install/inverse_kinematics/share/inverse_kinematics/hook/pythonpath.dsv'
[46.570s] INFO:colcon.colcon_core.shell:Creating environment hook '/home/parsa/ros2_urdf_ws/install/inverse_kinematics/share/inverse_kinematics/hook/pythonpath.sh'
[46.572s] Level 1:colcon.colcon_core.environment:checking '/home/parsa/ros2_urdf_ws/install/inverse_kinematics/bin'
[46.572s] Level 1:colcon.colcon_core.environment:create_environment_scripts_only(inverse_kinematics)
[46.576s] INFO:colcon.colcon_core.shell:Creating package script '/home/parsa/ros2_urdf_ws/install/inverse_kinematics/share/inverse_kinematics/package.ps1'
[46.706s] INFO:colcon.colcon_core.shell:Creating package descriptor '/home/parsa/ros2_urdf_ws/install/inverse_kinematics/share/inverse_kinematics/package.dsv'
[46.731s] INFO:colcon.colcon_core.shell:Creating package script '/home/parsa/ros2_urdf_ws/install/inverse_kinematics/share/inverse_kinematics/package.sh'
[46.736s] INFO:colcon.colcon_core.shell:Creating package script '/home/parsa/ros2_urdf_ws/install/inverse_kinematics/share/inverse_kinematics/package.bash'
[46.757s] INFO:colcon.colcon_core.shell:Creating package script '/home/parsa/ros2_urdf_ws/install/inverse_kinematics/share/inverse_kinematics/package.zsh'
[46.780s] Level 1:colcon.colcon_core.environment:create_file_with_runtime_dependencies(/home/parsa/ros2_urdf_ws/install/inverse_kinematics/share/colcon-core/packages/inverse_kinematics)
[46.822s] DEBUG:colcon.colcon_parallel_executor.executor.parallel:closing loop
[46.825s] DEBUG:colcon.colcon_parallel_executor.executor.parallel:loop closed
[46.826s] DEBUG:colcon.colcon_parallel_executor.executor.parallel:run_until_complete finished with '0'
[46.838s] DEBUG:colcon.colcon_core.event_reactor:joining thread
[47.775s] INFO:colcon.colcon_core.plugin_system:Skipping extension 'colcon_notification.desktop_notification.terminal_notifier': Not used on non-Darwin systems
[47.776s] INFO:colcon.colcon_core.plugin_system:Skipping extension 'colcon_notification.desktop_notification.win32': Not used on non-Windows systems
[47.776s] INFO:colcon.colcon_notification.desktop_notification:Sending desktop notification using 'notify2'
[47.877s] DEBUG:colcon.colcon_core.event_reactor:joined thread
[47.878s] INFO:colcon.colcon_core.shell:Creating prefix script '/home/parsa/ros2_urdf_ws/install/local_setup.ps1'
[47.901s] INFO:colcon.colcon_core.shell:Creating prefix util module '/home/parsa/ros2_urdf_ws/install/_local_setup_util_ps1.py'
[47.936s] INFO:colcon.colcon_core.shell:Creating prefix chain script '/home/parsa/ros2_urdf_ws/install/setup.ps1'
[47.952s] INFO:colcon.colcon_core.shell:Creating prefix script '/home/parsa/ros2_urdf_ws/install/local_setup.sh'
[47.967s] INFO:colcon.colcon_core.shell:Creating prefix util module '/home/parsa/ros2_urdf_ws/install/_local_setup_util_sh.py'
[47.969s] INFO:colcon.colcon_core.shell:Creating prefix chain script '/home/parsa/ros2_urdf_ws/install/setup.sh'
[47.996s] INFO:colcon.colcon_core.shell:Creating prefix script '/home/parsa/ros2_urdf_ws/install/local_setup.bash'
[48.088s] INFO:colcon.colcon_core.shell:Creating prefix chain script '/home/parsa/ros2_urdf_ws/install/setup.bash'
[48.102s] INFO:colcon.colcon_core.shell:Creating prefix script '/home/parsa/ros2_urdf_ws/install/local_setup.zsh'
[48.137s] INFO:colcon.colcon_core.shell:Creating prefix chain script '/home/parsa/ros2_urdf_ws/install/setup.zsh'
