[0.032s] Invoking command in '/home/parsa/ros2_urdf_ws/build/my_robot_description': CMAKE_PREFIX_PATH=${CMAKE_PREFIX_PATH}:/home/parsa/ros2_urdf_ws/install/inverse_kinematics://home/parsa/ros2_urdf_ws/install/inverse_kinematics:/opt/ros/humble /usr/bin/cmake --build /home/parsa/ros2_urdf_ws/build/my_robot_description -- -j3 -l3
[0.573s] Invoked command in '/home/parsa/ros2_urdf_ws/build/my_robot_description' returned '0': CMAKE_PREFIX_PATH=${CMAKE_PREFIX_PATH}:/home/parsa/ros2_urdf_ws/install/inverse_kinematics://home/parsa/ros2_urdf_ws/install/inverse_kinematics:/opt/ros/humble /usr/bin/cmake --build /home/parsa/ros2_urdf_ws/build/my_robot_description -- -j3 -l3
[0.626s] Invoking command in '/home/parsa/ros2_urdf_ws/build/my_robot_description': CMAKE_PREFIX_PATH=${CMAKE_PREFIX_PATH}:/home/parsa/ros2_urdf_ws/install/inverse_kinematics://home/parsa/ros2_urdf_ws/install/inverse_kinematics:/opt/ros/humble /usr/bin/cmake --install /home/parsa/ros2_urdf_ws/build/my_robot_description
[0.730s] -- Install configuration: ""
[0.779s] -- Execute custom install script
[0.870s] -- Up-to-date symlink: /home/parsa/ros2_urdf_ws/install/my_robot_description/share/my_robot_description//urdf/.vscode/c_cpp_properties.json
[0.871s] -- Up-to-date symlink: /home/parsa/ros2_urdf_ws/install/my_robot_description/share/my_robot_description//urdf/.vscode/settings.json
[0.871s] -- Up-to-date symlink: /home/parsa/ros2_urdf_ws/install/my_robot_description/share/my_robot_description//urdf/generate_chain.py
[0.873s] -- Up-to-date symlink: /home/parsa/ros2_urdf_ws/install/my_robot_description/share/my_robot_description//urdf/generate_spider_legs.py
[0.873s] -- Up-to-date symlink: /home/parsa/ros2_urdf_ws/install/my_robot_description/share/my_robot_description//urdf/ikpy_spider.py
[0.874s] -- Up-to-date symlink: /home/parsa/ros2_urdf_ws/install/my_robot_description/share/my_robot_description//urdf/my_robot.urdf.xacro
[0.875s] -- Up-to-date symlink: /home/parsa/ros2_urdf_ws/install/my_robot_description/share/my_robot_description//urdf/spider
[0.875s] -- Up-to-date symlink: /home/parsa/ros2_urdf_ws/install/my_robot_description/share/my_robot_description//urdf/spider.pdf
[0.876s] -- Up-to-date symlink: /home/parsa/ros2_urdf_ws/install/my_robot_description/share/my_robot_description//urdf/spider_b1.json
[0.877s] -- Up-to-date symlink: /home/parsa/ros2_urdf_ws/install/my_robot_description/share/my_robot_description//urdf/spider_b2.json
[0.878s] -- Up-to-date symlink: /home/parsa/ros2_urdf_ws/install/my_robot_description/share/my_robot_description//urdf/spider_f1.json
[0.878s] -- Up-to-date symlink: /home/parsa/ros2_urdf_ws/install/my_robot_description/share/my_robot_description//urdf/spider_f2.json
[0.879s] -- Up-to-date symlink: /home/parsa/ros2_urdf_ws/install/my_robot_description/share/my_robot_description//urdf/spider_json.json
[0.889s] -- Up-to-date symlink: /home/parsa/ros2_urdf_ws/install/my_robot_description/share/my_robot_description//launch/display.launch.py
[0.890s] -- Up-to-date symlink: /home/parsa/ros2_urdf_ws/install/my_robot_description/share/my_robot_description//launch/display.launch.xml
[0.891s] -- Up-to-date symlink: /home/parsa/ros2_urdf_ws/install/my_robot_description/share/my_robot_description//rviz/urdf.rviz
[1.013s] -- Up-to-date symlink: /home/parsa/ros2_urdf_ws/install/my_robot_description/share/my_robot_description//meshes/BODY PROPERTIES.txt
[1.014s] -- Up-to-date symlink: /home/parsa/ros2_urdf_ws/install/my_robot_description/share/my_robot_description//meshes/Body.dae
[1.015s] -- Up-to-date symlink: /home/parsa/ros2_urdf_ws/install/my_robot_description/share/my_robot_description//meshes/FOOT-F-1 PROPERTIES.txt
[1.015s] -- Up-to-date symlink: /home/parsa/ros2_urdf_ws/install/my_robot_description/share/my_robot_description//meshes/Torso-joint -f properties.txt
[1.018s] -- Up-to-date symlink: /home/parsa/ros2_urdf_ws/install/my_robot_description/share/my_robot_description//meshes/Torso-joint-b properties.txt
[1.029s] -- Up-to-date symlink: /home/parsa/ros2_urdf_ws/install/my_robot_description/share/my_robot_description//meshes/femur PROPERTIES.txt
[1.029s] -- Up-to-date symlink: /home/parsa/ros2_urdf_ws/install/my_robot_description/share/my_robot_description//meshes/femur.dae
[1.030s] -- Up-to-date symlink: /home/parsa/ros2_urdf_ws/install/my_robot_description/share/my_robot_description//meshes/foot-b-1 PROPERTIES.txt
[1.042s] -- Up-to-date symlink: /home/parsa/ros2_urdf_ws/install/my_robot_description/share/my_robot_description//meshes/foot-b-1.dae
[1.047s] -- Up-to-date symlink: /home/parsa/ros2_urdf_ws/install/my_robot_description/share/my_robot_description//meshes/foot-f-1.dae
[1.048s] -- Up-to-date symlink: /home/parsa/ros2_urdf_ws/install/my_robot_description/share/my_robot_description//meshes/torso_joint_b.dae
[1.048s] -- Up-to-date symlink: /home/parsa/ros2_urdf_ws/install/my_robot_description/share/my_robot_description//meshes/torso_joint_f.dae
[1.048s] -- Up-to-date symlink: /home/parsa/ros2_urdf_ws/install/my_robot_description/share/ament_index/resource_index/package_run_dependencies/my_robot_description
[1.048s] -- Up-to-date symlink: /home/parsa/ros2_urdf_ws/install/my_robot_description/share/ament_index/resource_index/parent_prefix_path/my_robot_description
[1.054s] -- Up-to-date symlink: /home/parsa/ros2_urdf_ws/install/my_robot_description/share/my_robot_description/environment/ament_prefix_path.sh
[1.055s] -- Up-to-date symlink: /home/parsa/ros2_urdf_ws/install/my_robot_description/share/my_robot_description/environment/ament_prefix_path.dsv
[1.055s] -- Up-to-date symlink: /home/parsa/ros2_urdf_ws/install/my_robot_description/share/my_robot_description/environment/path.sh
[1.056s] -- Up-to-date symlink: /home/parsa/ros2_urdf_ws/install/my_robot_description/share/my_robot_description/environment/path.dsv
[1.056s] -- Up-to-date symlink: /home/parsa/ros2_urdf_ws/install/my_robot_description/share/my_robot_description/local_setup.bash
[1.056s] -- Up-to-date symlink: /home/parsa/ros2_urdf_ws/install/my_robot_description/share/my_robot_description/local_setup.sh
[1.056s] -- Up-to-date symlink: /home/parsa/ros2_urdf_ws/install/my_robot_description/share/my_robot_description/local_setup.zsh
[1.056s] -- Up-to-date symlink: /home/parsa/ros2_urdf_ws/install/my_robot_description/share/my_robot_description/local_setup.dsv
[1.056s] -- Symlinking: /home/parsa/ros2_urdf_ws/install/my_robot_description/share/my_robot_description/package.dsv
[1.107s] -- Up-to-date symlink: /home/parsa/ros2_urdf_ws/install/my_robot_description/share/ament_index/resource_index/packages/my_robot_description
[1.108s] -- Up-to-date symlink: /home/parsa/ros2_urdf_ws/install/my_robot_description/share/my_robot_description/cmake/my_robot_descriptionConfig.cmake
[1.109s] -- Up-to-date symlink: /home/parsa/ros2_urdf_ws/install/my_robot_description/share/my_robot_description/cmake/my_robot_descriptionConfig-version.cmake
[1.109s] -- Up-to-date symlink: /home/parsa/ros2_urdf_ws/install/my_robot_description/share/my_robot_description/package.xml
[1.113s] Invoked command in '/home/parsa/ros2_urdf_ws/build/my_robot_description' returned '0': CMAKE_PREFIX_PATH=${CMAKE_PREFIX_PATH}:/home/parsa/ros2_urdf_ws/install/inverse_kinematics://home/parsa/ros2_urdf_ws/install/inverse_kinematics:/opt/ros/humble /usr/bin/cmake --install /home/parsa/ros2_urdf_ws/build/my_robot_description
