[4.047s] Invoking command in '/home/parsa/ros2_urdf_ws/src/inverse_kinematics': PYTHONPATH=/home/parsa/ros2_urdf_ws/build/inverse_kinematics/prefix_override:/usr/lib/python3/dist-packages/colcon_core/task/python/colcon_distutils_commands:/home/parsa/ros2_urdf_ws/install/inverse_kinematics/lib/python3.10/site-packages:${PYTHONPATH} /usr/bin/python3 -W ignore:setup.py install is deprecated setup.py egg_info --egg-base ../../build/inverse_kinematics build --build-base /home/parsa/ros2_urdf_ws/build/inverse_kinematics/build install --record /home/parsa/ros2_urdf_ws/build/inverse_kinematics/install.log --single-version-externally-managed
[5.105s] running egg_info
[5.110s] writing ../../build/inverse_kinematics/inverse_kinematics.egg-info/PKG-INFO
[5.134s] writing dependency_links to ../../build/inverse_kinematics/inverse_kinematics.egg-info/dependency_links.txt
[5.135s] writing entry points to ../../build/inverse_kinematics/inverse_kinematics.egg-info/entry_points.txt
[5.135s] writing requirements to ../../build/inverse_kinematics/inverse_kinematics.egg-info/requires.txt
[5.135s] writing top-level names to ../../build/inverse_kinematics/inverse_kinematics.egg-info/top_level.txt
[5.142s] reading manifest file '../../build/inverse_kinematics/inverse_kinematics.egg-info/SOURCES.txt'
[5.156s] adding license file 'LICENSE'
[5.162s] writing manifest file '../../build/inverse_kinematics/inverse_kinematics.egg-info/SOURCES.txt'
[5.162s] running build
[5.163s] running build_py
[5.187s] copying inverse_kinematics/inverse_kinematics_node.py -> /home/parsa/ros2_urdf_ws/build/inverse_kinematics/build/lib/inverse_kinematics
[5.210s] copying inverse_kinematics/command_publisher.py -> /home/parsa/ros2_urdf_ws/build/inverse_kinematics/build/lib/inverse_kinematics
[5.210s] copying inverse_kinematics/movement_node.py -> /home/parsa/ros2_urdf_ws/build/inverse_kinematics/build/lib/inverse_kinematics
[5.211s] copying inverse_kinematics/movement.py -> /home/parsa/ros2_urdf_ws/build/inverse_kinematics/build/lib/inverse_kinematics
[5.233s] running install
[5.235s] running install_lib
[5.242s] copying /home/parsa/ros2_urdf_ws/build/inverse_kinematics/build/lib/inverse_kinematics/inverse_kinematics_node.py -> /home/parsa/ros2_urdf_ws/install/inverse_kinematics/lib/python3.10/site-packages/inverse_kinematics
[5.243s] copying /home/parsa/ros2_urdf_ws/build/inverse_kinematics/build/lib/inverse_kinematics/command_publisher.py -> /home/parsa/ros2_urdf_ws/install/inverse_kinematics/lib/python3.10/site-packages/inverse_kinematics
[5.244s] copying /home/parsa/ros2_urdf_ws/build/inverse_kinematics/build/lib/inverse_kinematics/movement_node.py -> /home/parsa/ros2_urdf_ws/install/inverse_kinematics/lib/python3.10/site-packages/inverse_kinematics
[5.244s] copying /home/parsa/ros2_urdf_ws/build/inverse_kinematics/build/lib/inverse_kinematics/movement.py -> /home/parsa/ros2_urdf_ws/install/inverse_kinematics/lib/python3.10/site-packages/inverse_kinematics
[5.246s] byte-compiling /home/parsa/ros2_urdf_ws/install/inverse_kinematics/lib/python3.10/site-packages/inverse_kinematics/inverse_kinematics_node.py to inverse_kinematics_node.cpython-310.pyc
[5.249s] byte-compiling /home/parsa/ros2_urdf_ws/install/inverse_kinematics/lib/python3.10/site-packages/inverse_kinematics/command_publisher.py to command_publisher.cpython-310.pyc
[5.251s] byte-compiling /home/parsa/ros2_urdf_ws/install/inverse_kinematics/lib/python3.10/site-packages/inverse_kinematics/movement_node.py to movement_node.cpython-310.pyc
[5.253s] byte-compiling /home/parsa/ros2_urdf_ws/install/inverse_kinematics/lib/python3.10/site-packages/inverse_kinematics/movement.py to movement.cpython-310.pyc
[5.254s] running install_egg_info
[5.260s] removing '/home/parsa/ros2_urdf_ws/install/inverse_kinematics/lib/python3.10/site-packages/inverse_kinematics-0.0.1-py3.10.egg-info' (and everything under it)
[5.262s] Copying ../../build/inverse_kinematics/inverse_kinematics.egg-info to /home/parsa/ros2_urdf_ws/install/inverse_kinematics/lib/python3.10/site-packages/inverse_kinematics-0.0.1-py3.10.egg-info
[5.285s] running install_scripts
[5.393s] Installing inverse_kinematics_node script to /home/parsa/ros2_urdf_ws/install/inverse_kinematics/lib/inverse_kinematics
[5.410s] writing list of installed files to '/home/parsa/ros2_urdf_ws/build/inverse_kinematics/install.log'
[5.502s] Invoked command in '/home/parsa/ros2_urdf_ws/src/inverse_kinematics' returned '0': PYTHONPATH=/home/parsa/ros2_urdf_ws/build/inverse_kinematics/prefix_override:/usr/lib/python3/dist-packages/colcon_core/task/python/colcon_distutils_commands:/home/parsa/ros2_urdf_ws/install/inverse_kinematics/lib/python3.10/site-packages:${PYTHONPATH} /usr/bin/python3 -W ignore:setup.py install is deprecated setup.py egg_info --egg-base ../../build/inverse_kinematics build --build-base /home/parsa/ros2_urdf_ws/build/inverse_kinematics/build install --record /home/parsa/ros2_urdf_ws/build/inverse_kinematics/install.log --single-version-externally-managed
