[0.024s] Invoking command in '/home/parsa/ros2_urdf_ws/build/my_robot_bringup': CMAKE_PREFIX_PATH=/home/parsa/ros2_urdf_ws/install/my_robot_description:/home/parsa/ros2_urdf_ws/install/my_robot_bringup://home/parsa/ros2_urdf_ws/install/my_robot_bringup://home/parsa/ros2_urdf_ws/install/my_robot_description:/opt/ros/humble /usr/bin/cmake /home/parsa/ros2_urdf_ws/src/my_robot_bringup -DCMAKE_INSTALL_PREFIX=/home/parsa/ros2_urdf_ws/install/my_robot_bringup
[0.078s] -- Found ament_cmake: 1.3.10 (/opt/ros/humble/share/ament_cmake/cmake)
[0.302s] -- Override CMake install command with custom implementation using symlinks instead of copying resources
[0.344s] -- Found rclcpp: 16.0.10 (/opt/ros/humble/share/rclcpp/cmake)
[1.048s] -- Found rosidl_generator_c: 3.1.5 (/opt/ros/humble/share/rosidl_generator_c/cmake)
[1.091s] -- Found rosidl_adapter: 3.1.5 (/opt/ros/humble/share/rosidl_adapter/cmake)
[1.154s] -- Found rosidl_generator_cpp: 3.1.5 (/opt/ros/humble/share/rosidl_generator_cpp/cmake)
[1.205s] -- Using all available rosidl_typesupport_c: rosidl_typesupport_fastrtps_c;rosidl_typesupport_introspection_c
[1.248s] -- Using all available rosidl_typesupport_cpp: rosidl_typesupport_fastrtps_cpp;rosidl_typesupport_introspection_cpp
[1.455s] -- Found rmw_implementation_cmake: 6.1.2 (/opt/ros/humble/share/rmw_implementation_cmake/cmake)
[1.463s] -- Found rmw_fastrtps_cpp: 6.2.7 (/opt/ros/humble/share/rmw_fastrtps_cpp/cmake)
[1.860s] -- Using RMW implementation 'rmw_fastrtps_cpp' as default
[2.242s] -- Found trajectory_msgs: 4.2.4 (/opt/ros/humble/share/trajectory_msgs/cmake)
[2.497s] -- Configuring done
[2.518s] -- Generating done
[2.526s] -- Build files have been written to: /home/parsa/ros2_urdf_ws/build/my_robot_bringup
[2.531s] Invoked command in '/home/parsa/ros2_urdf_ws/build/my_robot_bringup' returned '0': CMAKE_PREFIX_PATH=/home/parsa/ros2_urdf_ws/install/my_robot_description:/home/parsa/ros2_urdf_ws/install/my_robot_bringup://home/parsa/ros2_urdf_ws/install/my_robot_bringup://home/parsa/ros2_urdf_ws/install/my_robot_description:/opt/ros/humble /usr/bin/cmake /home/parsa/ros2_urdf_ws/src/my_robot_bringup -DCMAKE_INSTALL_PREFIX=/home/parsa/ros2_urdf_ws/install/my_robot_bringup
[2.533s] Invoking command in '/home/parsa/ros2_urdf_ws/build/my_robot_bringup': CMAKE_PREFIX_PATH=/home/parsa/ros2_urdf_ws/install/my_robot_description:/home/parsa/ros2_urdf_ws/install/my_robot_bringup://home/parsa/ros2_urdf_ws/install/my_robot_bringup://home/parsa/ros2_urdf_ws/install/my_robot_description:/opt/ros/humble /usr/bin/cmake --build /home/parsa/ros2_urdf_ws/build/my_robot_bringup -- -j3 -l3
[2.586s] Invoked command in '/home/parsa/ros2_urdf_ws/build/my_robot_bringup' returned '0': CMAKE_PREFIX_PATH=/home/parsa/ros2_urdf_ws/install/my_robot_description:/home/parsa/ros2_urdf_ws/install/my_robot_bringup://home/parsa/ros2_urdf_ws/install/my_robot_bringup://home/parsa/ros2_urdf_ws/install/my_robot_description:/opt/ros/humble /usr/bin/cmake --build /home/parsa/ros2_urdf_ws/build/my_robot_bringup -- -j3 -l3
[2.623s] Invoking command in '/home/parsa/ros2_urdf_ws/build/my_robot_bringup': CMAKE_PREFIX_PATH=/home/parsa/ros2_urdf_ws/install/my_robot_description:/home/parsa/ros2_urdf_ws/install/my_robot_bringup://home/parsa/ros2_urdf_ws/install/my_robot_bringup://home/parsa/ros2_urdf_ws/install/my_robot_description:/opt/ros/humble /usr/bin/cmake --install /home/parsa/ros2_urdf_ws/build/my_robot_bringup
[2.632s] -- Install configuration: ""
[2.632s] -- Execute custom install script
[2.656s] -- Up-to-date symlink: /home/parsa/ros2_urdf_ws/install/my_robot_bringup/share/my_robot_bringup//launch/my_robot_gazebo.launch.xml
[2.689s] -- Up-to-date symlink: /home/parsa/ros2_urdf_ws/install/my_robot_bringup/share/my_robot_bringup//rviz/urdf.rviz
[2.703s] -- Up-to-date symlink: /home/parsa/ros2_urdf_ws/install/my_robot_bringup/share/my_robot_bringup//config/joint_controller.yaml
[2.703s] -- Up-to-date symlink: /home/parsa/ros2_urdf_ws/install/my_robot_bringup/share/ament_index/resource_index/package_run_dependencies/my_robot_bringup
[2.705s] -- Up-to-date symlink: /home/parsa/ros2_urdf_ws/install/my_robot_bringup/share/ament_index/resource_index/parent_prefix_path/my_robot_bringup
[2.706s] -- Up-to-date symlink: /home/parsa/ros2_urdf_ws/install/my_robot_bringup/share/my_robot_bringup/environment/ament_prefix_path.sh
[2.706s] -- Up-to-date symlink: /home/parsa/ros2_urdf_ws/install/my_robot_bringup/share/my_robot_bringup/environment/ament_prefix_path.dsv
[2.717s] -- Up-to-date symlink: /home/parsa/ros2_urdf_ws/install/my_robot_bringup/share/my_robot_bringup/environment/path.sh
[2.718s] -- Up-to-date symlink: /home/parsa/ros2_urdf_ws/install/my_robot_bringup/share/my_robot_bringup/environment/path.dsv
[2.719s] -- Up-to-date symlink: /home/parsa/ros2_urdf_ws/install/my_robot_bringup/share/my_robot_bringup/local_setup.bash
[2.721s] -- Up-to-date symlink: /home/parsa/ros2_urdf_ws/install/my_robot_bringup/share/my_robot_bringup/local_setup.sh
[2.722s] -- Up-to-date symlink: /home/parsa/ros2_urdf_ws/install/my_robot_bringup/share/my_robot_bringup/local_setup.zsh
[2.722s] -- Up-to-date symlink: /home/parsa/ros2_urdf_ws/install/my_robot_bringup/share/my_robot_bringup/local_setup.dsv
[2.723s] -- Symlinking: /home/parsa/ros2_urdf_ws/install/my_robot_bringup/share/my_robot_bringup/package.dsv
[2.738s] -- Up-to-date symlink: /home/parsa/ros2_urdf_ws/install/my_robot_bringup/share/ament_index/resource_index/packages/my_robot_bringup
[2.755s] -- Up-to-date symlink: /home/parsa/ros2_urdf_ws/install/my_robot_bringup/share/my_robot_bringup/cmake/my_robot_bringupConfig.cmake
[2.756s] -- Up-to-date symlink: /home/parsa/ros2_urdf_ws/install/my_robot_bringup/share/my_robot_bringup/cmake/my_robot_bringupConfig-version.cmake
[2.756s] -- Up-to-date symlink: /home/parsa/ros2_urdf_ws/install/my_robot_bringup/share/my_robot_bringup/package.xml
[2.760s] Invoked command in '/home/parsa/ros2_urdf_ws/build/my_robot_bringup' returned '0': CMAKE_PREFIX_PATH=/home/parsa/ros2_urdf_ws/install/my_robot_description:/home/parsa/ros2_urdf_ws/install/my_robot_bringup://home/parsa/ros2_urdf_ws/install/my_robot_bringup://home/parsa/ros2_urdf_ws/install/my_robot_description:/opt/ros/humble /usr/bin/cmake --install /home/parsa/ros2_urdf_ws/build/my_robot_bringup
