[2.925s] Invoking command in '/home/parsa/ros2_urdf_ws/src/inverse_kinematics': PYTHONPATH=/home/parsa/ros2_urdf_ws/build/inverse_kinematics/prefix_override:/usr/lib/python3/dist-packages/colcon_core/task/python/colcon_distutils_commands:/home/parsa/ros2_urdf_ws/install/inverse_kinematics/lib/python3.10/site-packages:${PYTHONPATH} /usr/bin/python3 -W ignore:setup.py install is deprecated setup.py egg_info --egg-base ../../build/inverse_kinematics build --build-base /home/parsa/ros2_urdf_ws/build/inverse_kinematics/build install --record /home/parsa/ros2_urdf_ws/build/inverse_kinematics/install.log --single-version-externally-managed
[4.021s] running egg_info
[4.022s] writing ../../build/inverse_kinematics/inverse_kinematics.egg-info/PKG-INFO
[4.022s] writing dependency_links to ../../build/inverse_kinematics/inverse_kinematics.egg-info/dependency_links.txt
[4.022s] writing entry points to ../../build/inverse_kinematics/inverse_kinematics.egg-info/entry_points.txt
[4.022s] writing requirements to ../../build/inverse_kinematics/inverse_kinematics.egg-info/requires.txt
[4.022s] writing top-level names to ../../build/inverse_kinematics/inverse_kinematics.egg-info/top_level.txt
[4.025s] reading manifest file '../../build/inverse_kinematics/inverse_kinematics.egg-info/SOURCES.txt'
[4.026s] adding license file 'LICENSE'
[4.027s] writing manifest file '../../build/inverse_kinematics/inverse_kinematics.egg-info/SOURCES.txt'
[4.027s] running build
[4.027s] running build_py
[4.028s] running install
[4.029s] running install_lib
[4.033s] running install_egg_info
[4.033s] removing '/home/parsa/ros2_urdf_ws/install/inverse_kinematics/lib/python3.10/site-packages/inverse_kinematics-0.0.1-py3.10.egg-info' (and everything under it)
[4.036s] Copying ../../build/inverse_kinematics/inverse_kinematics.egg-info to /home/parsa/ros2_urdf_ws/install/inverse_kinematics/lib/python3.10/site-packages/inverse_kinematics-0.0.1-py3.10.egg-info
[4.036s] running install_scripts
[4.073s] Installing inverse_kinematics_node script to /home/parsa/ros2_urdf_ws/install/inverse_kinematics/lib/inverse_kinematics
[4.074s] writing list of installed files to '/home/parsa/ros2_urdf_ws/build/inverse_kinematics/install.log'
[4.111s] Invoked command in '/home/parsa/ros2_urdf_ws/src/inverse_kinematics' returned '0': PYTHONPATH=/home/parsa/ros2_urdf_ws/build/inverse_kinematics/prefix_override:/usr/lib/python3/dist-packages/colcon_core/task/python/colcon_distutils_commands:/home/parsa/ros2_urdf_ws/install/inverse_kinematics/lib/python3.10/site-packages:${PYTHONPATH} /usr/bin/python3 -W ignore:setup.py install is deprecated setup.py egg_info --egg-base ../../build/inverse_kinematics build --build-base /home/parsa/ros2_urdf_ws/build/inverse_kinematics/build install --record /home/parsa/ros2_urdf_ws/build/inverse_kinematics/install.log --single-version-externally-managed
