[0.243s] DEBUG:colcon:Command line arguments: ['/usr/bin/colcon', 'build']
[0.244s] DEBUG:colcon:Parsed command line arguments: Namespace(log_base=None, log_level=None, verb_name='build', build_base='build', install_base='install', merge_install=False, symlink_install=False, test_result_base=None, continue_on_error=False, executor='parallel', parallel_workers=3, event_handlers=None, ignore_user_meta=False, metas=['./colcon.meta'], base_paths=['.'], packages_ignore=None, packages_ignore_regex=None, paths=None, packages_up_to=None, packages_up_to_regex=None, packages_above=None, packages_above_and_dependencies=None, packages_above_depth=None, packages_select_by_dep=None, packages_skip_by_dep=None, packages_skip_up_to=None, packages_select_build_failed=False, packages_skip_build_finished=False, packages_select_test_failures=False, packages_skip_test_passed=False, packages_select=None, packages_skip=None, packages_select_regex=None, packages_skip_regex=None, packages_start=None, packages_end=None, allow_overriding=[], cmake_args=None, cmake_target=None, cmake_target_skip_unavailable=False, cmake_clean_cache=False, cmake_clean_first=False, cmake_force_configure=False, ament_cmake_args=None, catkin_cmake_args=None, catkin_skip_building_tests=False, mixin_files=None, mixin=None, verb_parser=<colcon_mixin.mixin.mixin_argument.MixinArgumentDecorator object at 0x724833d37790>, verb_extension=<colcon_core.verb.build.BuildVerb object at 0x724833d371c0>, main=<bound method BuildVerb.main of <colcon_core.verb.build.BuildVerb object at 0x724833d371c0>>, mixin_verb=('build',))
[0.645s] Level 1:colcon.colcon_core.package_discovery:discover_packages(colcon_meta) check parameters
[0.645s] Level 1:colcon.colcon_core.package_discovery:discover_packages(recursive) check parameters
[0.646s] Level 1:colcon.colcon_core.package_discovery:discover_packages(ignore) check parameters
[0.646s] Level 1:colcon.colcon_core.package_discovery:discover_packages(path) check parameters
[0.646s] Level 1:colcon.colcon_core.package_discovery:discover_packages(colcon_meta) discover
[0.646s] Level 1:colcon.colcon_core.package_discovery:discover_packages(recursive) discover
[0.646s] INFO:colcon.colcon_core.package_discovery:Crawling recursively for packages in '/home/parsa/ros2_urdf_ws'
[0.646s] Level 1:colcon.colcon_core.package_identification:_identify(.) by extensions ['ignore', 'ignore_ament_install']
[0.646s] Level 1:colcon.colcon_core.package_identification:_identify(.) by extension 'ignore'
[0.647s] Level 1:colcon.colcon_core.package_identification:_identify(.) by extension 'ignore_ament_install'
[0.647s] Level 1:colcon.colcon_core.package_identification:_identify(.) by extensions ['colcon_pkg']
[0.647s] Level 1:colcon.colcon_core.package_identification:_identify(.) by extension 'colcon_pkg'
[0.647s] Level 1:colcon.colcon_core.package_identification:_identify(.) by extensions ['colcon_meta']
[0.647s] Level 1:colcon.colcon_core.package_identification:_identify(.) by extension 'colcon_meta'
[0.647s] Level 1:colcon.colcon_core.package_identification:_identify(.) by extensions ['ros']
[0.647s] Level 1:colcon.colcon_core.package_identification:_identify(.) by extension 'ros'
[0.679s] Level 1:colcon.colcon_core.package_identification:_identify(.) by extensions ['cmake', 'python']
[0.679s] Level 1:colcon.colcon_core.package_identification:_identify(.) by extension 'cmake'
[0.679s] Level 1:colcon.colcon_core.package_identification:_identify(.) by extension 'python'
[0.679s] Level 1:colcon.colcon_core.package_identification:_identify(.) by extensions ['python_setup_py']
[0.679s] Level 1:colcon.colcon_core.package_identification:_identify(.) by extension 'python_setup_py'
[0.680s] Level 1:colcon.colcon_core.package_identification:_identify(build) by extensions ['ignore', 'ignore_ament_install']
[0.680s] Level 1:colcon.colcon_core.package_identification:_identify(build) by extension 'ignore'
[0.680s] Level 1:colcon.colcon_core.package_identification:_identify(build) ignored
[0.680s] Level 1:colcon.colcon_core.package_identification:_identify(install) by extensions ['ignore', 'ignore_ament_install']
[0.680s] Level 1:colcon.colcon_core.package_identification:_identify(install) by extension 'ignore'
[0.680s] Level 1:colcon.colcon_core.package_identification:_identify(install) ignored
[0.680s] Level 1:colcon.colcon_core.package_identification:_identify(log) by extensions ['ignore', 'ignore_ament_install']
[0.681s] Level 1:colcon.colcon_core.package_identification:_identify(log) by extension 'ignore'
[0.681s] Level 1:colcon.colcon_core.package_identification:_identify(log) ignored
[0.681s] Level 1:colcon.colcon_core.package_identification:_identify(src) by extensions ['ignore', 'ignore_ament_install']
[0.681s] Level 1:colcon.colcon_core.package_identification:_identify(src) by extension 'ignore'
[0.681s] Level 1:colcon.colcon_core.package_identification:_identify(src) by extension 'ignore_ament_install'
[0.681s] Level 1:colcon.colcon_core.package_identification:_identify(src) by extensions ['colcon_pkg']
[0.681s] Level 1:colcon.colcon_core.package_identification:_identify(src) by extension 'colcon_pkg'
[0.681s] Level 1:colcon.colcon_core.package_identification:_identify(src) by extensions ['colcon_meta']
[0.681s] Level 1:colcon.colcon_core.package_identification:_identify(src) by extension 'colcon_meta'
[0.681s] Level 1:colcon.colcon_core.package_identification:_identify(src) by extensions ['ros']
[0.681s] Level 1:colcon.colcon_core.package_identification:_identify(src) by extension 'ros'
[0.682s] Level 1:colcon.colcon_core.package_identification:_identify(src) by extensions ['cmake', 'python']
[0.682s] Level 1:colcon.colcon_core.package_identification:_identify(src) by extension 'cmake'
[0.682s] Level 1:colcon.colcon_core.package_identification:_identify(src) by extension 'python'
[0.682s] Level 1:colcon.colcon_core.package_identification:_identify(src) by extensions ['python_setup_py']
[0.682s] Level 1:colcon.colcon_core.package_identification:_identify(src) by extension 'python_setup_py'
[0.682s] Level 1:colcon.colcon_core.package_identification:_identify(src/inverse_kinematics) by extensions ['ignore', 'ignore_ament_install']
[0.682s] Level 1:colcon.colcon_core.package_identification:_identify(src/inverse_kinematics) by extension 'ignore'
[0.682s] Level 1:colcon.colcon_core.package_identification:_identify(src/inverse_kinematics) by extension 'ignore_ament_install'
[0.683s] Level 1:colcon.colcon_core.package_identification:_identify(src/inverse_kinematics) by extensions ['colcon_pkg']
[0.683s] Level 1:colcon.colcon_core.package_identification:_identify(src/inverse_kinematics) by extension 'colcon_pkg'
[0.683s] Level 1:colcon.colcon_core.package_identification:_identify(src/inverse_kinematics) by extensions ['colcon_meta']
[0.683s] Level 1:colcon.colcon_core.package_identification:_identify(src/inverse_kinematics) by extension 'colcon_meta'
[0.683s] Level 1:colcon.colcon_core.package_identification:_identify(src/inverse_kinematics) by extensions ['ros']
[0.683s] Level 1:colcon.colcon_core.package_identification:_identify(src/inverse_kinematics) by extension 'ros'
[0.691s] DEBUG:colcon.colcon_core.package_identification:Package 'src/inverse_kinematics' with type 'ros.ament_python' and name 'inverse_kinematics'
[0.691s] Level 1:colcon.colcon_core.package_identification:_identify(src/my_robot_bringup) by extensions ['ignore', 'ignore_ament_install']
[0.692s] Level 1:colcon.colcon_core.package_identification:_identify(src/my_robot_bringup) by extension 'ignore'
[0.692s] Level 1:colcon.colcon_core.package_identification:_identify(src/my_robot_bringup) by extension 'ignore_ament_install'
[0.692s] Level 1:colcon.colcon_core.package_identification:_identify(src/my_robot_bringup) by extensions ['colcon_pkg']
[0.692s] Level 1:colcon.colcon_core.package_identification:_identify(src/my_robot_bringup) by extension 'colcon_pkg'
[0.692s] Level 1:colcon.colcon_core.package_identification:_identify(src/my_robot_bringup) by extensions ['colcon_meta']
[0.692s] Level 1:colcon.colcon_core.package_identification:_identify(src/my_robot_bringup) by extension 'colcon_meta'
[0.692s] Level 1:colcon.colcon_core.package_identification:_identify(src/my_robot_bringup) by extensions ['ros']
[0.692s] Level 1:colcon.colcon_core.package_identification:_identify(src/my_robot_bringup) by extension 'ros'
[0.694s] DEBUG:colcon.colcon_core.package_identification:Package 'src/my_robot_bringup' with type 'ros.ament_cmake' and name 'my_robot_bringup'
[0.694s] Level 1:colcon.colcon_core.package_identification:_identify(src/my_robot_description) by extensions ['ignore', 'ignore_ament_install']
[0.694s] Level 1:colcon.colcon_core.package_identification:_identify(src/my_robot_description) by extension 'ignore'
[0.694s] Level 1:colcon.colcon_core.package_identification:_identify(src/my_robot_description) by extension 'ignore_ament_install'
[0.694s] Level 1:colcon.colcon_core.package_identification:_identify(src/my_robot_description) by extensions ['colcon_pkg']
[0.694s] Level 1:colcon.colcon_core.package_identification:_identify(src/my_robot_description) by extension 'colcon_pkg'
[0.694s] Level 1:colcon.colcon_core.package_identification:_identify(src/my_robot_description) by extensions ['colcon_meta']
[0.694s] Level 1:colcon.colcon_core.package_identification:_identify(src/my_robot_description) by extension 'colcon_meta'
[0.694s] Level 1:colcon.colcon_core.package_identification:_identify(src/my_robot_description) by extensions ['ros']
[0.694s] Level 1:colcon.colcon_core.package_identification:_identify(src/my_robot_description) by extension 'ros'
[0.695s] DEBUG:colcon.colcon_core.package_identification:Package 'src/my_robot_description' with type 'ros.ament_cmake' and name 'my_robot_description'
[0.695s] Level 1:colcon.colcon_core.package_discovery:discover_packages(recursive) using defaults
[0.695s] Level 1:colcon.colcon_core.package_discovery:discover_packages(ignore) discover
[0.696s] Level 1:colcon.colcon_core.package_discovery:discover_packages(ignore) using defaults
[0.696s] Level 1:colcon.colcon_core.package_discovery:discover_packages(path) discover
[0.696s] Level 1:colcon.colcon_core.package_discovery:discover_packages(path) using defaults
[0.764s] Level 1:colcon.colcon_core.package_discovery:discover_packages(prefix_path) check parameters
[0.764s] Level 1:colcon.colcon_core.package_discovery:discover_packages(prefix_path) discover
[0.767s] DEBUG:colcon.colcon_installed_package_information.package_discovery:Found 3 installed packages in /home/parsa/ros2_urdf_ws/install
[0.769s] DEBUG:colcon.colcon_installed_package_information.package_discovery:Found 3 installed packages in //home/parsa/ros2_urdf_ws/install
[0.773s] DEBUG:colcon.colcon_installed_package_information.package_discovery:Found 343 installed packages in /opt/ros/humble
[0.778s] Level 1:colcon.colcon_core.package_discovery:discover_packages(prefix_path) using defaults
[1.066s] Level 5:colcon.colcon_core.verb:set package 'inverse_kinematics' build argument 'cmake_args' from command line to 'None'
[1.066s] Level 5:colcon.colcon_core.verb:set package 'inverse_kinematics' build argument 'cmake_target' from command line to 'None'
[1.066s] Level 5:colcon.colcon_core.verb:set package 'inverse_kinematics' build argument 'cmake_target_skip_unavailable' from command line to 'False'
[1.066s] Level 5:colcon.colcon_core.verb:set package 'inverse_kinematics' build argument 'cmake_clean_cache' from command line to 'False'
[1.066s] Level 5:colcon.colcon_core.verb:set package 'inverse_kinematics' build argument 'cmake_clean_first' from command line to 'False'
[1.066s] Level 5:colcon.colcon_core.verb:set package 'inverse_kinematics' build argument 'cmake_force_configure' from command line to 'False'
[1.066s] Level 5:colcon.colcon_core.verb:set package 'inverse_kinematics' build argument 'ament_cmake_args' from command line to 'None'
[1.066s] Level 5:colcon.colcon_core.verb:set package 'inverse_kinematics' build argument 'catkin_cmake_args' from command line to 'None'
[1.066s] Level 5:colcon.colcon_core.verb:set package 'inverse_kinematics' build argument 'catkin_skip_building_tests' from command line to 'False'
[1.066s] DEBUG:colcon.colcon_core.verb:Building package 'inverse_kinematics' with the following arguments: {'ament_cmake_args': None, 'build_base': '/home/parsa/ros2_urdf_ws/build/inverse_kinematics', 'catkin_cmake_args': None, 'catkin_skip_building_tests': False, 'cmake_args': None, 'cmake_clean_cache': False, 'cmake_clean_first': False, 'cmake_force_configure': False, 'cmake_target': None, 'cmake_target_skip_unavailable': False, 'install_base': '/home/parsa/ros2_urdf_ws/install/inverse_kinematics', 'merge_install': False, 'path': '/home/parsa/ros2_urdf_ws/src/inverse_kinematics', 'symlink_install': False, 'test_result_base': None}
[1.067s] Level 5:colcon.colcon_core.verb:set package 'my_robot_description' build argument 'cmake_args' from command line to 'None'
[1.067s] Level 5:colcon.colcon_core.verb:set package 'my_robot_description' build argument 'cmake_target' from command line to 'None'
[1.068s] Level 5:colcon.colcon_core.verb:set package 'my_robot_description' build argument 'cmake_target_skip_unavailable' from command line to 'False'
[1.068s] Level 5:colcon.colcon_core.verb:set package 'my_robot_description' build argument 'cmake_clean_cache' from command line to 'False'
[1.068s] Level 5:colcon.colcon_core.verb:set package 'my_robot_description' build argument 'cmake_clean_first' from command line to 'False'
[1.068s] Level 5:colcon.colcon_core.verb:set package 'my_robot_description' build argument 'cmake_force_configure' from command line to 'False'
[1.068s] Level 5:colcon.colcon_core.verb:set package 'my_robot_description' build argument 'ament_cmake_args' from command line to 'None'
[1.068s] Level 5:colcon.colcon_core.verb:set package 'my_robot_description' build argument 'catkin_cmake_args' from command line to 'None'
[1.068s] Level 5:colcon.colcon_core.verb:set package 'my_robot_description' build argument 'catkin_skip_building_tests' from command line to 'False'
[1.068s] DEBUG:colcon.colcon_core.verb:Building package 'my_robot_description' with the following arguments: {'ament_cmake_args': None, 'build_base': '/home/parsa/ros2_urdf_ws/build/my_robot_description', 'catkin_cmake_args': None, 'catkin_skip_building_tests': False, 'cmake_args': None, 'cmake_clean_cache': False, 'cmake_clean_first': False, 'cmake_force_configure': False, 'cmake_target': None, 'cmake_target_skip_unavailable': False, 'install_base': '/home/parsa/ros2_urdf_ws/install/my_robot_description', 'merge_install': False, 'path': '/home/parsa/ros2_urdf_ws/src/my_robot_description', 'symlink_install': False, 'test_result_base': None}
[1.069s] Level 5:colcon.colcon_core.verb:set package 'my_robot_bringup' build argument 'cmake_args' from command line to 'None'
[1.069s] Level 5:colcon.colcon_core.verb:set package 'my_robot_bringup' build argument 'cmake_target' from command line to 'None'
[1.069s] Level 5:colcon.colcon_core.verb:set package 'my_robot_bringup' build argument 'cmake_target_skip_unavailable' from command line to 'False'
[1.069s] Level 5:colcon.colcon_core.verb:set package 'my_robot_bringup' build argument 'cmake_clean_cache' from command line to 'False'
[1.069s] Level 5:colcon.colcon_core.verb:set package 'my_robot_bringup' build argument 'cmake_clean_first' from command line to 'False'
[1.069s] Level 5:colcon.colcon_core.verb:set package 'my_robot_bringup' build argument 'cmake_force_configure' from command line to 'False'
[1.069s] Level 5:colcon.colcon_core.verb:set package 'my_robot_bringup' build argument 'ament_cmake_args' from command line to 'None'
[1.069s] Level 5:colcon.colcon_core.verb:set package 'my_robot_bringup' build argument 'catkin_cmake_args' from command line to 'None'
[1.069s] Level 5:colcon.colcon_core.verb:set package 'my_robot_bringup' build argument 'catkin_skip_building_tests' from command line to 'False'
[1.069s] DEBUG:colcon.colcon_core.verb:Building package 'my_robot_bringup' with the following arguments: {'ament_cmake_args': None, 'build_base': '/home/parsa/ros2_urdf_ws/build/my_robot_bringup', 'catkin_cmake_args': None, 'catkin_skip_building_tests': False, 'cmake_args': None, 'cmake_clean_cache': False, 'cmake_clean_first': False, 'cmake_force_configure': False, 'cmake_target': None, 'cmake_target_skip_unavailable': False, 'install_base': '/home/parsa/ros2_urdf_ws/install/my_robot_bringup', 'merge_install': False, 'path': '/home/parsa/ros2_urdf_ws/src/my_robot_bringup', 'symlink_install': False, 'test_result_base': None}
[1.070s] INFO:colcon.colcon_core.executor:Executing jobs using 'parallel' executor
[1.071s] DEBUG:colcon.colcon_parallel_executor.executor.parallel:run_until_complete
[1.072s] INFO:colcon.colcon_ros.task.ament_cmake.build:Building ROS package in '/home/parsa/ros2_urdf_ws/src/my_robot_description' with build type 'ament_cmake'
[1.072s] INFO:colcon.colcon_cmake.task.cmake.build:Building CMake package in '/home/parsa/ros2_urdf_ws/src/my_robot_description'
[1.076s] INFO:colcon.colcon_core.plugin_system:Skipping extension 'colcon_core.shell.bat': Not used on non-Windows systems
[1.076s] INFO:colcon.colcon_core.shell:Skip shell extension 'powershell' for command environment: Not usable outside of PowerShell
[1.076s] DEBUG:colcon.colcon_core.shell:Skip shell extension 'dsv' for command environment
[1.084s] INFO:colcon.colcon_ros.task.ament_python.build:Building ROS package in '/home/parsa/ros2_urdf_ws/src/inverse_kinematics' with build type 'ament_python'
[1.084s] Level 1:colcon.colcon_core.shell:create_environment_hook('inverse_kinematics', 'ament_prefix_path')
[1.084s] INFO:colcon.colcon_core.shell:Creating environment hook '/home/parsa/ros2_urdf_ws/install/inverse_kinematics/share/inverse_kinematics/hook/ament_prefix_path.ps1'
[1.085s] INFO:colcon.colcon_core.shell:Creating environment descriptor '/home/parsa/ros2_urdf_ws/install/inverse_kinematics/share/inverse_kinematics/hook/ament_prefix_path.dsv'
[1.086s] INFO:colcon.colcon_core.shell:Creating environment hook '/home/parsa/ros2_urdf_ws/install/inverse_kinematics/share/inverse_kinematics/hook/ament_prefix_path.sh'
[1.087s] INFO:colcon.colcon_core.shell:Skip shell extension 'powershell' for command environment: Not usable outside of PowerShell
[1.088s] DEBUG:colcon.colcon_core.shell:Skip shell extension 'dsv' for command environment
[1.105s] DEBUG:colcon.colcon_core.event_handler.log_command:Invoking command in '/home/parsa/ros2_urdf_ws/build/my_robot_description': CMAKE_PREFIX_PATH=${CMAKE_PREFIX_PATH}:/home/parsa/ros2_urdf_ws/install/inverse_kinematics://home/parsa/ros2_urdf_ws/install/inverse_kinematics:/opt/ros/humble /usr/bin/cmake --build /home/parsa/ros2_urdf_ws/build/my_robot_description -- -j3 -l3
[1.627s] WARNING:colcon.colcon_ros.task.ament_python.build:Package 'inverse_kinematics' doesn't explicitly install a marker in the package index (colcon-ros currently does it implicitly but that fallback will be removed in the future)
[1.628s] WARNING:colcon.colcon_ros.task.ament_python.build:Package 'inverse_kinematics' doesn't explicitly install the 'package.xml' file (colcon-ros currently does it implicitly but that fallback will be removed in the future)
[1.628s] INFO:colcon.colcon_core.task.python.build:Building Python package in '/home/parsa/ros2_urdf_ws/src/inverse_kinematics'
[1.629s] INFO:colcon.colcon_core.shell:Skip shell extension 'powershell' for command environment: Not usable outside of PowerShell
[1.629s] DEBUG:colcon.colcon_core.shell:Skip shell extension 'dsv' for command environment
[1.646s] DEBUG:colcon.colcon_core.event_handler.log_command:Invoked command in '/home/parsa/ros2_urdf_ws/build/my_robot_description' returned '0': CMAKE_PREFIX_PATH=${CMAKE_PREFIX_PATH}:/home/parsa/ros2_urdf_ws/install/inverse_kinematics://home/parsa/ros2_urdf_ws/install/inverse_kinematics:/opt/ros/humble /usr/bin/cmake --build /home/parsa/ros2_urdf_ws/build/my_robot_description -- -j3 -l3
[1.699s] DEBUG:colcon.colcon_core.event_handler.log_command:Invoking command in '/home/parsa/ros2_urdf_ws/build/my_robot_description': CMAKE_PREFIX_PATH=${CMAKE_PREFIX_PATH}:/home/parsa/ros2_urdf_ws/install/inverse_kinematics://home/parsa/ros2_urdf_ws/install/inverse_kinematics:/opt/ros/humble /usr/bin/cmake --install /home/parsa/ros2_urdf_ws/build/my_robot_description
[2.185s] Level 1:colcon.colcon_core.environment:create_environment_scripts_only(my_robot_description)
[2.186s] DEBUG:colcon.colcon_core.event_handler.log_command:Invoked command in '/home/parsa/ros2_urdf_ws/build/my_robot_description' returned '0': CMAKE_PREFIX_PATH=${CMAKE_PREFIX_PATH}:/home/parsa/ros2_urdf_ws/install/inverse_kinematics://home/parsa/ros2_urdf_ws/install/inverse_kinematics:/opt/ros/humble /usr/bin/cmake --install /home/parsa/ros2_urdf_ws/build/my_robot_description
[2.190s] Level 1:colcon.colcon_core.environment:checking '/home/parsa/ros2_urdf_ws/install/my_robot_description' for CMake module files
[2.193s] Level 1:colcon.colcon_core.environment:checking '/home/parsa/ros2_urdf_ws/install/my_robot_description' for CMake config files
[2.194s] Level 1:colcon.colcon_core.shell:create_environment_hook('my_robot_description', 'cmake_prefix_path')
[2.195s] INFO:colcon.colcon_core.shell:Creating environment hook '/home/parsa/ros2_urdf_ws/install/my_robot_description/share/my_robot_description/hook/cmake_prefix_path.ps1'
[2.196s] INFO:colcon.colcon_core.shell:Creating environment descriptor '/home/parsa/ros2_urdf_ws/install/my_robot_description/share/my_robot_description/hook/cmake_prefix_path.dsv'
[2.197s] INFO:colcon.colcon_core.shell:Creating environment hook '/home/parsa/ros2_urdf_ws/install/my_robot_description/share/my_robot_description/hook/cmake_prefix_path.sh'
[2.198s] Level 1:colcon.colcon_core.environment:checking '/home/parsa/ros2_urdf_ws/install/my_robot_description/bin'
[2.199s] Level 1:colcon.colcon_core.environment:checking '/home/parsa/ros2_urdf_ws/install/my_robot_description/lib/pkgconfig/my_robot_description.pc'
[2.199s] Level 1:colcon.colcon_core.environment:checking '/home/parsa/ros2_urdf_ws/install/my_robot_description/lib/python3.10/site-packages'
[2.200s] Level 1:colcon.colcon_core.environment:checking '/home/parsa/ros2_urdf_ws/install/my_robot_description/bin'
[2.200s] INFO:colcon.colcon_core.shell:Creating package script '/home/parsa/ros2_urdf_ws/install/my_robot_description/share/my_robot_description/package.ps1'
[2.202s] INFO:colcon.colcon_core.shell:Creating package descriptor '/home/parsa/ros2_urdf_ws/install/my_robot_description/share/my_robot_description/package.dsv'
[2.203s] INFO:colcon.colcon_core.shell:Creating package script '/home/parsa/ros2_urdf_ws/install/my_robot_description/share/my_robot_description/package.sh'
[2.204s] INFO:colcon.colcon_core.shell:Creating package script '/home/parsa/ros2_urdf_ws/install/my_robot_description/share/my_robot_description/package.bash'
[2.206s] INFO:colcon.colcon_core.shell:Creating package script '/home/parsa/ros2_urdf_ws/install/my_robot_description/share/my_robot_description/package.zsh'
[2.207s] Level 1:colcon.colcon_core.environment:create_file_with_runtime_dependencies(/home/parsa/ros2_urdf_ws/install/my_robot_description/share/colcon-core/packages/my_robot_description)
[2.260s] Level 1:colcon.colcon_core.environment:create_environment_scripts_only(my_robot_description)
[2.260s] Level 1:colcon.colcon_core.environment:checking '/home/parsa/ros2_urdf_ws/install/my_robot_description' for CMake module files
[2.261s] Level 1:colcon.colcon_core.environment:checking '/home/parsa/ros2_urdf_ws/install/my_robot_description' for CMake config files
[2.262s] Level 1:colcon.colcon_core.shell:create_environment_hook('my_robot_description', 'cmake_prefix_path')
[2.262s] INFO:colcon.colcon_core.shell:Creating environment hook '/home/parsa/ros2_urdf_ws/install/my_robot_description/share/my_robot_description/hook/cmake_prefix_path.ps1'
[2.263s] INFO:colcon.colcon_core.shell:Creating environment descriptor '/home/parsa/ros2_urdf_ws/install/my_robot_description/share/my_robot_description/hook/cmake_prefix_path.dsv'
[2.264s] INFO:colcon.colcon_core.shell:Creating environment hook '/home/parsa/ros2_urdf_ws/install/my_robot_description/share/my_robot_description/hook/cmake_prefix_path.sh'
[2.265s] Level 1:colcon.colcon_core.environment:checking '/home/parsa/ros2_urdf_ws/install/my_robot_description/bin'
[2.265s] Level 1:colcon.colcon_core.environment:checking '/home/parsa/ros2_urdf_ws/install/my_robot_description/lib/pkgconfig/my_robot_description.pc'
[2.266s] Level 1:colcon.colcon_core.environment:checking '/home/parsa/ros2_urdf_ws/install/my_robot_description/lib/python3.10/site-packages'
[2.266s] Level 1:colcon.colcon_core.environment:checking '/home/parsa/ros2_urdf_ws/install/my_robot_description/bin'
[2.267s] INFO:colcon.colcon_core.shell:Creating package script '/home/parsa/ros2_urdf_ws/install/my_robot_description/share/my_robot_description/package.ps1'
[2.269s] INFO:colcon.colcon_core.shell:Creating package descriptor '/home/parsa/ros2_urdf_ws/install/my_robot_description/share/my_robot_description/package.dsv'
[2.270s] INFO:colcon.colcon_core.shell:Creating package script '/home/parsa/ros2_urdf_ws/install/my_robot_description/share/my_robot_description/package.sh'
[2.272s] INFO:colcon.colcon_core.shell:Creating package script '/home/parsa/ros2_urdf_ws/install/my_robot_description/share/my_robot_description/package.bash'
[2.273s] INFO:colcon.colcon_core.shell:Creating package script '/home/parsa/ros2_urdf_ws/install/my_robot_description/share/my_robot_description/package.zsh'
[2.273s] Level 1:colcon.colcon_core.environment:create_file_with_runtime_dependencies(/home/parsa/ros2_urdf_ws/install/my_robot_description/share/colcon-core/packages/my_robot_description)
[2.274s] INFO:colcon.colcon_ros.task.ament_cmake.build:Building ROS package in '/home/parsa/ros2_urdf_ws/src/my_robot_bringup' with build type 'ament_cmake'
[2.274s] INFO:colcon.colcon_cmake.task.cmake.build:Building CMake package in '/home/parsa/ros2_urdf_ws/src/my_robot_bringup'
[2.275s] INFO:colcon.colcon_core.shell:Skip shell extension 'powershell' for command environment: Not usable outside of PowerShell
[2.275s] DEBUG:colcon.colcon_core.shell:Skip shell extension 'dsv' for command environment
[2.348s] DEBUG:colcon.colcon_core.event_handler.log_command:Invoking command in '/home/parsa/ros2_urdf_ws/build/my_robot_bringup': CMAKE_PREFIX_PATH=/home/parsa/ros2_urdf_ws/install/my_robot_description:/home/parsa/ros2_urdf_ws/install/my_robot_bringup://home/parsa/ros2_urdf_ws/install/my_robot_bringup://home/parsa/ros2_urdf_ws/install/my_robot_description:/home/parsa/ros2_urdf_ws/install/inverse_kinematics://home/parsa/ros2_urdf_ws/install/inverse_kinematics:/opt/ros/humble /usr/bin/cmake --build /home/parsa/ros2_urdf_ws/build/my_robot_bringup -- -j3 -l3
[2.442s] DEBUG:colcon.colcon_core.event_handler.log_command:Invoking command in '/home/parsa/ros2_urdf_ws/src/inverse_kinematics': PYTHONPATH=/home/parsa/ros2_urdf_ws/build/inverse_kinematics/prefix_override:/usr/lib/python3/dist-packages/colcon_core/task/python/colcon_distutils_commands:/home/parsa/ros2_urdf_ws/install/inverse_kinematics/lib/python3.10/site-packages:${PYTHONPATH} /usr/bin/python3 -W ignore:setup.py install is deprecated setup.py egg_info --egg-base ../../build/inverse_kinematics build --build-base /home/parsa/ros2_urdf_ws/build/inverse_kinematics/build install --record /home/parsa/ros2_urdf_ws/build/inverse_kinematics/install.log --single-version-externally-managed
[2.808s] DEBUG:colcon.colcon_core.event_handler.log_command:Invoked command in '/home/parsa/ros2_urdf_ws/build/my_robot_bringup' returned '0': CMAKE_PREFIX_PATH=/home/parsa/ros2_urdf_ws/install/my_robot_description:/home/parsa/ros2_urdf_ws/install/my_robot_bringup://home/parsa/ros2_urdf_ws/install/my_robot_bringup://home/parsa/ros2_urdf_ws/install/my_robot_description:/home/parsa/ros2_urdf_ws/install/inverse_kinematics://home/parsa/ros2_urdf_ws/install/inverse_kinematics:/opt/ros/humble /usr/bin/cmake --build /home/parsa/ros2_urdf_ws/build/my_robot_bringup -- -j3 -l3
[2.859s] DEBUG:colcon.colcon_core.event_handler.log_command:Invoking command in '/home/parsa/ros2_urdf_ws/build/my_robot_bringup': CMAKE_PREFIX_PATH=/home/parsa/ros2_urdf_ws/install/my_robot_description:/home/parsa/ros2_urdf_ws/install/my_robot_bringup://home/parsa/ros2_urdf_ws/install/my_robot_bringup://home/parsa/ros2_urdf_ws/install/my_robot_description:/home/parsa/ros2_urdf_ws/install/inverse_kinematics://home/parsa/ros2_urdf_ws/install/inverse_kinematics:/opt/ros/humble /usr/bin/cmake --install /home/parsa/ros2_urdf_ws/build/my_robot_bringup
[3.095s] Level 1:colcon.colcon_core.environment:create_environment_scripts_only(my_robot_bringup)
[3.095s] Level 1:colcon.colcon_core.environment:checking '/home/parsa/ros2_urdf_ws/install/my_robot_bringup' for CMake module files
[3.096s] DEBUG:colcon.colcon_core.event_handler.log_command:Invoked command in '/home/parsa/ros2_urdf_ws/build/my_robot_bringup' returned '0': CMAKE_PREFIX_PATH=/home/parsa/ros2_urdf_ws/install/my_robot_description:/home/parsa/ros2_urdf_ws/install/my_robot_bringup://home/parsa/ros2_urdf_ws/install/my_robot_bringup://home/parsa/ros2_urdf_ws/install/my_robot_description:/home/parsa/ros2_urdf_ws/install/inverse_kinematics://home/parsa/ros2_urdf_ws/install/inverse_kinematics:/opt/ros/humble /usr/bin/cmake --install /home/parsa/ros2_urdf_ws/build/my_robot_bringup
[3.096s] Level 1:colcon.colcon_core.environment:checking '/home/parsa/ros2_urdf_ws/install/my_robot_bringup' for CMake config files
[3.097s] Level 1:colcon.colcon_core.shell:create_environment_hook('my_robot_bringup', 'cmake_prefix_path')
[3.097s] INFO:colcon.colcon_core.shell:Creating environment hook '/home/parsa/ros2_urdf_ws/install/my_robot_bringup/share/my_robot_bringup/hook/cmake_prefix_path.ps1'
[3.098s] INFO:colcon.colcon_core.shell:Creating environment descriptor '/home/parsa/ros2_urdf_ws/install/my_robot_bringup/share/my_robot_bringup/hook/cmake_prefix_path.dsv'
[3.098s] INFO:colcon.colcon_core.shell:Creating environment hook '/home/parsa/ros2_urdf_ws/install/my_robot_bringup/share/my_robot_bringup/hook/cmake_prefix_path.sh'
[3.099s] Level 1:colcon.colcon_core.environment:checking '/home/parsa/ros2_urdf_ws/install/my_robot_bringup/bin'
[3.099s] Level 1:colcon.colcon_core.environment:checking '/home/parsa/ros2_urdf_ws/install/my_robot_bringup/lib/pkgconfig/my_robot_bringup.pc'
[3.100s] Level 1:colcon.colcon_core.environment:checking '/home/parsa/ros2_urdf_ws/install/my_robot_bringup/lib/python3.10/site-packages'
[3.100s] Level 1:colcon.colcon_core.environment:checking '/home/parsa/ros2_urdf_ws/install/my_robot_bringup/bin'
[3.101s] INFO:colcon.colcon_core.shell:Creating package script '/home/parsa/ros2_urdf_ws/install/my_robot_bringup/share/my_robot_bringup/package.ps1'
[3.101s] INFO:colcon.colcon_core.shell:Creating package descriptor '/home/parsa/ros2_urdf_ws/install/my_robot_bringup/share/my_robot_bringup/package.dsv'
[3.102s] INFO:colcon.colcon_core.shell:Creating package script '/home/parsa/ros2_urdf_ws/install/my_robot_bringup/share/my_robot_bringup/package.sh'
[3.103s] INFO:colcon.colcon_core.shell:Creating package script '/home/parsa/ros2_urdf_ws/install/my_robot_bringup/share/my_robot_bringup/package.bash'
[3.103s] INFO:colcon.colcon_core.shell:Creating package script '/home/parsa/ros2_urdf_ws/install/my_robot_bringup/share/my_robot_bringup/package.zsh'
[3.104s] Level 1:colcon.colcon_core.environment:create_file_with_runtime_dependencies(/home/parsa/ros2_urdf_ws/install/my_robot_bringup/share/colcon-core/packages/my_robot_bringup)
[3.146s] Level 1:colcon.colcon_core.environment:create_environment_scripts_only(my_robot_bringup)
[3.146s] Level 1:colcon.colcon_core.environment:checking '/home/parsa/ros2_urdf_ws/install/my_robot_bringup' for CMake module files
[3.147s] Level 1:colcon.colcon_core.environment:checking '/home/parsa/ros2_urdf_ws/install/my_robot_bringup' for CMake config files
[3.147s] Level 1:colcon.colcon_core.shell:create_environment_hook('my_robot_bringup', 'cmake_prefix_path')
[3.148s] INFO:colcon.colcon_core.shell:Creating environment hook '/home/parsa/ros2_urdf_ws/install/my_robot_bringup/share/my_robot_bringup/hook/cmake_prefix_path.ps1'
[3.149s] INFO:colcon.colcon_core.shell:Creating environment descriptor '/home/parsa/ros2_urdf_ws/install/my_robot_bringup/share/my_robot_bringup/hook/cmake_prefix_path.dsv'
[3.149s] INFO:colcon.colcon_core.shell:Creating environment hook '/home/parsa/ros2_urdf_ws/install/my_robot_bringup/share/my_robot_bringup/hook/cmake_prefix_path.sh'
[3.151s] Level 1:colcon.colcon_core.environment:checking '/home/parsa/ros2_urdf_ws/install/my_robot_bringup/bin'
[3.152s] Level 1:colcon.colcon_core.environment:checking '/home/parsa/ros2_urdf_ws/install/my_robot_bringup/lib/pkgconfig/my_robot_bringup.pc'
[3.152s] Level 1:colcon.colcon_core.environment:checking '/home/parsa/ros2_urdf_ws/install/my_robot_bringup/lib/python3.10/site-packages'
[3.154s] Level 1:colcon.colcon_core.environment:checking '/home/parsa/ros2_urdf_ws/install/my_robot_bringup/bin'
[3.155s] INFO:colcon.colcon_core.shell:Creating package script '/home/parsa/ros2_urdf_ws/install/my_robot_bringup/share/my_robot_bringup/package.ps1'
[3.156s] INFO:colcon.colcon_core.shell:Creating package descriptor '/home/parsa/ros2_urdf_ws/install/my_robot_bringup/share/my_robot_bringup/package.dsv'
[3.158s] INFO:colcon.colcon_core.shell:Creating package script '/home/parsa/ros2_urdf_ws/install/my_robot_bringup/share/my_robot_bringup/package.sh'
[3.159s] INFO:colcon.colcon_core.shell:Creating package script '/home/parsa/ros2_urdf_ws/install/my_robot_bringup/share/my_robot_bringup/package.bash'
[3.160s] INFO:colcon.colcon_core.shell:Creating package script '/home/parsa/ros2_urdf_ws/install/my_robot_bringup/share/my_robot_bringup/package.zsh'
[3.161s] Level 1:colcon.colcon_core.environment:create_file_with_runtime_dependencies(/home/parsa/ros2_urdf_ws/install/my_robot_bringup/share/colcon-core/packages/my_robot_bringup)
[3.209s] Level 1:colcon.colcon_core.environment:checking '/home/parsa/ros2_urdf_ws/install/inverse_kinematics' for CMake module files
[3.211s] DEBUG:colcon.colcon_core.event_handler.log_command:Invoked command in '/home/parsa/ros2_urdf_ws/src/inverse_kinematics' returned '0': PYTHONPATH=/home/parsa/ros2_urdf_ws/build/inverse_kinematics/prefix_override:/usr/lib/python3/dist-packages/colcon_core/task/python/colcon_distutils_commands:/home/parsa/ros2_urdf_ws/install/inverse_kinematics/lib/python3.10/site-packages:${PYTHONPATH} /usr/bin/python3 -W ignore:setup.py install is deprecated setup.py egg_info --egg-base ../../build/inverse_kinematics build --build-base /home/parsa/ros2_urdf_ws/build/inverse_kinematics/build install --record /home/parsa/ros2_urdf_ws/build/inverse_kinematics/install.log --single-version-externally-managed
[3.212s] Level 1:colcon.colcon_core.environment:checking '/home/parsa/ros2_urdf_ws/install/inverse_kinematics' for CMake config files
[3.229s] Level 1:colcon.colcon_core.environment:checking '/home/parsa/ros2_urdf_ws/install/inverse_kinematics/lib'
[3.230s] Level 1:colcon.colcon_core.environment:checking '/home/parsa/ros2_urdf_ws/install/inverse_kinematics/bin'
[3.230s] Level 1:colcon.colcon_core.environment:checking '/home/parsa/ros2_urdf_ws/install/inverse_kinematics/lib/pkgconfig/inverse_kinematics.pc'
[3.233s] Level 1:colcon.colcon_core.environment:checking '/home/parsa/ros2_urdf_ws/install/inverse_kinematics/lib/python3.10/site-packages'
[3.233s] Level 1:colcon.colcon_core.shell:create_environment_hook('inverse_kinematics', 'pythonpath')
[3.234s] INFO:colcon.colcon_core.shell:Creating environment hook '/home/parsa/ros2_urdf_ws/install/inverse_kinematics/share/inverse_kinematics/hook/pythonpath.ps1'
[3.237s] INFO:colcon.colcon_core.shell:Creating environment descriptor '/home/parsa/ros2_urdf_ws/install/inverse_kinematics/share/inverse_kinematics/hook/pythonpath.dsv'
[3.239s] INFO:colcon.colcon_core.shell:Creating environment hook '/home/parsa/ros2_urdf_ws/install/inverse_kinematics/share/inverse_kinematics/hook/pythonpath.sh'
[3.240s] Level 1:colcon.colcon_core.environment:checking '/home/parsa/ros2_urdf_ws/install/inverse_kinematics/bin'
[3.241s] Level 1:colcon.colcon_core.environment:create_environment_scripts_only(inverse_kinematics)
[3.241s] INFO:colcon.colcon_core.shell:Creating package script '/home/parsa/ros2_urdf_ws/install/inverse_kinematics/share/inverse_kinematics/package.ps1'
[3.243s] INFO:colcon.colcon_core.shell:Creating package descriptor '/home/parsa/ros2_urdf_ws/install/inverse_kinematics/share/inverse_kinematics/package.dsv'
[3.243s] INFO:colcon.colcon_core.shell:Creating package script '/home/parsa/ros2_urdf_ws/install/inverse_kinematics/share/inverse_kinematics/package.sh'
[3.244s] INFO:colcon.colcon_core.shell:Creating package script '/home/parsa/ros2_urdf_ws/install/inverse_kinematics/share/inverse_kinematics/package.bash'
[3.245s] INFO:colcon.colcon_core.shell:Creating package script '/home/parsa/ros2_urdf_ws/install/inverse_kinematics/share/inverse_kinematics/package.zsh'
[3.245s] Level 1:colcon.colcon_core.environment:create_file_with_runtime_dependencies(/home/parsa/ros2_urdf_ws/install/inverse_kinematics/share/colcon-core/packages/inverse_kinematics)
[3.246s] DEBUG:colcon.colcon_parallel_executor.executor.parallel:closing loop
[3.246s] DEBUG:colcon.colcon_parallel_executor.executor.parallel:loop closed
[3.246s] DEBUG:colcon.colcon_parallel_executor.executor.parallel:run_until_complete finished with '0'
[3.246s] DEBUG:colcon.colcon_core.event_reactor:joining thread
[3.256s] INFO:colcon.colcon_core.plugin_system:Skipping extension 'colcon_notification.desktop_notification.terminal_notifier': Not used on non-Darwin systems
[3.256s] INFO:colcon.colcon_core.plugin_system:Skipping extension 'colcon_notification.desktop_notification.win32': Not used on non-Windows systems
[3.256s] INFO:colcon.colcon_notification.desktop_notification:Sending desktop notification using 'notify2'
[3.280s] DEBUG:colcon.colcon_core.event_reactor:joined thread
[3.280s] INFO:colcon.colcon_core.shell:Creating prefix script '/home/parsa/ros2_urdf_ws/install/local_setup.ps1'
[3.283s] INFO:colcon.colcon_core.shell:Creating prefix util module '/home/parsa/ros2_urdf_ws/install/_local_setup_util_ps1.py'
[3.287s] INFO:colcon.colcon_core.shell:Creating prefix chain script '/home/parsa/ros2_urdf_ws/install/setup.ps1'
[3.290s] INFO:colcon.colcon_core.shell:Creating prefix script '/home/parsa/ros2_urdf_ws/install/local_setup.sh'
[3.291s] INFO:colcon.colcon_core.shell:Creating prefix util module '/home/parsa/ros2_urdf_ws/install/_local_setup_util_sh.py'
[3.293s] INFO:colcon.colcon_core.shell:Creating prefix chain script '/home/parsa/ros2_urdf_ws/install/setup.sh'
[3.296s] INFO:colcon.colcon_core.shell:Creating prefix script '/home/parsa/ros2_urdf_ws/install/local_setup.bash'
[3.297s] INFO:colcon.colcon_core.shell:Creating prefix chain script '/home/parsa/ros2_urdf_ws/install/setup.bash'
[3.300s] INFO:colcon.colcon_core.shell:Creating prefix script '/home/parsa/ros2_urdf_ws/install/local_setup.zsh'
[3.301s] INFO:colcon.colcon_core.shell:Creating prefix chain script '/home/parsa/ros2_urdf_ws/install/setup.zsh'
