[6.481s] DEBUG:colcon:Command line arguments: ['/usr/bin/colcon', 'build']
[6.481s] DEBUG:colcon:Parsed command line arguments: Namespace(log_base=None, log_level=None, verb_name='build', build_base='build', install_base='install', merge_install=False, symlink_install=False, test_result_base=None, continue_on_error=False, executor='parallel', parallel_workers=3, event_handlers=None, ignore_user_meta=False, metas=['./colcon.meta'], base_paths=['.'], packages_ignore=None, packages_ignore_regex=None, paths=None, packages_up_to=None, packages_up_to_regex=None, packages_above=None, packages_above_and_dependencies=None, packages_above_depth=None, packages_select_by_dep=None, packages_skip_by_dep=None, packages_skip_up_to=None, packages_select_build_failed=False, packages_skip_build_finished=False, packages_select_test_failures=False, packages_skip_test_passed=False, packages_select=None, packages_skip=None, packages_select_regex=None, packages_skip_regex=None, packages_start=None, packages_end=None, allow_overriding=[], cmake_args=None, cmake_target=None, cmake_target_skip_unavailable=False, cmake_clean_cache=False, cmake_clean_first=False, cmake_force_configure=False, ament_cmake_args=None, catkin_cmake_args=None, catkin_skip_building_tests=False, mixin_files=None, mixin=None, verb_parser=<colcon_mixin.mixin.mixin_argument.MixinArgumentDecorator object at 0x7193ae5f7be0>, verb_extension=<colcon_core.verb.build.BuildVerb object at 0x7193ae5f7610>, main=<bound method BuildVerb.main of <colcon_core.verb.build.BuildVerb object at 0x7193ae5f7610>>, mixin_verb=('build',))
[12.697s] Level 1:colcon.colcon_core.package_discovery:discover_packages(colcon_meta) check parameters
[12.697s] Level 1:colcon.colcon_core.package_discovery:discover_packages(recursive) check parameters
[12.697s] Level 1:colcon.colcon_core.package_discovery:discover_packages(ignore) check parameters
[12.697s] Level 1:colcon.colcon_core.package_discovery:discover_packages(path) check parameters
[12.697s] Level 1:colcon.colcon_core.package_discovery:discover_packages(colcon_meta) discover
[12.698s] Level 1:colcon.colcon_core.package_discovery:discover_packages(recursive) discover
[12.698s] INFO:colcon.colcon_core.package_discovery:Crawling recursively for packages in '/home/parsa/ros2_quadro_ws'
[12.698s] Level 1:colcon.colcon_core.package_identification:_identify(.) by extensions ['ignore', 'ignore_ament_install']
[12.698s] Level 1:colcon.colcon_core.package_identification:_identify(.) by extension 'ignore'
[12.699s] Level 1:colcon.colcon_core.package_identification:_identify(.) by extension 'ignore_ament_install'
[12.699s] Level 1:colcon.colcon_core.package_identification:_identify(.) by extensions ['colcon_pkg']
[12.699s] Level 1:colcon.colcon_core.package_identification:_identify(.) by extension 'colcon_pkg'
[12.699s] Level 1:colcon.colcon_core.package_identification:_identify(.) by extensions ['colcon_meta']
[12.699s] Level 1:colcon.colcon_core.package_identification:_identify(.) by extension 'colcon_meta'
[12.699s] Level 1:colcon.colcon_core.package_identification:_identify(.) by extensions ['ros']
[12.699s] Level 1:colcon.colcon_core.package_identification:_identify(.) by extension 'ros'
[12.791s] Level 1:colcon.colcon_core.package_identification:_identify(.) by extensions ['cmake', 'python']
[12.791s] Level 1:colcon.colcon_core.package_identification:_identify(.) by extension 'cmake'
[12.791s] Level 1:colcon.colcon_core.package_identification:_identify(.) by extension 'python'
[12.791s] Level 1:colcon.colcon_core.package_identification:_identify(.) by extensions ['python_setup_py']
[12.791s] Level 1:colcon.colcon_core.package_identification:_identify(.) by extension 'python_setup_py'
[12.791s] Level 1:colcon.colcon_core.package_identification:_identify(build) by extensions ['ignore', 'ignore_ament_install']
[12.791s] Level 1:colcon.colcon_core.package_identification:_identify(build) by extension 'ignore'
[12.791s] Level 1:colcon.colcon_core.package_identification:_identify(build) ignored
[12.792s] Level 1:colcon.colcon_core.package_identification:_identify(install) by extensions ['ignore', 'ignore_ament_install']
[12.792s] Level 1:colcon.colcon_core.package_identification:_identify(install) by extension 'ignore'
[12.792s] Level 1:colcon.colcon_core.package_identification:_identify(install) ignored
[12.792s] Level 1:colcon.colcon_core.package_identification:_identify(log) by extensions ['ignore', 'ignore_ament_install']
[12.793s] Level 1:colcon.colcon_core.package_identification:_identify(log) by extension 'ignore'
[12.793s] Level 1:colcon.colcon_core.package_identification:_identify(log) ignored
[12.793s] Level 1:colcon.colcon_core.package_identification:_identify(src) by extensions ['ignore', 'ignore_ament_install']
[12.793s] Level 1:colcon.colcon_core.package_identification:_identify(src) by extension 'ignore'
[12.793s] Level 1:colcon.colcon_core.package_identification:_identify(src) by extension 'ignore_ament_install'
[12.793s] Level 1:colcon.colcon_core.package_identification:_identify(src) by extensions ['colcon_pkg']
[12.793s] Level 1:colcon.colcon_core.package_identification:_identify(src) by extension 'colcon_pkg'
[12.793s] Level 1:colcon.colcon_core.package_identification:_identify(src) by extensions ['colcon_meta']
[12.793s] Level 1:colcon.colcon_core.package_identification:_identify(src) by extension 'colcon_meta'
[12.793s] Level 1:colcon.colcon_core.package_identification:_identify(src) by extensions ['ros']
[12.793s] Level 1:colcon.colcon_core.package_identification:_identify(src) by extension 'ros'
[12.794s] Level 1:colcon.colcon_core.package_identification:_identify(src) by extensions ['cmake', 'python']
[12.794s] Level 1:colcon.colcon_core.package_identification:_identify(src) by extension 'cmake'
[12.794s] Level 1:colcon.colcon_core.package_identification:_identify(src) by extension 'python'
[12.794s] Level 1:colcon.colcon_core.package_identification:_identify(src) by extensions ['python_setup_py']
[12.794s] Level 1:colcon.colcon_core.package_identification:_identify(src) by extension 'python_setup_py'
[12.804s] Level 1:colcon.colcon_core.package_identification:_identify(src/inverse_kinematics) by extensions ['ignore', 'ignore_ament_install']
[12.804s] Level 1:colcon.colcon_core.package_identification:_identify(src/inverse_kinematics) by extension 'ignore'
[12.804s] Level 1:colcon.colcon_core.package_identification:_identify(src/inverse_kinematics) by extension 'ignore_ament_install'
[12.804s] Level 1:colcon.colcon_core.package_identification:_identify(src/inverse_kinematics) by extensions ['colcon_pkg']
[12.804s] Level 1:colcon.colcon_core.package_identification:_identify(src/inverse_kinematics) by extension 'colcon_pkg'
[12.804s] Level 1:colcon.colcon_core.package_identification:_identify(src/inverse_kinematics) by extensions ['colcon_meta']
[12.804s] Level 1:colcon.colcon_core.package_identification:_identify(src/inverse_kinematics) by extension 'colcon_meta'
[12.804s] Level 1:colcon.colcon_core.package_identification:_identify(src/inverse_kinematics) by extensions ['ros']
[12.805s] Level 1:colcon.colcon_core.package_identification:_identify(src/inverse_kinematics) by extension 'ros'
[12.835s] DEBUG:colcon.colcon_core.package_identification:Package 'src/inverse_kinematics' with type 'ros.ament_python' and name 'inverse_kinematics'
[12.843s] Level 1:colcon.colcon_core.package_identification:_identify(src/my_robot_bringup) by extensions ['ignore', 'ignore_ament_install']
[12.843s] Level 1:colcon.colcon_core.package_identification:_identify(src/my_robot_bringup) by extension 'ignore'
[12.844s] Level 1:colcon.colcon_core.package_identification:_identify(src/my_robot_bringup) by extension 'ignore_ament_install'
[12.844s] Level 1:colcon.colcon_core.package_identification:_identify(src/my_robot_bringup) by extensions ['colcon_pkg']
[12.844s] Level 1:colcon.colcon_core.package_identification:_identify(src/my_robot_bringup) by extension 'colcon_pkg'
[12.844s] Level 1:colcon.colcon_core.package_identification:_identify(src/my_robot_bringup) by extensions ['colcon_meta']
[12.844s] Level 1:colcon.colcon_core.package_identification:_identify(src/my_robot_bringup) by extension 'colcon_meta'
[12.844s] Level 1:colcon.colcon_core.package_identification:_identify(src/my_robot_bringup) by extensions ['ros']
[12.844s] Level 1:colcon.colcon_core.package_identification:_identify(src/my_robot_bringup) by extension 'ros'
[12.863s] DEBUG:colcon.colcon_core.package_identification:Package 'src/my_robot_bringup' with type 'ros.ament_cmake' and name 'my_robot_bringup'
[12.877s] Level 1:colcon.colcon_core.package_identification:_identify(src/my_robot_description) by extensions ['ignore', 'ignore_ament_install']
[12.877s] Level 1:colcon.colcon_core.package_identification:_identify(src/my_robot_description) by extension 'ignore'
[12.877s] Level 1:colcon.colcon_core.package_identification:_identify(src/my_robot_description) by extension 'ignore_ament_install'
[12.877s] Level 1:colcon.colcon_core.package_identification:_identify(src/my_robot_description) by extensions ['colcon_pkg']
[12.877s] Level 1:colcon.colcon_core.package_identification:_identify(src/my_robot_description) by extension 'colcon_pkg'
[12.877s] Level 1:colcon.colcon_core.package_identification:_identify(src/my_robot_description) by extensions ['colcon_meta']
[12.878s] Level 1:colcon.colcon_core.package_identification:_identify(src/my_robot_description) by extension 'colcon_meta'
[12.878s] Level 1:colcon.colcon_core.package_identification:_identify(src/my_robot_description) by extensions ['ros']
[12.878s] Level 1:colcon.colcon_core.package_identification:_identify(src/my_robot_description) by extension 'ros'
[12.907s] DEBUG:colcon.colcon_core.package_identification:Package 'src/my_robot_description' with type 'ros.ament_cmake' and name 'my_robot_description'
[12.907s] Level 1:colcon.colcon_core.package_discovery:discover_packages(recursive) using defaults
[12.907s] Level 1:colcon.colcon_core.package_discovery:discover_packages(ignore) discover
[12.907s] Level 1:colcon.colcon_core.package_discovery:discover_packages(ignore) using defaults
[12.907s] Level 1:colcon.colcon_core.package_discovery:discover_packages(path) discover
[12.907s] Level 1:colcon.colcon_core.package_discovery:discover_packages(path) using defaults
[13.307s] Level 1:colcon.colcon_core.package_discovery:discover_packages(prefix_path) check parameters
[13.307s] Level 1:colcon.colcon_core.package_discovery:discover_packages(prefix_path) discover
[13.325s] WARNING:colcon.colcon_core.prefix_path.colcon:The path '/home/parsa/ros2_urdf_ws/install' in the environment variable COLCON_PREFIX_PATH doesn't exist
[13.325s] WARNING:colcon.colcon_core.prefix_path.colcon:The path '//home/parsa/ros2_urdf_ws/install' in the environment variable COLCON_PREFIX_PATH doesn't exist
[13.325s] WARNING:colcon.colcon_ros.prefix_path.ament:The path '/home/parsa/ros2_urdf_ws/install/my_robot_bringup' in the environment variable AMENT_PREFIX_PATH doesn't exist
[13.325s] WARNING:colcon.colcon_ros.prefix_path.ament:The path '/home/parsa/ros2_urdf_ws/install/my_robot_description' in the environment variable AMENT_PREFIX_PATH doesn't exist
[13.325s] WARNING:colcon.colcon_ros.prefix_path.ament:The path '/home/parsa/ros2_urdf_ws/install/inverse_kinematics' in the environment variable AMENT_PREFIX_PATH doesn't exist
[13.325s] WARNING:colcon.colcon_ros.prefix_path.ament:The path '//home/parsa/ros2_urdf_ws/install/my_robot_bringup' in the environment variable AMENT_PREFIX_PATH doesn't exist
[13.326s] WARNING:colcon.colcon_ros.prefix_path.ament:The path '//home/parsa/ros2_urdf_ws/install/my_robot_description' in the environment variable AMENT_PREFIX_PATH doesn't exist
[13.326s] WARNING:colcon.colcon_ros.prefix_path.ament:The path '//home/parsa/ros2_urdf_ws/install/inverse_kinematics' in the environment variable AMENT_PREFIX_PATH doesn't exist
[13.326s] WARNING:colcon.colcon_ros.prefix_path.catkin:The path '/home/parsa/ros2_urdf_ws/install/my_robot_bringup' in the environment variable CMAKE_PREFIX_PATH doesn't exist
[13.326s] WARNING:colcon.colcon_ros.prefix_path.catkin:The path '/home/parsa/ros2_urdf_ws/install/my_robot_description' in the environment variable CMAKE_PREFIX_PATH doesn't exist
[13.326s] WARNING:colcon.colcon_ros.prefix_path.catkin:The path '//home/parsa/ros2_urdf_ws/install/my_robot_bringup' in the environment variable CMAKE_PREFIX_PATH doesn't exist
[13.326s] WARNING:colcon.colcon_ros.prefix_path.catkin:The path '//home/parsa/ros2_urdf_ws/install/my_robot_description' in the environment variable CMAKE_PREFIX_PATH doesn't exist
[13.367s] DEBUG:colcon.colcon_installed_package_information.package_discovery:Found 343 installed packages in /opt/ros/humble
[13.371s] Level 1:colcon.colcon_core.package_discovery:discover_packages(prefix_path) using defaults
[13.568s] Level 5:colcon.colcon_core.verb:set package 'inverse_kinematics' build argument 'cmake_args' from command line to 'None'
[13.568s] Level 5:colcon.colcon_core.verb:set package 'inverse_kinematics' build argument 'cmake_target' from command line to 'None'
[13.568s] Level 5:colcon.colcon_core.verb:set package 'inverse_kinematics' build argument 'cmake_target_skip_unavailable' from command line to 'False'
[13.568s] Level 5:colcon.colcon_core.verb:set package 'inverse_kinematics' build argument 'cmake_clean_cache' from command line to 'False'
[13.568s] Level 5:colcon.colcon_core.verb:set package 'inverse_kinematics' build argument 'cmake_clean_first' from command line to 'False'
[13.568s] Level 5:colcon.colcon_core.verb:set package 'inverse_kinematics' build argument 'cmake_force_configure' from command line to 'False'
[13.568s] Level 5:colcon.colcon_core.verb:set package 'inverse_kinematics' build argument 'ament_cmake_args' from command line to 'None'
[13.568s] Level 5:colcon.colcon_core.verb:set package 'inverse_kinematics' build argument 'catkin_cmake_args' from command line to 'None'
[13.568s] Level 5:colcon.colcon_core.verb:set package 'inverse_kinematics' build argument 'catkin_skip_building_tests' from command line to 'False'
[13.568s] DEBUG:colcon.colcon_core.verb:Building package 'inverse_kinematics' with the following arguments: {'ament_cmake_args': None, 'build_base': '/home/parsa/ros2_quadro_ws/build/inverse_kinematics', 'catkin_cmake_args': None, 'catkin_skip_building_tests': False, 'cmake_args': None, 'cmake_clean_cache': False, 'cmake_clean_first': False, 'cmake_force_configure': False, 'cmake_target': None, 'cmake_target_skip_unavailable': False, 'install_base': '/home/parsa/ros2_quadro_ws/install/inverse_kinematics', 'merge_install': False, 'path': '/home/parsa/ros2_quadro_ws/src/inverse_kinematics', 'symlink_install': False, 'test_result_base': None}
[13.569s] Level 5:colcon.colcon_core.verb:set package 'my_robot_description' build argument 'cmake_args' from command line to 'None'
[13.569s] Level 5:colcon.colcon_core.verb:set package 'my_robot_description' build argument 'cmake_target' from command line to 'None'
[13.569s] Level 5:colcon.colcon_core.verb:set package 'my_robot_description' build argument 'cmake_target_skip_unavailable' from command line to 'False'
[13.569s] Level 5:colcon.colcon_core.verb:set package 'my_robot_description' build argument 'cmake_clean_cache' from command line to 'False'
[13.569s] Level 5:colcon.colcon_core.verb:set package 'my_robot_description' build argument 'cmake_clean_first' from command line to 'False'
[13.569s] Level 5:colcon.colcon_core.verb:set package 'my_robot_description' build argument 'cmake_force_configure' from command line to 'False'
[13.569s] Level 5:colcon.colcon_core.verb:set package 'my_robot_description' build argument 'ament_cmake_args' from command line to 'None'
[13.569s] Level 5:colcon.colcon_core.verb:set package 'my_robot_description' build argument 'catkin_cmake_args' from command line to 'None'
[13.569s] Level 5:colcon.colcon_core.verb:set package 'my_robot_description' build argument 'catkin_skip_building_tests' from command line to 'False'
[13.569s] DEBUG:colcon.colcon_core.verb:Building package 'my_robot_description' with the following arguments: {'ament_cmake_args': None, 'build_base': '/home/parsa/ros2_quadro_ws/build/my_robot_description', 'catkin_cmake_args': None, 'catkin_skip_building_tests': False, 'cmake_args': None, 'cmake_clean_cache': False, 'cmake_clean_first': False, 'cmake_force_configure': False, 'cmake_target': None, 'cmake_target_skip_unavailable': False, 'install_base': '/home/parsa/ros2_quadro_ws/install/my_robot_description', 'merge_install': False, 'path': '/home/parsa/ros2_quadro_ws/src/my_robot_description', 'symlink_install': False, 'test_result_base': None}
[13.570s] Level 5:colcon.colcon_core.verb:set package 'my_robot_bringup' build argument 'cmake_args' from command line to 'None'
[13.570s] Level 5:colcon.colcon_core.verb:set package 'my_robot_bringup' build argument 'cmake_target' from command line to 'None'
[13.570s] Level 5:colcon.colcon_core.verb:set package 'my_robot_bringup' build argument 'cmake_target_skip_unavailable' from command line to 'False'
[13.570s] Level 5:colcon.colcon_core.verb:set package 'my_robot_bringup' build argument 'cmake_clean_cache' from command line to 'False'
[13.570s] Level 5:colcon.colcon_core.verb:set package 'my_robot_bringup' build argument 'cmake_clean_first' from command line to 'False'
[13.570s] Level 5:colcon.colcon_core.verb:set package 'my_robot_bringup' build argument 'cmake_force_configure' from command line to 'False'
[13.570s] Level 5:colcon.colcon_core.verb:set package 'my_robot_bringup' build argument 'ament_cmake_args' from command line to 'None'
[13.571s] Level 5:colcon.colcon_core.verb:set package 'my_robot_bringup' build argument 'catkin_cmake_args' from command line to 'None'
[13.571s] Level 5:colcon.colcon_core.verb:set package 'my_robot_bringup' build argument 'catkin_skip_building_tests' from command line to 'False'
[13.571s] DEBUG:colcon.colcon_core.verb:Building package 'my_robot_bringup' with the following arguments: {'ament_cmake_args': None, 'build_base': '/home/parsa/ros2_quadro_ws/build/my_robot_bringup', 'catkin_cmake_args': None, 'catkin_skip_building_tests': False, 'cmake_args': None, 'cmake_clean_cache': False, 'cmake_clean_first': False, 'cmake_force_configure': False, 'cmake_target': None, 'cmake_target_skip_unavailable': False, 'install_base': '/home/parsa/ros2_quadro_ws/install/my_robot_bringup', 'merge_install': False, 'path': '/home/parsa/ros2_quadro_ws/src/my_robot_bringup', 'symlink_install': False, 'test_result_base': None}
[13.571s] INFO:colcon.colcon_core.executor:Executing jobs using 'parallel' executor
[13.572s] DEBUG:colcon.colcon_parallel_executor.executor.parallel:run_until_complete
[13.573s] INFO:colcon.colcon_ros.task.ament_cmake.build:Building ROS package in '/home/parsa/ros2_quadro_ws/src/my_robot_description' with build type 'ament_cmake'
[13.573s] INFO:colcon.colcon_cmake.task.cmake.build:Building CMake package in '/home/parsa/ros2_quadro_ws/src/my_robot_description'
[13.645s] INFO:colcon.colcon_core.plugin_system:Skipping extension 'colcon_core.shell.bat': Not used on non-Windows systems
[13.645s] INFO:colcon.colcon_core.shell:Skip shell extension 'powershell' for command environment: Not usable outside of PowerShell
[13.645s] DEBUG:colcon.colcon_core.shell:Skip shell extension 'dsv' for command environment
[13.676s] INFO:colcon.colcon_ros.task.ament_python.build:Building ROS package in '/home/parsa/ros2_quadro_ws/src/inverse_kinematics' with build type 'ament_python'
[13.677s] Level 1:colcon.colcon_core.shell:create_environment_hook('inverse_kinematics', 'ament_prefix_path')
[13.677s] INFO:colcon.colcon_core.shell:Creating environment hook '/home/parsa/ros2_quadro_ws/install/inverse_kinematics/share/inverse_kinematics/hook/ament_prefix_path.ps1'
[13.707s] INFO:colcon.colcon_core.shell:Creating environment descriptor '/home/parsa/ros2_quadro_ws/install/inverse_kinematics/share/inverse_kinematics/hook/ament_prefix_path.dsv'
[13.709s] INFO:colcon.colcon_core.shell:Creating environment hook '/home/parsa/ros2_quadro_ws/install/inverse_kinematics/share/inverse_kinematics/hook/ament_prefix_path.sh'
[13.713s] INFO:colcon.colcon_core.shell:Skip shell extension 'powershell' for command environment: Not usable outside of PowerShell
[13.713s] DEBUG:colcon.colcon_core.shell:Skip shell extension 'dsv' for command environment
[13.792s] DEBUG:colcon.colcon_core.event_handler.log_command:Invoking command in '/home/parsa/ros2_quadro_ws/build/my_robot_description': CMAKE_PREFIX_PATH=${CMAKE_PREFIX_PATH}:/home/parsa/ros2_urdf_ws/install/inverse_kinematics://home/parsa/ros2_urdf_ws/install/inverse_kinematics:/opt/ros/humble /usr/bin/cmake --build /home/parsa/ros2_quadro_ws/build/my_robot_description -- -j3 -l3
[14.442s] WARNING:colcon.colcon_ros.task.ament_python.build:Package 'inverse_kinematics' doesn't explicitly install a marker in the package index (colcon-ros currently does it implicitly but that fallback will be removed in the future)
[14.462s] WARNING:colcon.colcon_ros.task.ament_python.build:Package 'inverse_kinematics' doesn't explicitly install the 'package.xml' file (colcon-ros currently does it implicitly but that fallback will be removed in the future)
[14.463s] INFO:colcon.colcon_core.task.python.build:Building Python package in '/home/parsa/ros2_quadro_ws/src/inverse_kinematics'
[14.463s] INFO:colcon.colcon_core.shell:Skip shell extension 'powershell' for command environment: Not usable outside of PowerShell
[14.464s] DEBUG:colcon.colcon_core.shell:Skip shell extension 'dsv' for command environment
[14.643s] DEBUG:colcon.colcon_core.event_handler.log_command:Invoked command in '/home/parsa/ros2_quadro_ws/build/my_robot_description' returned '2': CMAKE_PREFIX_PATH=${CMAKE_PREFIX_PATH}:/home/parsa/ros2_urdf_ws/install/inverse_kinematics://home/parsa/ros2_urdf_ws/install/inverse_kinematics:/opt/ros/humble /usr/bin/cmake --build /home/parsa/ros2_quadro_ws/build/my_robot_description -- -j3 -l3
[14.678s] Level 1:colcon.colcon_core.environment:create_environment_scripts_only(my_robot_description)
[14.723s] Level 1:colcon.colcon_core.environment:checking '/home/parsa/ros2_quadro_ws/install/my_robot_description' for CMake module files
[14.772s] Level 1:colcon.colcon_core.environment:checking '/home/parsa/ros2_quadro_ws/install/my_robot_description' for CMake config files
[14.873s] Level 1:colcon.colcon_core.shell:create_environment_hook('my_robot_description', 'cmake_prefix_path')
[14.874s] INFO:colcon.colcon_core.shell:Creating environment hook '/home/parsa/ros2_quadro_ws/install/my_robot_description/share/my_robot_description/hook/cmake_prefix_path.ps1'
[14.875s] INFO:colcon.colcon_core.shell:Creating environment descriptor '/home/parsa/ros2_quadro_ws/install/my_robot_description/share/my_robot_description/hook/cmake_prefix_path.dsv'
[14.876s] INFO:colcon.colcon_core.shell:Creating environment hook '/home/parsa/ros2_quadro_ws/install/my_robot_description/share/my_robot_description/hook/cmake_prefix_path.sh'
[14.877s] Level 1:colcon.colcon_core.environment:checking '/home/parsa/ros2_quadro_ws/install/my_robot_description/bin'
[14.877s] Level 1:colcon.colcon_core.environment:checking '/home/parsa/ros2_quadro_ws/install/my_robot_description/lib/pkgconfig/my_robot_description.pc'
[14.878s] Level 1:colcon.colcon_core.environment:checking '/home/parsa/ros2_quadro_ws/install/my_robot_description/lib/python3.10/site-packages'
[14.878s] Level 1:colcon.colcon_core.environment:checking '/home/parsa/ros2_quadro_ws/install/my_robot_description/bin'
[14.879s] INFO:colcon.colcon_core.shell:Creating package script '/home/parsa/ros2_quadro_ws/install/my_robot_description/share/my_robot_description/package.ps1'
[14.882s] INFO:colcon.colcon_core.shell:Creating package descriptor '/home/parsa/ros2_quadro_ws/install/my_robot_description/share/my_robot_description/package.dsv'
[14.884s] INFO:colcon.colcon_core.shell:Creating package script '/home/parsa/ros2_quadro_ws/install/my_robot_description/share/my_robot_description/package.sh'
[14.891s] INFO:colcon.colcon_core.shell:Creating package script '/home/parsa/ros2_quadro_ws/install/my_robot_description/share/my_robot_description/package.bash'
[14.927s] INFO:colcon.colcon_core.shell:Creating package script '/home/parsa/ros2_quadro_ws/install/my_robot_description/share/my_robot_description/package.zsh'
[14.932s] Level 1:colcon.colcon_core.environment:create_file_with_runtime_dependencies(/home/parsa/ros2_quadro_ws/install/my_robot_description/share/colcon-core/packages/my_robot_description)
[17.177s] DEBUG:colcon.colcon_parallel_executor.executor.parallel:closing loop
[17.178s] DEBUG:colcon.colcon_parallel_executor.executor.parallel:loop closed
[17.178s] DEBUG:colcon.colcon_parallel_executor.executor.parallel:run_until_complete finished with '2'
[17.179s] DEBUG:colcon.colcon_core.event_reactor:joining thread
[17.235s] INFO:colcon.colcon_core.plugin_system:Skipping extension 'colcon_notification.desktop_notification.terminal_notifier': Not used on non-Darwin systems
[17.235s] INFO:colcon.colcon_core.plugin_system:Skipping extension 'colcon_notification.desktop_notification.win32': Not used on non-Windows systems
[17.235s] INFO:colcon.colcon_notification.desktop_notification:Sending desktop notification using 'notify2'
[17.251s] DEBUG:colcon.colcon_core.event_reactor:joined thread
[17.252s] INFO:colcon.colcon_core.shell:Creating prefix script '/home/parsa/ros2_quadro_ws/install/local_setup.ps1'
[17.281s] INFO:colcon.colcon_core.shell:Creating prefix util module '/home/parsa/ros2_quadro_ws/install/_local_setup_util_ps1.py'
[17.285s] INFO:colcon.colcon_core.shell:Creating prefix chain script '/home/parsa/ros2_quadro_ws/install/setup.ps1'
[17.287s] INFO:colcon.colcon_core.shell:Creating prefix script '/home/parsa/ros2_quadro_ws/install/local_setup.sh'
[17.288s] INFO:colcon.colcon_core.shell:Creating prefix util module '/home/parsa/ros2_quadro_ws/install/_local_setup_util_sh.py'
[17.289s] INFO:colcon.colcon_core.shell:Creating prefix chain script '/home/parsa/ros2_quadro_ws/install/setup.sh'
[17.291s] INFO:colcon.colcon_core.shell:Creating prefix script '/home/parsa/ros2_quadro_ws/install/local_setup.bash'
[17.292s] INFO:colcon.colcon_core.shell:Creating prefix chain script '/home/parsa/ros2_quadro_ws/install/setup.bash'
[17.294s] INFO:colcon.colcon_core.shell:Creating prefix script '/home/parsa/ros2_quadro_ws/install/local_setup.zsh'
[17.300s] INFO:colcon.colcon_core.shell:Creating prefix chain script '/home/parsa/ros2_quadro_ws/install/setup.zsh'
