[0.018s] Invoking command in '/home/parsa/ros2_urdf_ws/build/my_robot_bringup': CMAKE_PREFIX_PATH=/home/parsa/ros2_urdf_ws/install/my_robot_description:/home/parsa/ros2_urdf_ws/install/my_robot_bringup://home/parsa/ros2_urdf_ws/install/my_robot_bringup://home/parsa/ros2_urdf_ws/install/my_robot_description:/opt/ros/humble /usr/bin/cmake --build /home/parsa/ros2_urdf_ws/build/my_robot_bringup -- -j3 -l3
[0.108s] Invoked command in '/home/parsa/ros2_urdf_ws/build/my_robot_bringup' returned '0': CMAKE_PREFIX_PATH=/home/parsa/ros2_urdf_ws/install/my_robot_description:/home/parsa/ros2_urdf_ws/install/my_robot_bringup://home/parsa/ros2_urdf_ws/install/my_robot_bringup://home/parsa/ros2_urdf_ws/install/my_robot_description:/opt/ros/humble /usr/bin/cmake --build /home/parsa/ros2_urdf_ws/build/my_robot_bringup -- -j3 -l3
[0.153s] Invoking command in '/home/parsa/ros2_urdf_ws/build/my_robot_bringup': CMAKE_PREFIX_PATH=/home/parsa/ros2_urdf_ws/install/my_robot_description:/home/parsa/ros2_urdf_ws/install/my_robot_bringup://home/parsa/ros2_urdf_ws/install/my_robot_bringup://home/parsa/ros2_urdf_ws/install/my_robot_description:/opt/ros/humble /usr/bin/cmake --install /home/parsa/ros2_urdf_ws/build/my_robot_bringup
[0.164s] -- Install configuration: ""
[0.166s] -- Execute custom install script
[0.166s] -- Up-to-date symlink: /home/parsa/ros2_urdf_ws/install/my_robot_bringup/share/my_robot_bringup//launch/my_robot_gazebo.launch.xml
[0.166s] -- Up-to-date symlink: /home/parsa/ros2_urdf_ws/install/my_robot_bringup/share/my_robot_bringup//rviz/urdf.rviz
[0.167s] -- Up-to-date symlink: /home/parsa/ros2_urdf_ws/install/my_robot_bringup/share/my_robot_bringup//config/joint_controller.yaml
[0.167s] -- Up-to-date symlink: /home/parsa/ros2_urdf_ws/install/my_robot_bringup/share/ament_index/resource_index/package_run_dependencies/my_robot_bringup
[0.167s] -- Up-to-date symlink: /home/parsa/ros2_urdf_ws/install/my_robot_bringup/share/ament_index/resource_index/parent_prefix_path/my_robot_bringup
[0.168s] -- Up-to-date symlink: /home/parsa/ros2_urdf_ws/install/my_robot_bringup/share/my_robot_bringup/environment/ament_prefix_path.sh
[0.168s] -- Up-to-date symlink: /home/parsa/ros2_urdf_ws/install/my_robot_bringup/share/my_robot_bringup/environment/ament_prefix_path.dsv
[0.169s] -- Up-to-date symlink: /home/parsa/ros2_urdf_ws/install/my_robot_bringup/share/my_robot_bringup/environment/path.sh
[0.169s] -- Up-to-date symlink: /home/parsa/ros2_urdf_ws/install/my_robot_bringup/share/my_robot_bringup/environment/path.dsv
[0.169s] -- Up-to-date symlink: /home/parsa/ros2_urdf_ws/install/my_robot_bringup/share/my_robot_bringup/local_setup.bash
[0.170s] -- Up-to-date symlink: /home/parsa/ros2_urdf_ws/install/my_robot_bringup/share/my_robot_bringup/local_setup.sh
[0.170s] -- Up-to-date symlink: /home/parsa/ros2_urdf_ws/install/my_robot_bringup/share/my_robot_bringup/local_setup.zsh
[0.170s] -- Up-to-date symlink: /home/parsa/ros2_urdf_ws/install/my_robot_bringup/share/my_robot_bringup/local_setup.dsv
[0.170s] -- Symlinking: /home/parsa/ros2_urdf_ws/install/my_robot_bringup/share/my_robot_bringup/package.dsv
[0.183s] -- Up-to-date symlink: /home/parsa/ros2_urdf_ws/install/my_robot_bringup/share/ament_index/resource_index/packages/my_robot_bringup
[0.185s] -- Up-to-date symlink: /home/parsa/ros2_urdf_ws/install/my_robot_bringup/share/my_robot_bringup/cmake/my_robot_bringupConfig.cmake
[0.193s] -- Up-to-date symlink: /home/parsa/ros2_urdf_ws/install/my_robot_bringup/share/my_robot_bringup/cmake/my_robot_bringupConfig-version.cmake
[0.193s] -- Up-to-date symlink: /home/parsa/ros2_urdf_ws/install/my_robot_bringup/share/my_robot_bringup/package.xml
[0.202s] Invoked command in '/home/parsa/ros2_urdf_ws/build/my_robot_bringup' returned '0': CMAKE_PREFIX_PATH=/home/parsa/ros2_urdf_ws/install/my_robot_description:/home/parsa/ros2_urdf_ws/install/my_robot_bringup://home/parsa/ros2_urdf_ws/install/my_robot_bringup://home/parsa/ros2_urdf_ws/install/my_robot_description:/opt/ros/humble /usr/bin/cmake --install /home/parsa/ros2_urdf_ws/build/my_robot_bringup
