[0.230s] Invoking command in '/home/parsa/ros2_urdf_ws/build/my_robot_bringup': CMAKE_PREFIX_PATH=/home/parsa/ros2_urdf_ws/install/my_robot_description:/home/parsa/ros2_urdf_ws/install/my_robot_bringup://home/parsa/ros2_urdf_ws/install/my_robot_bringup://home/parsa/ros2_urdf_ws/install/my_robot_description:/home/parsa/ros2_urdf_ws/install/inverse_kinematics://home/parsa/ros2_urdf_ws/install/inverse_kinematics:/opt/ros/humble /usr/bin/cmake --build /home/parsa/ros2_urdf_ws/build/my_robot_bringup -- -j3 -l3
[1.599s] Invoked command in '/home/parsa/ros2_urdf_ws/build/my_robot_bringup' returned '0': CMAKE_PREFIX_PATH=/home/parsa/ros2_urdf_ws/install/my_robot_description:/home/parsa/ros2_urdf_ws/install/my_robot_bringup://home/parsa/ros2_urdf_ws/install/my_robot_bringup://home/parsa/ros2_urdf_ws/install/my_robot_description:/home/parsa/ros2_urdf_ws/install/inverse_kinematics://home/parsa/ros2_urdf_ws/install/inverse_kinematics:/opt/ros/humble /usr/bin/cmake --build /home/parsa/ros2_urdf_ws/build/my_robot_bringup -- -j3 -l3
[1.741s] Invoking command in '/home/parsa/ros2_urdf_ws/build/my_robot_bringup': CMAKE_PREFIX_PATH=/home/parsa/ros2_urdf_ws/install/my_robot_description:/home/parsa/ros2_urdf_ws/install/my_robot_bringup://home/parsa/ros2_urdf_ws/install/my_robot_bringup://home/parsa/ros2_urdf_ws/install/my_robot_description:/home/parsa/ros2_urdf_ws/install/inverse_kinematics://home/parsa/ros2_urdf_ws/install/inverse_kinematics:/opt/ros/humble /usr/bin/cmake --install /home/parsa/ros2_urdf_ws/build/my_robot_bringup
[1.853s] -- Install configuration: ""
[1.897s] -- Execute custom install script
[1.961s] -- Up-to-date symlink: /home/parsa/ros2_urdf_ws/install/my_robot_bringup/share/my_robot_bringup//launch/my_robot_gazebo.launch.xml
[1.996s] -- Up-to-date symlink: /home/parsa/ros2_urdf_ws/install/my_robot_bringup/share/my_robot_bringup//rviz/urdf.rviz
[2.031s] -- Up-to-date symlink: /home/parsa/ros2_urdf_ws/install/my_robot_bringup/share/my_robot_bringup//config/joint_controller.yaml
[2.034s] -- Up-to-date symlink: /home/parsa/ros2_urdf_ws/install/my_robot_bringup/share/ament_index/resource_index/package_run_dependencies/my_robot_bringup
[2.049s] -- Up-to-date symlink: /home/parsa/ros2_urdf_ws/install/my_robot_bringup/share/ament_index/resource_index/parent_prefix_path/my_robot_bringup
[2.052s] -- Up-to-date symlink: /home/parsa/ros2_urdf_ws/install/my_robot_bringup/share/my_robot_bringup/environment/ament_prefix_path.sh
[2.057s] -- Up-to-date symlink: /home/parsa/ros2_urdf_ws/install/my_robot_bringup/share/my_robot_bringup/environment/ament_prefix_path.dsv
[2.059s] -- Up-to-date symlink: /home/parsa/ros2_urdf_ws/install/my_robot_bringup/share/my_robot_bringup/environment/path.sh
[2.059s] -- Up-to-date symlink: /home/parsa/ros2_urdf_ws/install/my_robot_bringup/share/my_robot_bringup/environment/path.dsv
[2.066s] -- Up-to-date symlink: /home/parsa/ros2_urdf_ws/install/my_robot_bringup/share/my_robot_bringup/local_setup.bash
[2.067s] -- Up-to-date symlink: /home/parsa/ros2_urdf_ws/install/my_robot_bringup/share/my_robot_bringup/local_setup.sh
[2.071s] -- Up-to-date symlink: /home/parsa/ros2_urdf_ws/install/my_robot_bringup/share/my_robot_bringup/local_setup.zsh
[2.075s] -- Up-to-date symlink: /home/parsa/ros2_urdf_ws/install/my_robot_bringup/share/my_robot_bringup/local_setup.dsv
[2.076s] -- Symlinking: /home/parsa/ros2_urdf_ws/install/my_robot_bringup/share/my_robot_bringup/package.dsv
[2.147s] -- Up-to-date symlink: /home/parsa/ros2_urdf_ws/install/my_robot_bringup/share/ament_index/resource_index/packages/my_robot_bringup
[2.150s] -- Up-to-date symlink: /home/parsa/ros2_urdf_ws/install/my_robot_bringup/share/my_robot_bringup/cmake/my_robot_bringupConfig.cmake
[2.222s] -- Up-to-date symlink: /home/parsa/ros2_urdf_ws/install/my_robot_bringup/share/my_robot_bringup/cmake/my_robot_bringupConfig-version.cmake
[2.224s] -- Up-to-date symlink: /home/parsa/ros2_urdf_ws/install/my_robot_bringup/share/my_robot_bringup/package.xml
[2.231s] Invoked command in '/home/parsa/ros2_urdf_ws/build/my_robot_bringup' returned '0': CMAKE_PREFIX_PATH=/home/parsa/ros2_urdf_ws/install/my_robot_description:/home/parsa/ros2_urdf_ws/install/my_robot_bringup://home/parsa/ros2_urdf_ws/install/my_robot_bringup://home/parsa/ros2_urdf_ws/install/my_robot_description:/home/parsa/ros2_urdf_ws/install/inverse_kinematics://home/parsa/ros2_urdf_ws/install/inverse_kinematics:/opt/ros/humble /usr/bin/cmake --install /home/parsa/ros2_urdf_ws/build/my_robot_bringup
