[0.258s] DEBUG:colcon:Command line arguments: ['/usr/bin/colcon', 'build']
[0.258s] DEBUG:colcon:Parsed command line arguments: Namespace(log_base=None, log_level=None, verb_name='build', build_base='build', install_base='install', merge_install=False, symlink_install=False, test_result_base=None, continue_on_error=False, executor='parallel', parallel_workers=3, event_handlers=None, ignore_user_meta=False, metas=['./colcon.meta'], base_paths=['.'], packages_ignore=None, packages_ignore_regex=None, paths=None, packages_up_to=None, packages_up_to_regex=None, packages_above=None, packages_above_and_dependencies=None, packages_above_depth=None, packages_select_by_dep=None, packages_skip_by_dep=None, packages_skip_up_to=None, packages_select_build_failed=False, packages_skip_build_finished=False, packages_select_test_failures=False, packages_skip_test_passed=False, packages_select=None, packages_skip=None, packages_select_regex=None, packages_skip_regex=None, packages_start=None, packages_end=None, allow_overriding=[], cmake_args=None, cmake_target=None, cmake_target_skip_unavailable=False, cmake_clean_cache=False, cmake_clean_first=False, cmake_force_configure=False, ament_cmake_args=None, catkin_cmake_args=None, catkin_skip_building_tests=False, mixin_files=None, mixin=None, verb_parser=<colcon_mixin.mixin.mixin_argument.MixinArgumentDecorator object at 0x7cac31d231c0>, verb_extension=<colcon_core.verb.build.BuildVerb object at 0x7cac31d22b30>, main=<bound method BuildVerb.main of <colcon_core.verb.build.BuildVerb object at 0x7cac31d22b30>>, mixin_verb=('build',))
[0.922s] Level 1:colcon.colcon_core.package_discovery:discover_packages(colcon_meta) check parameters
[0.923s] Level 1:colcon.colcon_core.package_discovery:discover_packages(recursive) check parameters
[0.923s] Level 1:colcon.colcon_core.package_discovery:discover_packages(ignore) check parameters
[0.923s] Level 1:colcon.colcon_core.package_discovery:discover_packages(path) check parameters
[0.923s] Level 1:colcon.colcon_core.package_discovery:discover_packages(colcon_meta) discover
[0.923s] Level 1:colcon.colcon_core.package_discovery:discover_packages(recursive) discover
[0.923s] INFO:colcon.colcon_core.package_discovery:Crawling recursively for packages in '/home/parsa/ros2_urdf_ws'
[0.924s] Level 1:colcon.colcon_core.package_identification:_identify(.) by extensions ['ignore', 'ignore_ament_install']
[0.924s] Level 1:colcon.colcon_core.package_identification:_identify(.) by extension 'ignore'
[0.924s] Level 1:colcon.colcon_core.package_identification:_identify(.) by extension 'ignore_ament_install'
[0.924s] Level 1:colcon.colcon_core.package_identification:_identify(.) by extensions ['colcon_pkg']
[0.925s] Level 1:colcon.colcon_core.package_identification:_identify(.) by extension 'colcon_pkg'
[0.925s] Level 1:colcon.colcon_core.package_identification:_identify(.) by extensions ['colcon_meta']
[0.925s] Level 1:colcon.colcon_core.package_identification:_identify(.) by extension 'colcon_meta'
[0.925s] Level 1:colcon.colcon_core.package_identification:_identify(.) by extensions ['ros']
[0.925s] Level 1:colcon.colcon_core.package_identification:_identify(.) by extension 'ros'
[0.981s] Level 1:colcon.colcon_core.package_identification:_identify(.) by extensions ['cmake', 'python']
[0.982s] Level 1:colcon.colcon_core.package_identification:_identify(.) by extension 'cmake'
[0.982s] Level 1:colcon.colcon_core.package_identification:_identify(.) by extension 'python'
[0.982s] Level 1:colcon.colcon_core.package_identification:_identify(.) by extensions ['python_setup_py']
[0.982s] Level 1:colcon.colcon_core.package_identification:_identify(.) by extension 'python_setup_py'
[0.983s] Level 1:colcon.colcon_core.package_identification:_identify(build) by extensions ['ignore', 'ignore_ament_install']
[0.983s] Level 1:colcon.colcon_core.package_identification:_identify(build) by extension 'ignore'
[0.983s] Level 1:colcon.colcon_core.package_identification:_identify(build) ignored
[0.986s] Level 1:colcon.colcon_core.package_identification:_identify(install) by extensions ['ignore', 'ignore_ament_install']
[0.987s] Level 1:colcon.colcon_core.package_identification:_identify(install) by extension 'ignore'
[0.987s] Level 1:colcon.colcon_core.package_identification:_identify(install) ignored
[0.987s] Level 1:colcon.colcon_core.package_identification:_identify(log) by extensions ['ignore', 'ignore_ament_install']
[0.988s] Level 1:colcon.colcon_core.package_identification:_identify(log) by extension 'ignore'
[0.988s] Level 1:colcon.colcon_core.package_identification:_identify(log) ignored
[0.988s] Level 1:colcon.colcon_core.package_identification:_identify(src) by extensions ['ignore', 'ignore_ament_install']
[0.989s] Level 1:colcon.colcon_core.package_identification:_identify(src) by extension 'ignore'
[0.989s] Level 1:colcon.colcon_core.package_identification:_identify(src) by extension 'ignore_ament_install'
[0.990s] Level 1:colcon.colcon_core.package_identification:_identify(src) by extensions ['colcon_pkg']
[0.990s] Level 1:colcon.colcon_core.package_identification:_identify(src) by extension 'colcon_pkg'
[0.990s] Level 1:colcon.colcon_core.package_identification:_identify(src) by extensions ['colcon_meta']
[0.990s] Level 1:colcon.colcon_core.package_identification:_identify(src) by extension 'colcon_meta'
[0.991s] Level 1:colcon.colcon_core.package_identification:_identify(src) by extensions ['ros']
[0.991s] Level 1:colcon.colcon_core.package_identification:_identify(src) by extension 'ros'
[0.991s] Level 1:colcon.colcon_core.package_identification:_identify(src) by extensions ['cmake', 'python']
[0.991s] Level 1:colcon.colcon_core.package_identification:_identify(src) by extension 'cmake'
[0.991s] Level 1:colcon.colcon_core.package_identification:_identify(src) by extension 'python'
[0.991s] Level 1:colcon.colcon_core.package_identification:_identify(src) by extensions ['python_setup_py']
[0.991s] Level 1:colcon.colcon_core.package_identification:_identify(src) by extension 'python_setup_py'
[0.992s] Level 1:colcon.colcon_core.package_identification:_identify(src/build) by extensions ['ignore', 'ignore_ament_install']
[0.992s] Level 1:colcon.colcon_core.package_identification:_identify(src/build) by extension 'ignore'
[0.992s] Level 1:colcon.colcon_core.package_identification:_identify(src/build) ignored
[0.992s] Level 1:colcon.colcon_core.package_identification:_identify(src/install) by extensions ['ignore', 'ignore_ament_install']
[0.993s] Level 1:colcon.colcon_core.package_identification:_identify(src/install) by extension 'ignore'
[0.993s] Level 1:colcon.colcon_core.package_identification:_identify(src/install) ignored
[0.993s] Level 1:colcon.colcon_core.package_identification:_identify(src/log) by extensions ['ignore', 'ignore_ament_install']
[0.993s] Level 1:colcon.colcon_core.package_identification:_identify(src/log) by extension 'ignore'
[0.993s] Level 1:colcon.colcon_core.package_identification:_identify(src/log) ignored
[0.994s] Level 1:colcon.colcon_core.package_identification:_identify(src/my_robot_bringup) by extensions ['ignore', 'ignore_ament_install']
[0.994s] Level 1:colcon.colcon_core.package_identification:_identify(src/my_robot_bringup) by extension 'ignore'
[0.994s] Level 1:colcon.colcon_core.package_identification:_identify(src/my_robot_bringup) by extension 'ignore_ament_install'
[0.994s] Level 1:colcon.colcon_core.package_identification:_identify(src/my_robot_bringup) by extensions ['colcon_pkg']
[0.994s] Level 1:colcon.colcon_core.package_identification:_identify(src/my_robot_bringup) by extension 'colcon_pkg'
[0.994s] Level 1:colcon.colcon_core.package_identification:_identify(src/my_robot_bringup) by extensions ['colcon_meta']
[0.994s] Level 1:colcon.colcon_core.package_identification:_identify(src/my_robot_bringup) by extension 'colcon_meta'
[0.995s] Level 1:colcon.colcon_core.package_identification:_identify(src/my_robot_bringup) by extensions ['ros']
[0.995s] Level 1:colcon.colcon_core.package_identification:_identify(src/my_robot_bringup) by extension 'ros'
[1.005s] DEBUG:colcon.colcon_core.package_identification:Package 'src/my_robot_bringup' with type 'ros.ament_cmake' and name 'my_robot_bringup'
[1.005s] Level 1:colcon.colcon_core.package_identification:_identify(src/my_robot_description) by extensions ['ignore', 'ignore_ament_install']
[1.006s] Level 1:colcon.colcon_core.package_identification:_identify(src/my_robot_description) by extension 'ignore'
[1.006s] Level 1:colcon.colcon_core.package_identification:_identify(src/my_robot_description) by extension 'ignore_ament_install'
[1.006s] Level 1:colcon.colcon_core.package_identification:_identify(src/my_robot_description) by extensions ['colcon_pkg']
[1.006s] Level 1:colcon.colcon_core.package_identification:_identify(src/my_robot_description) by extension 'colcon_pkg'
[1.006s] Level 1:colcon.colcon_core.package_identification:_identify(src/my_robot_description) by extensions ['colcon_meta']
[1.006s] Level 1:colcon.colcon_core.package_identification:_identify(src/my_robot_description) by extension 'colcon_meta'
[1.007s] Level 1:colcon.colcon_core.package_identification:_identify(src/my_robot_description) by extensions ['ros']
[1.007s] Level 1:colcon.colcon_core.package_identification:_identify(src/my_robot_description) by extension 'ros'
[1.009s] DEBUG:colcon.colcon_core.package_identification:Package 'src/my_robot_description' with type 'ros.ament_cmake' and name 'my_robot_description'
[1.009s] Level 1:colcon.colcon_core.package_discovery:discover_packages(recursive) using defaults
[1.010s] Level 1:colcon.colcon_core.package_discovery:discover_packages(ignore) discover
[1.010s] Level 1:colcon.colcon_core.package_discovery:discover_packages(ignore) using defaults
[1.010s] Level 1:colcon.colcon_core.package_discovery:discover_packages(path) discover
[1.010s] Level 1:colcon.colcon_core.package_discovery:discover_packages(path) using defaults
[1.106s] Level 1:colcon.colcon_core.package_discovery:discover_packages(prefix_path) check parameters
[1.106s] Level 1:colcon.colcon_core.package_discovery:discover_packages(prefix_path) discover
[1.137s] DEBUG:colcon.colcon_installed_package_information.package_discovery:Found 2 installed packages in /home/parsa/ros2_urdf_ws/install
[1.148s] DEBUG:colcon.colcon_installed_package_information.package_discovery:Found 2 installed packages in //home/parsa/ros2_urdf_ws/install
[1.163s] DEBUG:colcon.colcon_installed_package_information.package_discovery:Found 343 installed packages in /opt/ros/humble
[1.206s] Level 1:colcon.colcon_core.package_discovery:discover_packages(prefix_path) using defaults
[1.453s] Level 5:colcon.colcon_core.verb:set package 'my_robot_description' build argument 'cmake_args' from command line to 'None'
[1.453s] Level 5:colcon.colcon_core.verb:set package 'my_robot_description' build argument 'cmake_target' from command line to 'None'
[1.453s] Level 5:colcon.colcon_core.verb:set package 'my_robot_description' build argument 'cmake_target_skip_unavailable' from command line to 'False'
[1.454s] Level 5:colcon.colcon_core.verb:set package 'my_robot_description' build argument 'cmake_clean_cache' from command line to 'False'
[1.454s] Level 5:colcon.colcon_core.verb:set package 'my_robot_description' build argument 'cmake_clean_first' from command line to 'False'
[1.454s] Level 5:colcon.colcon_core.verb:set package 'my_robot_description' build argument 'cmake_force_configure' from command line to 'False'
[1.454s] Level 5:colcon.colcon_core.verb:set package 'my_robot_description' build argument 'ament_cmake_args' from command line to 'None'
[1.454s] Level 5:colcon.colcon_core.verb:set package 'my_robot_description' build argument 'catkin_cmake_args' from command line to 'None'
[1.454s] Level 5:colcon.colcon_core.verb:set package 'my_robot_description' build argument 'catkin_skip_building_tests' from command line to 'False'
[1.454s] DEBUG:colcon.colcon_core.verb:Building package 'my_robot_description' with the following arguments: {'ament_cmake_args': None, 'build_base': '/home/parsa/ros2_urdf_ws/build/my_robot_description', 'catkin_cmake_args': None, 'catkin_skip_building_tests': False, 'cmake_args': None, 'cmake_clean_cache': False, 'cmake_clean_first': False, 'cmake_force_configure': False, 'cmake_target': None, 'cmake_target_skip_unavailable': False, 'install_base': '/home/parsa/ros2_urdf_ws/install/my_robot_description', 'merge_install': False, 'path': '/home/parsa/ros2_urdf_ws/src/my_robot_description', 'symlink_install': False, 'test_result_base': None}
[1.456s] Level 5:colcon.colcon_core.verb:set package 'my_robot_bringup' build argument 'cmake_args' from command line to 'None'
[1.456s] Level 5:colcon.colcon_core.verb:set package 'my_robot_bringup' build argument 'cmake_target' from command line to 'None'
[1.456s] Level 5:colcon.colcon_core.verb:set package 'my_robot_bringup' build argument 'cmake_target_skip_unavailable' from command line to 'False'
[1.456s] Level 5:colcon.colcon_core.verb:set package 'my_robot_bringup' build argument 'cmake_clean_cache' from command line to 'False'
[1.456s] Level 5:colcon.colcon_core.verb:set package 'my_robot_bringup' build argument 'cmake_clean_first' from command line to 'False'
[1.456s] Level 5:colcon.colcon_core.verb:set package 'my_robot_bringup' build argument 'cmake_force_configure' from command line to 'False'
[1.456s] Level 5:colcon.colcon_core.verb:set package 'my_robot_bringup' build argument 'ament_cmake_args' from command line to 'None'
[1.456s] Level 5:colcon.colcon_core.verb:set package 'my_robot_bringup' build argument 'catkin_cmake_args' from command line to 'None'
[1.456s] Level 5:colcon.colcon_core.verb:set package 'my_robot_bringup' build argument 'catkin_skip_building_tests' from command line to 'False'
[1.456s] DEBUG:colcon.colcon_core.verb:Building package 'my_robot_bringup' with the following arguments: {'ament_cmake_args': None, 'build_base': '/home/parsa/ros2_urdf_ws/build/my_robot_bringup', 'catkin_cmake_args': None, 'catkin_skip_building_tests': False, 'cmake_args': None, 'cmake_clean_cache': False, 'cmake_clean_first': False, 'cmake_force_configure': False, 'cmake_target': None, 'cmake_target_skip_unavailable': False, 'install_base': '/home/parsa/ros2_urdf_ws/install/my_robot_bringup', 'merge_install': False, 'path': '/home/parsa/ros2_urdf_ws/src/my_robot_bringup', 'symlink_install': False, 'test_result_base': None}
[1.457s] INFO:colcon.colcon_core.executor:Executing jobs using 'parallel' executor
[1.470s] DEBUG:colcon.colcon_parallel_executor.executor.parallel:run_until_complete
[1.471s] INFO:colcon.colcon_ros.task.ament_cmake.build:Building ROS package in '/home/parsa/ros2_urdf_ws/src/my_robot_description' with build type 'ament_cmake'
[1.471s] INFO:colcon.colcon_cmake.task.cmake.build:Building CMake package in '/home/parsa/ros2_urdf_ws/src/my_robot_description'
[1.487s] INFO:colcon.colcon_core.plugin_system:Skipping extension 'colcon_core.shell.bat': Not used on non-Windows systems
[1.488s] INFO:colcon.colcon_core.shell:Skip shell extension 'powershell' for command environment: Not usable outside of PowerShell
[1.488s] DEBUG:colcon.colcon_core.shell:Skip shell extension 'dsv' for command environment
[1.551s] DEBUG:colcon.colcon_core.event_handler.log_command:Invoking command in '/home/parsa/ros2_urdf_ws/build/my_robot_description': CMAKE_PREFIX_PATH=${CMAKE_PREFIX_PATH}:/opt/ros/humble /usr/bin/cmake --build /home/parsa/ros2_urdf_ws/build/my_robot_description -- -j3 -l3
[1.725s] DEBUG:colcon.colcon_core.event_handler.log_command:Invoked command in '/home/parsa/ros2_urdf_ws/build/my_robot_description' returned '0': CMAKE_PREFIX_PATH=${CMAKE_PREFIX_PATH}:/opt/ros/humble /usr/bin/cmake --build /home/parsa/ros2_urdf_ws/build/my_robot_description -- -j3 -l3
[1.875s] DEBUG:colcon.colcon_core.event_handler.log_command:Invoking command in '/home/parsa/ros2_urdf_ws/build/my_robot_description': CMAKE_PREFIX_PATH=${CMAKE_PREFIX_PATH}:/opt/ros/humble /usr/bin/cmake --install /home/parsa/ros2_urdf_ws/build/my_robot_description
[2.087s] Level 1:colcon.colcon_core.environment:create_environment_scripts_only(my_robot_description)
[2.092s] DEBUG:colcon.colcon_core.event_handler.log_command:Invoked command in '/home/parsa/ros2_urdf_ws/build/my_robot_description' returned '0': CMAKE_PREFIX_PATH=${CMAKE_PREFIX_PATH}:/opt/ros/humble /usr/bin/cmake --install /home/parsa/ros2_urdf_ws/build/my_robot_description
[2.109s] Level 1:colcon.colcon_core.environment:checking '/home/parsa/ros2_urdf_ws/install/my_robot_description' for CMake module files
[2.111s] Level 1:colcon.colcon_core.environment:checking '/home/parsa/ros2_urdf_ws/install/my_robot_description' for CMake config files
[2.112s] Level 1:colcon.colcon_core.shell:create_environment_hook('my_robot_description', 'cmake_prefix_path')
[2.113s] INFO:colcon.colcon_core.shell:Creating environment hook '/home/parsa/ros2_urdf_ws/install/my_robot_description/share/my_robot_description/hook/cmake_prefix_path.ps1'
[2.116s] INFO:colcon.colcon_core.shell:Creating environment descriptor '/home/parsa/ros2_urdf_ws/install/my_robot_description/share/my_robot_description/hook/cmake_prefix_path.dsv'
[2.118s] INFO:colcon.colcon_core.shell:Creating environment hook '/home/parsa/ros2_urdf_ws/install/my_robot_description/share/my_robot_description/hook/cmake_prefix_path.sh'
[2.124s] Level 1:colcon.colcon_core.environment:checking '/home/parsa/ros2_urdf_ws/install/my_robot_description/bin'
[2.124s] Level 1:colcon.colcon_core.environment:checking '/home/parsa/ros2_urdf_ws/install/my_robot_description/lib/pkgconfig/my_robot_description.pc'
[2.126s] Level 1:colcon.colcon_core.environment:checking '/home/parsa/ros2_urdf_ws/install/my_robot_description/lib/python3.10/site-packages'
[2.127s] Level 1:colcon.colcon_core.environment:checking '/home/parsa/ros2_urdf_ws/install/my_robot_description/bin'
[2.128s] INFO:colcon.colcon_core.shell:Creating package script '/home/parsa/ros2_urdf_ws/install/my_robot_description/share/my_robot_description/package.ps1'
[2.132s] INFO:colcon.colcon_core.shell:Creating package descriptor '/home/parsa/ros2_urdf_ws/install/my_robot_description/share/my_robot_description/package.dsv'
[2.137s] INFO:colcon.colcon_core.shell:Creating package script '/home/parsa/ros2_urdf_ws/install/my_robot_description/share/my_robot_description/package.sh'
[2.141s] INFO:colcon.colcon_core.shell:Creating package script '/home/parsa/ros2_urdf_ws/install/my_robot_description/share/my_robot_description/package.bash'
[2.148s] INFO:colcon.colcon_core.shell:Creating package script '/home/parsa/ros2_urdf_ws/install/my_robot_description/share/my_robot_description/package.zsh'
[2.155s] Level 1:colcon.colcon_core.environment:create_file_with_runtime_dependencies(/home/parsa/ros2_urdf_ws/install/my_robot_description/share/colcon-core/packages/my_robot_description)
[2.269s] Level 1:colcon.colcon_core.environment:create_environment_scripts_only(my_robot_description)
[2.273s] Level 1:colcon.colcon_core.environment:checking '/home/parsa/ros2_urdf_ws/install/my_robot_description' for CMake module files
[2.279s] Level 1:colcon.colcon_core.environment:checking '/home/parsa/ros2_urdf_ws/install/my_robot_description' for CMake config files
[2.280s] Level 1:colcon.colcon_core.shell:create_environment_hook('my_robot_description', 'cmake_prefix_path')
[2.282s] INFO:colcon.colcon_core.shell:Creating environment hook '/home/parsa/ros2_urdf_ws/install/my_robot_description/share/my_robot_description/hook/cmake_prefix_path.ps1'
[2.283s] INFO:colcon.colcon_core.shell:Creating environment descriptor '/home/parsa/ros2_urdf_ws/install/my_robot_description/share/my_robot_description/hook/cmake_prefix_path.dsv'
[2.286s] INFO:colcon.colcon_core.shell:Creating environment hook '/home/parsa/ros2_urdf_ws/install/my_robot_description/share/my_robot_description/hook/cmake_prefix_path.sh'
[2.291s] Level 1:colcon.colcon_core.environment:checking '/home/parsa/ros2_urdf_ws/install/my_robot_description/bin'
[2.291s] Level 1:colcon.colcon_core.environment:checking '/home/parsa/ros2_urdf_ws/install/my_robot_description/lib/pkgconfig/my_robot_description.pc'
[2.298s] Level 1:colcon.colcon_core.environment:checking '/home/parsa/ros2_urdf_ws/install/my_robot_description/lib/python3.10/site-packages'
[2.299s] Level 1:colcon.colcon_core.environment:checking '/home/parsa/ros2_urdf_ws/install/my_robot_description/bin'
[2.305s] INFO:colcon.colcon_core.shell:Creating package script '/home/parsa/ros2_urdf_ws/install/my_robot_description/share/my_robot_description/package.ps1'
[2.309s] INFO:colcon.colcon_core.shell:Creating package descriptor '/home/parsa/ros2_urdf_ws/install/my_robot_description/share/my_robot_description/package.dsv'
[2.311s] INFO:colcon.colcon_core.shell:Creating package script '/home/parsa/ros2_urdf_ws/install/my_robot_description/share/my_robot_description/package.sh'
[2.313s] INFO:colcon.colcon_core.shell:Creating package script '/home/parsa/ros2_urdf_ws/install/my_robot_description/share/my_robot_description/package.bash'
[2.314s] INFO:colcon.colcon_core.shell:Creating package script '/home/parsa/ros2_urdf_ws/install/my_robot_description/share/my_robot_description/package.zsh'
[2.317s] Level 1:colcon.colcon_core.environment:create_file_with_runtime_dependencies(/home/parsa/ros2_urdf_ws/install/my_robot_description/share/colcon-core/packages/my_robot_description)
[2.318s] INFO:colcon.colcon_ros.task.ament_cmake.build:Building ROS package in '/home/parsa/ros2_urdf_ws/src/my_robot_bringup' with build type 'ament_cmake'
[2.319s] INFO:colcon.colcon_cmake.task.cmake.build:Building CMake package in '/home/parsa/ros2_urdf_ws/src/my_robot_bringup'
[2.320s] INFO:colcon.colcon_core.shell:Skip shell extension 'powershell' for command environment: Not usable outside of PowerShell
[2.320s] DEBUG:colcon.colcon_core.shell:Skip shell extension 'dsv' for command environment
[2.360s] DEBUG:colcon.colcon_core.event_handler.log_command:Invoking command in '/home/parsa/ros2_urdf_ws/build/my_robot_bringup': CMAKE_PREFIX_PATH=/home/parsa/ros2_urdf_ws/install/my_robot_description:/home/parsa/ros2_urdf_ws/install/my_robot_bringup://home/parsa/ros2_urdf_ws/install/my_robot_bringup://home/parsa/ros2_urdf_ws/install/my_robot_description:/opt/ros/humble /usr/bin/cmake --build /home/parsa/ros2_urdf_ws/build/my_robot_bringup -- -j3 -l3
[2.501s] DEBUG:colcon.colcon_core.event_handler.log_command:Invoked command in '/home/parsa/ros2_urdf_ws/build/my_robot_bringup' returned '0': CMAKE_PREFIX_PATH=/home/parsa/ros2_urdf_ws/install/my_robot_description:/home/parsa/ros2_urdf_ws/install/my_robot_bringup://home/parsa/ros2_urdf_ws/install/my_robot_bringup://home/parsa/ros2_urdf_ws/install/my_robot_description:/opt/ros/humble /usr/bin/cmake --build /home/parsa/ros2_urdf_ws/build/my_robot_bringup -- -j3 -l3
[2.652s] DEBUG:colcon.colcon_core.event_handler.log_command:Invoking command in '/home/parsa/ros2_urdf_ws/build/my_robot_bringup': CMAKE_PREFIX_PATH=/home/parsa/ros2_urdf_ws/install/my_robot_description:/home/parsa/ros2_urdf_ws/install/my_robot_bringup://home/parsa/ros2_urdf_ws/install/my_robot_bringup://home/parsa/ros2_urdf_ws/install/my_robot_description:/opt/ros/humble /usr/bin/cmake --install /home/parsa/ros2_urdf_ws/build/my_robot_bringup
[2.787s] Level 1:colcon.colcon_core.environment:create_environment_scripts_only(my_robot_bringup)
[2.788s] Level 1:colcon.colcon_core.environment:checking '/home/parsa/ros2_urdf_ws/install/my_robot_bringup' for CMake module files
[2.793s] DEBUG:colcon.colcon_core.event_handler.log_command:Invoked command in '/home/parsa/ros2_urdf_ws/build/my_robot_bringup' returned '0': CMAKE_PREFIX_PATH=/home/parsa/ros2_urdf_ws/install/my_robot_description:/home/parsa/ros2_urdf_ws/install/my_robot_bringup://home/parsa/ros2_urdf_ws/install/my_robot_bringup://home/parsa/ros2_urdf_ws/install/my_robot_description:/opt/ros/humble /usr/bin/cmake --install /home/parsa/ros2_urdf_ws/build/my_robot_bringup
[2.797s] Level 1:colcon.colcon_core.environment:checking '/home/parsa/ros2_urdf_ws/install/my_robot_bringup' for CMake config files
[2.797s] Level 1:colcon.colcon_core.shell:create_environment_hook('my_robot_bringup', 'cmake_prefix_path')
[2.800s] INFO:colcon.colcon_core.shell:Creating environment hook '/home/parsa/ros2_urdf_ws/install/my_robot_bringup/share/my_robot_bringup/hook/cmake_prefix_path.ps1'
[2.802s] INFO:colcon.colcon_core.shell:Creating environment descriptor '/home/parsa/ros2_urdf_ws/install/my_robot_bringup/share/my_robot_bringup/hook/cmake_prefix_path.dsv'
[2.805s] INFO:colcon.colcon_core.shell:Creating environment hook '/home/parsa/ros2_urdf_ws/install/my_robot_bringup/share/my_robot_bringup/hook/cmake_prefix_path.sh'
[2.808s] Level 1:colcon.colcon_core.environment:checking '/home/parsa/ros2_urdf_ws/install/my_robot_bringup/bin'
[2.809s] Level 1:colcon.colcon_core.environment:checking '/home/parsa/ros2_urdf_ws/install/my_robot_bringup/lib/pkgconfig/my_robot_bringup.pc'
[2.810s] Level 1:colcon.colcon_core.environment:checking '/home/parsa/ros2_urdf_ws/install/my_robot_bringup/lib/python3.10/site-packages'
[2.811s] Level 1:colcon.colcon_core.environment:checking '/home/parsa/ros2_urdf_ws/install/my_robot_bringup/bin'
[2.812s] INFO:colcon.colcon_core.shell:Creating package script '/home/parsa/ros2_urdf_ws/install/my_robot_bringup/share/my_robot_bringup/package.ps1'
[2.814s] INFO:colcon.colcon_core.shell:Creating package descriptor '/home/parsa/ros2_urdf_ws/install/my_robot_bringup/share/my_robot_bringup/package.dsv'
[2.815s] INFO:colcon.colcon_core.shell:Creating package script '/home/parsa/ros2_urdf_ws/install/my_robot_bringup/share/my_robot_bringup/package.sh'
[2.816s] INFO:colcon.colcon_core.shell:Creating package script '/home/parsa/ros2_urdf_ws/install/my_robot_bringup/share/my_robot_bringup/package.bash'
[2.817s] INFO:colcon.colcon_core.shell:Creating package script '/home/parsa/ros2_urdf_ws/install/my_robot_bringup/share/my_robot_bringup/package.zsh'
[2.818s] Level 1:colcon.colcon_core.environment:create_file_with_runtime_dependencies(/home/parsa/ros2_urdf_ws/install/my_robot_bringup/share/colcon-core/packages/my_robot_bringup)
[2.899s] Level 1:colcon.colcon_core.environment:create_environment_scripts_only(my_robot_bringup)
[2.900s] Level 1:colcon.colcon_core.environment:checking '/home/parsa/ros2_urdf_ws/install/my_robot_bringup' for CMake module files
[2.902s] Level 1:colcon.colcon_core.environment:checking '/home/parsa/ros2_urdf_ws/install/my_robot_bringup' for CMake config files
[2.903s] Level 1:colcon.colcon_core.shell:create_environment_hook('my_robot_bringup', 'cmake_prefix_path')
[2.907s] INFO:colcon.colcon_core.shell:Creating environment hook '/home/parsa/ros2_urdf_ws/install/my_robot_bringup/share/my_robot_bringup/hook/cmake_prefix_path.ps1'
[2.910s] INFO:colcon.colcon_core.shell:Creating environment descriptor '/home/parsa/ros2_urdf_ws/install/my_robot_bringup/share/my_robot_bringup/hook/cmake_prefix_path.dsv'
[2.911s] INFO:colcon.colcon_core.shell:Creating environment hook '/home/parsa/ros2_urdf_ws/install/my_robot_bringup/share/my_robot_bringup/hook/cmake_prefix_path.sh'
[2.921s] Level 1:colcon.colcon_core.environment:checking '/home/parsa/ros2_urdf_ws/install/my_robot_bringup/bin'
[2.921s] Level 1:colcon.colcon_core.environment:checking '/home/parsa/ros2_urdf_ws/install/my_robot_bringup/lib/pkgconfig/my_robot_bringup.pc'
[2.922s] Level 1:colcon.colcon_core.environment:checking '/home/parsa/ros2_urdf_ws/install/my_robot_bringup/lib/python3.10/site-packages'
[2.923s] Level 1:colcon.colcon_core.environment:checking '/home/parsa/ros2_urdf_ws/install/my_robot_bringup/bin'
[2.924s] INFO:colcon.colcon_core.shell:Creating package script '/home/parsa/ros2_urdf_ws/install/my_robot_bringup/share/my_robot_bringup/package.ps1'
[2.926s] INFO:colcon.colcon_core.shell:Creating package descriptor '/home/parsa/ros2_urdf_ws/install/my_robot_bringup/share/my_robot_bringup/package.dsv'
[2.929s] INFO:colcon.colcon_core.shell:Creating package script '/home/parsa/ros2_urdf_ws/install/my_robot_bringup/share/my_robot_bringup/package.sh'
[2.933s] INFO:colcon.colcon_core.shell:Creating package script '/home/parsa/ros2_urdf_ws/install/my_robot_bringup/share/my_robot_bringup/package.bash'
[2.934s] INFO:colcon.colcon_core.shell:Creating package script '/home/parsa/ros2_urdf_ws/install/my_robot_bringup/share/my_robot_bringup/package.zsh'
[2.938s] Level 1:colcon.colcon_core.environment:create_file_with_runtime_dependencies(/home/parsa/ros2_urdf_ws/install/my_robot_bringup/share/colcon-core/packages/my_robot_bringup)
[2.941s] DEBUG:colcon.colcon_parallel_executor.executor.parallel:closing loop
[2.941s] DEBUG:colcon.colcon_parallel_executor.executor.parallel:loop closed
[2.941s] DEBUG:colcon.colcon_parallel_executor.executor.parallel:run_until_complete finished with '0'
[2.942s] DEBUG:colcon.colcon_core.event_reactor:joining thread
[2.962s] INFO:colcon.colcon_core.plugin_system:Skipping extension 'colcon_notification.desktop_notification.terminal_notifier': Not used on non-Darwin systems
[2.962s] INFO:colcon.colcon_core.plugin_system:Skipping extension 'colcon_notification.desktop_notification.win32': Not used on non-Windows systems
[2.962s] INFO:colcon.colcon_notification.desktop_notification:Sending desktop notification using 'notify2'
[3.022s] DEBUG:colcon.colcon_core.event_reactor:joined thread
[3.023s] INFO:colcon.colcon_core.shell:Creating prefix script '/home/parsa/ros2_urdf_ws/install/local_setup.ps1'
[3.028s] INFO:colcon.colcon_core.shell:Creating prefix util module '/home/parsa/ros2_urdf_ws/install/_local_setup_util_ps1.py'
[3.041s] INFO:colcon.colcon_core.shell:Creating prefix chain script '/home/parsa/ros2_urdf_ws/install/setup.ps1'
[3.056s] INFO:colcon.colcon_core.shell:Creating prefix script '/home/parsa/ros2_urdf_ws/install/local_setup.sh'
[3.064s] INFO:colcon.colcon_core.shell:Creating prefix util module '/home/parsa/ros2_urdf_ws/install/_local_setup_util_sh.py'
[3.065s] INFO:colcon.colcon_core.shell:Creating prefix chain script '/home/parsa/ros2_urdf_ws/install/setup.sh'
[3.084s] INFO:colcon.colcon_core.shell:Creating prefix script '/home/parsa/ros2_urdf_ws/install/local_setup.bash'
[3.088s] INFO:colcon.colcon_core.shell:Creating prefix chain script '/home/parsa/ros2_urdf_ws/install/setup.bash'
[3.101s] INFO:colcon.colcon_core.shell:Creating prefix script '/home/parsa/ros2_urdf_ws/install/local_setup.zsh'
[3.107s] INFO:colcon.colcon_core.shell:Creating prefix chain script '/home/parsa/ros2_urdf_ws/install/setup.zsh'
