[0.455s] DEBUG:colcon:Command line arguments: ['/usr/bin/colcon', 'list', '-p', '--base-paths', '/home/parsa/ros2_urdf_ws']
[0.455s] DEBUG:colcon:Parsed command line arguments: Namespace(log_base=None, log_level=None, verb_name='list', build_base='build', ignore_user_meta=False, metas=['./colcon.meta'], base_paths=['/home/parsa/ros2_urdf_ws'], packages_ignore=None, packages_ignore_regex=None, paths=None, packages_up_to=None, packages_up_to_regex=None, packages_above=None, packages_above_and_dependencies=None, packages_above_depth=None, packages_select_by_dep=None, packages_skip_by_dep=None, packages_skip_up_to=None, packages_select_build_failed=False, packages_skip_build_finished=False, packages_select_test_failures=False, packages_skip_test_passed=False, packages_select=None, packages_skip=None, packages_select_regex=None, packages_skip_regex=None, packages_start=None, packages_end=None, allow_overriding=[], topological_order=False, names_only=False, paths_only=True, topological_graph=False, topological_graph_dot=False, topological_graph_density=False, topological_graph_legend=False, topological_graph_dot_cluster=False, topological_graph_dot_include_skipped=False, mixin_files=None, mixin=None, verb_parser=<colcon_mixin.mixin.mixin_argument.MixinArgumentDecorator object at 0x79fe842743a0>, verb_extension=<colcon_package_information.verb.list.ListVerb object at 0x79fe84247340>, main=<bound method ListVerb.main of <colcon_package_information.verb.list.ListVerb object at 0x79fe84247340>>, mixin_verb=('list',))
[4.165s] Level 1:colcon.colcon_core.package_discovery:discover_packages(colcon_meta) check parameters
[4.168s] Level 1:colcon.colcon_core.package_discovery:discover_packages(recursive) check parameters
[4.169s] Level 1:colcon.colcon_core.package_discovery:discover_packages(ignore) check parameters
[4.169s] Level 1:colcon.colcon_core.package_discovery:discover_packages(path) check parameters
[4.169s] Level 1:colcon.colcon_core.package_discovery:discover_packages(recursive) discover
[4.169s] INFO:colcon.colcon_core.package_discovery:Crawling recursively for packages in '/home/parsa/ros2_urdf_ws'
[4.169s] Level 1:colcon.colcon_core.package_identification:_identify(/home/parsa/ros2_urdf_ws) by extensions ['ignore', 'ignore_ament_install']
[4.169s] Level 1:colcon.colcon_core.package_identification:_identify(/home/parsa/ros2_urdf_ws) by extension 'ignore'
[4.169s] Level 1:colcon.colcon_core.package_identification:_identify(/home/parsa/ros2_urdf_ws) by extension 'ignore_ament_install'
[4.169s] Level 1:colcon.colcon_core.package_identification:_identify(/home/parsa/ros2_urdf_ws) by extensions ['colcon_pkg']
[4.169s] Level 1:colcon.colcon_core.package_identification:_identify(/home/parsa/ros2_urdf_ws) by extension 'colcon_pkg'
[4.169s] Level 1:colcon.colcon_core.package_identification:_identify(/home/parsa/ros2_urdf_ws) by extensions ['colcon_meta']
[4.169s] Level 1:colcon.colcon_core.package_identification:_identify(/home/parsa/ros2_urdf_ws) by extension 'colcon_meta'
[4.170s] Level 1:colcon.colcon_core.package_identification:_identify(/home/parsa/ros2_urdf_ws) by extensions ['ros']
[4.170s] Level 1:colcon.colcon_core.package_identification:_identify(/home/parsa/ros2_urdf_ws) by extension 'ros'
[4.302s] Level 1:colcon.colcon_core.package_identification:_identify(/home/parsa/ros2_urdf_ws) by extensions ['cmake', 'python']
[4.305s] Level 1:colcon.colcon_core.package_identification:_identify(/home/parsa/ros2_urdf_ws) by extension 'cmake'
[4.305s] Level 1:colcon.colcon_core.package_identification:_identify(/home/parsa/ros2_urdf_ws) by extension 'python'
[4.310s] Level 1:colcon.colcon_core.package_identification:_identify(/home/parsa/ros2_urdf_ws) by extensions ['python_setup_py']
[4.310s] Level 1:colcon.colcon_core.package_identification:_identify(/home/parsa/ros2_urdf_ws) by extension 'python_setup_py'
[4.333s] Level 1:colcon.colcon_core.package_identification:_identify(/home/parsa/ros2_urdf_ws/build) by extensions ['ignore', 'ignore_ament_install']
[4.334s] Level 1:colcon.colcon_core.package_identification:_identify(/home/parsa/ros2_urdf_ws/build) by extension 'ignore'
[4.335s] Level 1:colcon.colcon_core.package_identification:_identify(/home/parsa/ros2_urdf_ws/build) ignored
[4.340s] Level 1:colcon.colcon_core.package_identification:_identify(/home/parsa/ros2_urdf_ws/install) by extensions ['ignore', 'ignore_ament_install']
[4.340s] Level 1:colcon.colcon_core.package_identification:_identify(/home/parsa/ros2_urdf_ws/install) by extension 'ignore'
[4.340s] Level 1:colcon.colcon_core.package_identification:_identify(/home/parsa/ros2_urdf_ws/install) ignored
[4.341s] Level 1:colcon.colcon_core.package_identification:_identify(/home/parsa/ros2_urdf_ws/log) by extensions ['ignore', 'ignore_ament_install']
[4.341s] Level 1:colcon.colcon_core.package_identification:_identify(/home/parsa/ros2_urdf_ws/log) by extension 'ignore'
[4.341s] Level 1:colcon.colcon_core.package_identification:_identify(/home/parsa/ros2_urdf_ws/log) ignored
[4.341s] Level 1:colcon.colcon_core.package_identification:_identify(/home/parsa/ros2_urdf_ws/src) by extensions ['ignore', 'ignore_ament_install']
[4.341s] Level 1:colcon.colcon_core.package_identification:_identify(/home/parsa/ros2_urdf_ws/src) by extension 'ignore'
[4.341s] Level 1:colcon.colcon_core.package_identification:_identify(/home/parsa/ros2_urdf_ws/src) by extension 'ignore_ament_install'
[4.341s] Level 1:colcon.colcon_core.package_identification:_identify(/home/parsa/ros2_urdf_ws/src) by extensions ['colcon_pkg']
[4.341s] Level 1:colcon.colcon_core.package_identification:_identify(/home/parsa/ros2_urdf_ws/src) by extension 'colcon_pkg'
[4.341s] Level 1:colcon.colcon_core.package_identification:_identify(/home/parsa/ros2_urdf_ws/src) by extensions ['colcon_meta']
[4.341s] Level 1:colcon.colcon_core.package_identification:_identify(/home/parsa/ros2_urdf_ws/src) by extension 'colcon_meta'
[4.342s] Level 1:colcon.colcon_core.package_identification:_identify(/home/parsa/ros2_urdf_ws/src) by extensions ['ros']
[4.342s] Level 1:colcon.colcon_core.package_identification:_identify(/home/parsa/ros2_urdf_ws/src) by extension 'ros'
[4.342s] Level 1:colcon.colcon_core.package_identification:_identify(/home/parsa/ros2_urdf_ws/src) by extensions ['cmake', 'python']
[4.356s] Level 1:colcon.colcon_core.package_identification:_identify(/home/parsa/ros2_urdf_ws/src) by extension 'cmake'
[4.356s] Level 1:colcon.colcon_core.package_identification:_identify(/home/parsa/ros2_urdf_ws/src) by extension 'python'
[4.357s] Level 1:colcon.colcon_core.package_identification:_identify(/home/parsa/ros2_urdf_ws/src) by extensions ['python_setup_py']
[4.357s] Level 1:colcon.colcon_core.package_identification:_identify(/home/parsa/ros2_urdf_ws/src) by extension 'python_setup_py'
[4.357s] Level 1:colcon.colcon_core.package_identification:_identify(/home/parsa/ros2_urdf_ws/src/Inverse_kinematics) by extensions ['ignore', 'ignore_ament_install']
[4.357s] Level 1:colcon.colcon_core.package_identification:_identify(/home/parsa/ros2_urdf_ws/src/Inverse_kinematics) by extension 'ignore'
[4.357s] Level 1:colcon.colcon_core.package_identification:_identify(/home/parsa/ros2_urdf_ws/src/Inverse_kinematics) by extension 'ignore_ament_install'
[4.357s] Level 1:colcon.colcon_core.package_identification:_identify(/home/parsa/ros2_urdf_ws/src/Inverse_kinematics) by extensions ['colcon_pkg']
[4.358s] Level 1:colcon.colcon_core.package_identification:_identify(/home/parsa/ros2_urdf_ws/src/Inverse_kinematics) by extension 'colcon_pkg'
[4.358s] Level 1:colcon.colcon_core.package_identification:_identify(/home/parsa/ros2_urdf_ws/src/Inverse_kinematics) by extensions ['colcon_meta']
[4.358s] Level 1:colcon.colcon_core.package_identification:_identify(/home/parsa/ros2_urdf_ws/src/Inverse_kinematics) by extension 'colcon_meta'
[4.358s] Level 1:colcon.colcon_core.package_identification:_identify(/home/parsa/ros2_urdf_ws/src/Inverse_kinematics) by extensions ['ros']
[4.358s] Level 1:colcon.colcon_core.package_identification:_identify(/home/parsa/ros2_urdf_ws/src/Inverse_kinematics) by extension 'ros'
[4.385s] DEBUG:colcon.colcon_core.package_identification:Package '/home/parsa/ros2_urdf_ws/src/Inverse_kinematics' with type 'ros.ament_python' and name 'Inverse_kinematics'
[4.385s] Level 1:colcon.colcon_core.package_identification:_identify(/home/parsa/ros2_urdf_ws/src/my_robot_bringup) by extensions ['ignore', 'ignore_ament_install']
[4.385s] Level 1:colcon.colcon_core.package_identification:_identify(/home/parsa/ros2_urdf_ws/src/my_robot_bringup) by extension 'ignore'
[4.385s] Level 1:colcon.colcon_core.package_identification:_identify(/home/parsa/ros2_urdf_ws/src/my_robot_bringup) by extension 'ignore_ament_install'
[4.385s] Level 1:colcon.colcon_core.package_identification:_identify(/home/parsa/ros2_urdf_ws/src/my_robot_bringup) by extensions ['colcon_pkg']
[4.385s] Level 1:colcon.colcon_core.package_identification:_identify(/home/parsa/ros2_urdf_ws/src/my_robot_bringup) by extension 'colcon_pkg'
[4.385s] Level 1:colcon.colcon_core.package_identification:_identify(/home/parsa/ros2_urdf_ws/src/my_robot_bringup) by extensions ['colcon_meta']
[4.385s] Level 1:colcon.colcon_core.package_identification:_identify(/home/parsa/ros2_urdf_ws/src/my_robot_bringup) by extension 'colcon_meta'
[4.386s] Level 1:colcon.colcon_core.package_identification:_identify(/home/parsa/ros2_urdf_ws/src/my_robot_bringup) by extensions ['ros']
[4.386s] Level 1:colcon.colcon_core.package_identification:_identify(/home/parsa/ros2_urdf_ws/src/my_robot_bringup) by extension 'ros'
[4.399s] DEBUG:colcon.colcon_core.package_identification:Package '/home/parsa/ros2_urdf_ws/src/my_robot_bringup' with type 'ros.ament_cmake' and name 'my_robot_bringup'
[4.400s] Level 1:colcon.colcon_core.package_identification:_identify(/home/parsa/ros2_urdf_ws/src/my_robot_description) by extensions ['ignore', 'ignore_ament_install']
[4.405s] Level 1:colcon.colcon_core.package_identification:_identify(/home/parsa/ros2_urdf_ws/src/my_robot_description) by extension 'ignore'
[4.405s] Level 1:colcon.colcon_core.package_identification:_identify(/home/parsa/ros2_urdf_ws/src/my_robot_description) by extension 'ignore_ament_install'
[4.405s] Level 1:colcon.colcon_core.package_identification:_identify(/home/parsa/ros2_urdf_ws/src/my_robot_description) by extensions ['colcon_pkg']
[4.405s] Level 1:colcon.colcon_core.package_identification:_identify(/home/parsa/ros2_urdf_ws/src/my_robot_description) by extension 'colcon_pkg'
[4.406s] Level 1:colcon.colcon_core.package_identification:_identify(/home/parsa/ros2_urdf_ws/src/my_robot_description) by extensions ['colcon_meta']
[4.406s] Level 1:colcon.colcon_core.package_identification:_identify(/home/parsa/ros2_urdf_ws/src/my_robot_description) by extension 'colcon_meta'
[4.406s] Level 1:colcon.colcon_core.package_identification:_identify(/home/parsa/ros2_urdf_ws/src/my_robot_description) by extensions ['ros']
[4.406s] Level 1:colcon.colcon_core.package_identification:_identify(/home/parsa/ros2_urdf_ws/src/my_robot_description) by extension 'ros'
[4.408s] DEBUG:colcon.colcon_core.package_identification:Package '/home/parsa/ros2_urdf_ws/src/my_robot_description' with type 'ros.ament_cmake' and name 'my_robot_description'
[4.409s] Level 1:colcon.colcon_core.package_discovery:discover_packages(recursive) using defaults
